INFO: [VRFC 10-163] Analyzing VHDL file "F:/Xilinx/ZynqProjects/SpaceWire_IPs/spacewire-light-bciwf/SPWIPLogic/src/SPWIPLogic/SpwStream/SpwRam.vhd" into library SPWIP
INFO: [VRFC 10-3107] analyzing entity 'SpwRam'
INFO: [VRFC 10-163] Analyzing VHDL file "F:/Xilinx/ZynqProjects/SpaceWire_IPs/spacewire-light-bciwf/SPWIPLogic/src/SPWIPLogic/SpwStream/SpwXmit_fast/SyncDff.vhd" into library SPWIP
INFO: [VRFC 10-3107] analyzing entity 'SyncDff'
INFO: [VRFC 10-163] Analyzing VHDL file "F:/Xilinx/ZynqProjects/SpaceWire_IPs/spacewire_light-original/rtl/vhdl/spwpkg.vhd" into library xil_defaultlib
INFO: [VRFC 10-163] Analyzing VHDL file "F:/Xilinx/ZynqProjects/SpaceWire_IPs/spacewire_light-original/rtl/vhdl/spwlink.vhd" into library xil_defaultlib
INFO: [VRFC 10-3107] analyzing entity 'spwlink'
INFO: [VRFC 10-163] Analyzing VHDL file "F:/Xilinx/ZynqProjects/SpaceWire_IPs/spacewire_light-original/rtl/vhdl/spwram.vhd" into library xil_defaultlib
INFO: [VRFC 10-3107] analyzing entity 'spwram'
INFO: [VRFC 10-163] Analyzing VHDL file "F:/Xilinx/ZynqProjects/SpaceWire_IPs/spacewire_light-original/rtl/vhdl/spwrecv.vhd" into library xil_defaultlib
INFO: [VRFC 10-3107] analyzing entity 'spwrecv'
INFO: [VRFC 10-163] Analyzing VHDL file "F:/Xilinx/ZynqProjects/SpaceWire_IPs/spacewire_light-original/rtl/vhdl/spwrecvfront_fast.vhd" into library xil_defaultlib
INFO: [VRFC 10-3107] analyzing entity 'spwrecvfront_fast'
INFO: [VRFC 10-163] Analyzing VHDL file "F:/Xilinx/ZynqProjects/SpaceWire_IPs/spacewire_light-original/rtl/vhdl/spwrecvfront_generic.vhd" into library xil_defaultlib
INFO: [VRFC 10-3107] analyzing entity 'spwrecvfront_generic'
INFO: [VRFC 10-163] Analyzing VHDL file "F:/Xilinx/ZynqProjects/SpaceWire_IPs/spacewire_light-original/rtl/vhdl/spwstream.vhd" into library xil_defaultlib
INFO: [VRFC 10-3107] analyzing entity 'spwstream'
INFO: [VRFC 10-163] Analyzing VHDL file "F:/Xilinx/ZynqProjects/SpaceWire_IPs/spacewire_light-original/rtl/vhdl/spwxmit.vhd" into library xil_defaultlib
INFO: [VRFC 10-3107] analyzing entity 'spwxmit'
INFO: [VRFC 10-163] Analyzing VHDL file "F:/Xilinx/ZynqProjects/SpaceWire_IPs/spacewire_light-original/rtl/vhdl/spwxmit_fast.vhd" into library xil_defaultlib
INFO: [VRFC 10-3107] analyzing entity 'spwxmit_fast'
INFO: [VRFC 10-163] Analyzing VHDL file "F:/Xilinx/ZynqProjects/SpaceWire_IPs/spacewire_light-original/rtl/vhdl/syncdff.vhd" into library xil_defaultlib
INFO: [VRFC 10-3107] analyzing entity 'syncdff'
INFO: [VRFC 10-163] Analyzing VHDL file "F:/Xilinx/ZynqProjects/SpaceWire_IPs/SpaceWire_light-simulations/SpaceWire_light-simulations.srcs/default_link/new/default_link.vhd" into library xil_defaultlib
INFO: [VRFC 10-3107] analyzing entity 'default_link'
