#-----------------------------------------------------------
# Vivado v2024.1 (64-bit)
# SW Build 5076996 on Wed May 22 18:37:14 MDT 2024
# IP Build 5075265 on Wed May 22 21:45:21 MDT 2024
# SharedData Build 5076995 on Wed May 22 18:29:18 MDT 2024
# Start of session at: Thu Aug 22 11:34:14 2024
# Process ID: 16260
# Current directory: F:/Xilinx/ZynqProjects/SpaceWire_IPs/SpaceWire_light_AXI_old
# Command line: vivado.exe -gui_launcher_event rodinguilauncherevent25004 F:\Xilinx\ZynqProjects\SpaceWire_IPs\SpaceWire_light_AXI_old\edit_SpaceWire_light_AXI_v0_1.xpr
# Log file: F:/Xilinx/ZynqProjects/SpaceWire_IPs/SpaceWire_light_AXI_old/vivado.log
# Journal file: F:/Xilinx/ZynqProjects/SpaceWire_IPs/SpaceWire_light_AXI_old\vivado.jou
# Running On        :DESKTOP-MEH5DGT
# Platform          :Windows Server 2016 or Windows 10
# Operating System  :19045
# Processor Detail  :AMD Ryzen 5 3600 6-Core Processor              
# CPU Frequency     :3593 MHz
# CPU Physical cores:6
# CPU Logical cores :12
# Host memory       :17100 MB
# Swap memory       :4294 MB
# Total Virtual     :21395 MB
# Available Virtual :9777 MB
#-----------------------------------------------------------
start_gui
open_project F:/Xilinx/ZynqProjects/SpaceWire_IPs/SpaceWire_light_AXI_old/edit_SpaceWire_light_AXI_v0_1.xpr
WARNING: [Board 49-26] cannot add Board Part xilinx.com:kcu105:part0:1.6 available at F:/Xilinx/Vivado/2024.1/data/xhub/boards/XilinxBoardStore/boards/Xilinx/kcu105/1.6/board.xml as part xcku040-ffva1156-2-e specified in board_part file is either invalid or not available
WARNING: [Board 49-26] cannot add Board Part xilinx.com:kcu105:part0:1.7 available at F:/Xilinx/Vivado/2024.1/data/xhub/boards/XilinxBoardStore/boards/Xilinx/kcu105/1.7/board.xml as part xcku040-ffva1156-2-e specified in board_part file is either invalid or not available
WARNING: [Board 49-26] cannot add Board Part xilinx.com:kcu116:part0:1.4 available at F:/Xilinx/Vivado/2024.1/data/xhub/boards/XilinxBoardStore/boards/Xilinx/kcu116/1.4/board.xml as part xcku5p-ffvb676-2-e specified in board_part file is either invalid or not available
WARNING: [Board 49-26] cannot add Board Part xilinx.com:kcu116:part0:1.5 available at F:/Xilinx/Vivado/2024.1/data/xhub/boards/XilinxBoardStore/boards/Xilinx/kcu116/1.5/board.xml as part xcku5p-ffvb676-2-e specified in board_part file is either invalid or not available
WARNING: [Board 49-26] cannot add Board Part xilinx.com:vck190:part0:2.2 available at F:/Xilinx/Vivado/2024.1/data/xhub/boards/XilinxBoardStore/boards/Xilinx/vck190/production/2.2/board.xml as part xcvc1902-vsva2197-2mp-e-s specified in board_part file is either invalid or not available
WARNING: [Board 49-26] cannot add Board Part xilinx.com:vck190:part0:3.0 available at F:/Xilinx/Vivado/2024.1/data/xhub/boards/XilinxBoardStore/boards/Xilinx/vck190/production/3.0/board.xml as part xcvc1902-vsva2197-2mp-e-s specified in board_part file is either invalid or not available
WARNING: [Board 49-26] cannot add Board Part xilinx.com:vck190:part0:3.1 available at F:/Xilinx/Vivado/2024.1/data/xhub/boards/XilinxBoardStore/boards/Xilinx/vck190/production/3.1/board.xml as part xcvc1902-vsva2197-2mp-e-s specified in board_part file is either invalid or not available
WARNING: [Board 49-26] cannot add Board Part xilinx.com:vck190:part0:3.2 available at F:/Xilinx/Vivado/2024.1/data/xhub/boards/XilinxBoardStore/boards/Xilinx/vck190/production/3.2/board.xml as part xcvc1902-vsva2197-2mp-e-s specified in board_part file is either invalid or not available
WARNING: [Board 49-26] cannot add Board Part xilinx.com:vck190:part0:3.3 available at F:/Xilinx/Vivado/2024.1/data/xhub/boards/XilinxBoardStore/boards/Xilinx/vck190/production/3.3/board.xml as part xcvc1902-vsva2197-2mp-e-s specified in board_part file is either invalid or not available
WARNING: [Board 49-26] cannot add Board Part xilinx.com:vck190_newl:part0:1.0 available at F:/Xilinx/Vivado/2024.1/data/xhub/boards/XilinxBoardStore/boards/Xilinx/vck190_newl/production/1.0/board.xml as part xcvc1902-vsva2197-2mp-e-s specified in board_part file is either invalid or not available
WARNING: [Board 49-26] cannot add Board Part xilinx.com:vck190_newl:part0:1.1 available at F:/Xilinx/Vivado/2024.1/data/xhub/boards/XilinxBoardStore/boards/Xilinx/vck190_newl/production/1.1/board.xml as part xcvc1902-vsva2197-2mp-e-s specified in board_part file is either invalid or not available
WARNING: [Board 49-26] cannot add Board Part xilinx.com:vck190_newl:part0:1.2 available at F:/Xilinx/Vivado/2024.1/data/xhub/boards/XilinxBoardStore/boards/Xilinx/vck190_newl/production/1.2/board.xml as part xcvc1902-vsva2197-2mp-e-s specified in board_part file is either invalid or not available
WARNING: [Board 49-26] cannot add Board Part xilinx.com:vcu108:part0:1.6 available at F:/Xilinx/Vivado/2024.1/data/xhub/boards/XilinxBoardStore/boards/Xilinx/vcu108/1.6/board.xml as part xcvu095-ffva2104-2-e specified in board_part file is either invalid or not available
WARNING: [Board 49-26] cannot add Board Part xilinx.com:vcu108:part0:1.7 available at F:/Xilinx/Vivado/2024.1/data/xhub/boards/XilinxBoardStore/boards/Xilinx/vcu108/1.7/board.xml as part xcvu095-ffva2104-2-e specified in board_part file is either invalid or not available
WARNING: [Board 49-26] cannot add Board Part xilinx.com:vcu110:part0:1.4 available at F:/Xilinx/Vivado/2024.1/data/xhub/boards/XilinxBoardStore/boards/Xilinx/vcu110/1.4/board.xml as part xcvu190-flgc2104-2-e specified in board_part file is either invalid or not available
WARNING: [Board 49-26] cannot add Board Part xilinx.com:vcu128:part0:1.0 available at F:/Xilinx/Vivado/2024.1/data/xhub/boards/XilinxBoardStore/boards/Xilinx/vcu128/production/1.0/board.xml as part xcvu37p-fsvh2892-2l-e specified in board_part file is either invalid or not available
WARNING: [Board 49-26] cannot add Board Part xilinx.com:vcu129:part0:1.0 available at F:/Xilinx/Vivado/2024.1/data/xhub/boards/XilinxBoardStore/boards/Xilinx/vcu129/production/1.0/board.xml as part xcvu29p-fsga2577-2l-e specified in board_part file is either invalid or not available
WARNING: [Board 49-26] cannot add Board Part xilinx.com:vek280:part0:1.0 available at F:/Xilinx/Vivado/2024.1/data/xhub/boards/XilinxBoardStore/boards/Xilinx/vek280/production/1.0/board.xml as part xcve2802-vsvh1760-2mp-e-s specified in board_part file is either invalid or not available
WARNING: [Board 49-26] cannot add Board Part xilinx.com:vek280:part0:1.1 available at F:/Xilinx/Vivado/2024.1/data/xhub/boards/XilinxBoardStore/boards/Xilinx/vek280/production/1.1/board.xml as part xcve2802-vsvh1760-2mp-e-s specified in board_part file is either invalid or not available
WARNING: [Board 49-26] cannot add Board Part xilinx.com:vek280:part0:1.2 available at F:/Xilinx/Vivado/2024.1/data/xhub/boards/XilinxBoardStore/boards/Xilinx/vek280/production/1.2/board.xml as part xcve2802-vsvh1760-2mp-e-s specified in board_part file is either invalid or not available
WARNING: [Board 49-26] cannot add Board Part xilinx.com:vek280_es:part0:1.0 available at F:/Xilinx/Vivado/2024.1/data/xhub/boards/XilinxBoardStore/boards/Xilinx/vek280/es/rev_a/1.0/board.xml as part xcve2802-vsvh1760-2lp-e-s-es1 specified in board_part file is either invalid or not available
WARNING: [Board 49-26] cannot add Board Part xilinx.com:vek280_es:part0:1.1 available at F:/Xilinx/Vivado/2024.1/data/xhub/boards/XilinxBoardStore/boards/Xilinx/vek280/es/rev_a/1.1/board.xml as part xcve2802-vsvh1760-2lp-e-s-es1 specified in board_part file is either invalid or not available
WARNING: [Board 49-26] cannot add Board Part xilinx.com:vek280_es_revb:part0:1.0 available at F:/Xilinx/Vivado/2024.1/data/xhub/boards/XilinxBoardStore/boards/Xilinx/vek280/es/rev_b/1.0/board.xml as part xcve2802-vsvh1760-2mp-e-s-es1 specified in board_part file is either invalid or not available
WARNING: [Board 49-26] cannot add Board Part xilinx.com:vek280_es_revb:part0:1.1 available at F:/Xilinx/Vivado/2024.1/data/xhub/boards/XilinxBoardStore/boards/Xilinx/vek280/es/rev_b/1.1/board.xml as part xcve2802-vsvh1760-2mp-e-s-es1 specified in board_part file is either invalid or not available
WARNING: [Board 49-26] cannot add Board Part xilinx.com:vhk158:part0:1.0 available at F:/Xilinx/Vivado/2024.1/data/xhub/boards/XilinxBoardStore/boards/Xilinx/vhk158/production/1.0/board.xml as part xcvh1582-vsva3697-2mp-e-s specified in board_part file is either invalid or not available
WARNING: [Board 49-26] cannot add Board Part xilinx.com:vhk158:part0:1.1 available at F:/Xilinx/Vivado/2024.1/data/xhub/boards/XilinxBoardStore/boards/Xilinx/vhk158/production/1.1/board.xml as part xcvh1582-vsva3697-2mp-e-s specified in board_part file is either invalid or not available
WARNING: [Board 49-26] cannot add Board Part xilinx.com:vhk158_es:part0:1.0 available at F:/Xilinx/Vivado/2024.1/data/xhub/boards/XilinxBoardStore/boards/Xilinx/vhk158/es/1.0/board.xml as part xcvh1582-vsva3697-2mp-e-s-es1 specified in board_part file is either invalid or not available
WARNING: [Board 49-26] cannot add Board Part xilinx.com:vhk158_es:part0:1.1 available at F:/Xilinx/Vivado/2024.1/data/xhub/boards/XilinxBoardStore/boards/Xilinx/vhk158/es/1.1/board.xml as part xcvh1582-vsva3697-2mp-e-s-es1 specified in board_part file is either invalid or not available
WARNING: [Board 49-26] cannot add Board Part xilinx.com:vmk180:part0:2.2 available at F:/Xilinx/Vivado/2024.1/data/xhub/boards/XilinxBoardStore/boards/Xilinx/vmk180/production/2.2/board.xml as part xcvm1802-vsva2197-2mp-e-s specified in board_part file is either invalid or not available
WARNING: [Board 49-26] cannot add Board Part xilinx.com:vmk180:part0:3.0 available at F:/Xilinx/Vivado/2024.1/data/xhub/boards/XilinxBoardStore/boards/Xilinx/vmk180/production/3.0/board.xml as part xcvm1802-vsva2197-2mp-e-s specified in board_part file is either invalid or not available
WARNING: [Board 49-26] cannot add Board Part xilinx.com:vmk180:part0:3.1 available at F:/Xilinx/Vivado/2024.1/data/xhub/boards/XilinxBoardStore/boards/Xilinx/vmk180/production/3.1/board.xml as part xcvm1802-vsva2197-2mp-e-s specified in board_part file is either invalid or not available
WARNING: [Board 49-26] cannot add Board Part xilinx.com:vmk180:part0:3.2 available at F:/Xilinx/Vivado/2024.1/data/xhub/boards/XilinxBoardStore/boards/Xilinx/vmk180/production/3.2/board.xml as part xcvm1802-vsva2197-2mp-e-s specified in board_part file is either invalid or not available
WARNING: [Board 49-26] cannot add Board Part xilinx.com:vmk180_newl:part0:1.0 available at F:/Xilinx/Vivado/2024.1/data/xhub/boards/XilinxBoardStore/boards/Xilinx/vmk180_newl/production/1.0/board.xml as part xcvm1802-vsva2197-2mp-e-s specified in board_part file is either invalid or not available
WARNING: [Board 49-26] cannot add Board Part xilinx.com:vmk180_newl:part0:1.1 available at F:/Xilinx/Vivado/2024.1/data/xhub/boards/XilinxBoardStore/boards/Xilinx/vmk180_newl/production/1.1/board.xml as part xcvm1802-vsva2197-2mp-e-s specified in board_part file is either invalid or not available
WARNING: [Board 49-26] cannot add Board Part xilinx.com:vpk120:part0:1.0 available at F:/Xilinx/Vivado/2024.1/data/xhub/boards/XilinxBoardStore/boards/Xilinx/vpk120/production/1.0/board.xml as part xcvp1202-vsva2785-2mp-e-s specified in board_part file is either invalid or not available
WARNING: [Board 49-26] cannot add Board Part xilinx.com:vpk120:part0:1.1 available at F:/Xilinx/Vivado/2024.1/data/xhub/boards/XilinxBoardStore/boards/Xilinx/vpk120/production/1.1/board.xml as part xcvp1202-vsva2785-2mp-e-s specified in board_part file is either invalid or not available
WARNING: [Board 49-26] cannot add Board Part xilinx.com:vpk120:part0:1.2 available at F:/Xilinx/Vivado/2024.1/data/xhub/boards/XilinxBoardStore/boards/Xilinx/vpk120/production/1.2/board.xml as part xcvp1202-vsva2785-2mp-e-s specified in board_part file is either invalid or not available
WARNING: [Board 49-26] cannot add Board Part xilinx.com:vpk180:part0:1.0 available at F:/Xilinx/Vivado/2024.1/data/xhub/boards/XilinxBoardStore/boards/Xilinx/vpk180/production/1.0/board.xml as part xcvp1802-lsvc4072-2mp-e-s specified in board_part file is either invalid or not available
WARNING: [Board 49-26] cannot add Board Part xilinx.com:vpk180:part0:1.1 available at F:/Xilinx/Vivado/2024.1/data/xhub/boards/XilinxBoardStore/boards/Xilinx/vpk180/production/1.1/board.xml as part xcvp1802-lsvc4072-2mp-e-s specified in board_part file is either invalid or not available
WARNING: [Board 49-26] cannot add Board Part xilinx.com:vpk180:part0:1.2 available at F:/Xilinx/Vivado/2024.1/data/xhub/boards/XilinxBoardStore/boards/Xilinx/vpk180/production/1.2/board.xml as part xcvp1802-lsvc4072-2mp-e-s specified in board_part file is either invalid or not available
WARNING: [Board 49-26] cannot add Board Part xilinx.com:zcu208ld:part0:2.0 available at F:/Xilinx/Vivado/2024.1/data/xhub/boards/XilinxBoardStore/boards/Xilinx/zcu208ld/production/2.0/board.xml as part xczu58dr-fsvg1517-2-i specified in board_part file is either invalid or not available
WARNING: [Board 49-26] cannot add Board Part xilinx.com:zcu216ld:part0:2.0 available at F:/Xilinx/Vivado/2024.1/data/xhub/boards/XilinxBoardStore/boards/Xilinx/zcu216ld/production/2.0/board.xml as part xczu59dr-ffvf1760-2-i specified in board_part file is either invalid or not available
WARNING: [Board 49-26] cannot add Board Part xilinx.com:zcu670ld:part0:1.0 available at F:/Xilinx/Vivado/2024.1/data/xhub/boards/XilinxBoardStore/boards/Xilinx/zcu670ld/1.0/board.xml as part xczu57dr-fsve1156-2-i specified in board_part file is either invalid or not available
INFO: [Project 1-313] Project file moved from 'F:/Xilinx/ZynqProjects/SpaceWire_IPs' since last save.
WARNING: [filemgmt 56-3] IP Repository Path: Could not find the directory 'F:/Xilinx/ZynqProjects/SpaceWire_IPs/SpaceWire_light_AXI_old/SpaceWire_light_AXI/SpaceWire_light_AXI_0_2'.
CRITICAL WARNING: [Project 1-311] Could not find the file 'F:/Xilinx/ZynqProjects/SpaceWire_IPs/SpaceWire_light_AXI_old/edit_SpaceWire_light_AXI_v0_1.srcs/sources_1/SpwStream/Definitions/ModuleMap_pkg.vhd', nor could it be found using path 'F:/Xilinx/ZynqProjects/SpaceWire_IPs/edit_SpaceWire_light_AXI_v0_1.srcs/sources_1/SpwStream/Definitions/ModuleMap_pkg.vhd'.
CRITICAL WARNING: [Project 1-311] Could not find the file 'F:/Xilinx/ZynqProjects/SpaceWire_IPs/SpaceWire_light_AXI_old/edit_SpaceWire_light_AXI_v0_1.srcs/sources_1/SpwStream/Definitions/SpwRegisters_pkg.vhd', nor could it be found using path 'F:/Xilinx/ZynqProjects/SpaceWire_IPs/edit_SpaceWire_light_AXI_v0_1.srcs/sources_1/SpwStream/Definitions/SpwRegisters_pkg.vhd'.
CRITICAL WARNING: [Project 1-311] Could not find the file 'F:/Xilinx/ZynqProjects/SpaceWire_IPs/SpaceWire_light_AXI_old/edit_SpaceWire_light_AXI_v0_1.srcs/sources_1/SpwStream/SpwStream_pkg.vhd', nor could it be found using path 'F:/Xilinx/ZynqProjects/SpaceWire_IPs/edit_SpaceWire_light_AXI_v0_1.srcs/sources_1/SpwStream/SpwStream_pkg.vhd'.
CRITICAL WARNING: [Project 1-311] Could not find the file 'F:/Xilinx/ZynqProjects/SpaceWire_IPs/SpaceWire_light_AXI_old/edit_SpaceWire_light_AXI_v0_1.srcs/sources_1/SpwStream/Definitions/SpwProtocol_pkg.vhd', nor could it be found using path 'F:/Xilinx/ZynqProjects/SpaceWire_IPs/edit_SpaceWire_light_AXI_v0_1.srcs/sources_1/SpwStream/Definitions/SpwProtocol_pkg.vhd'.
CRITICAL WARNING: [Project 1-311] Could not find the file 'F:/Xilinx/ZynqProjects/SpaceWire_IPs/SpaceWire_light_AXI_old/edit_SpaceWire_light_AXI_v0_1.srcs/sources_1/SpwStream/SpwLink.vhd', nor could it be found using path 'F:/Xilinx/ZynqProjects/SpaceWire_IPs/edit_SpaceWire_light_AXI_v0_1.srcs/sources_1/SpwStream/SpwLink.vhd'.
CRITICAL WARNING: [Project 1-311] Could not find the file 'F:/Xilinx/ZynqProjects/SpaceWire_IPs/SpaceWire_light_AXI_old/edit_SpaceWire_light_AXI_v0_1.srcs/sources_1/SpwStream/SpwRam.vhd', nor could it be found using path 'F:/Xilinx/ZynqProjects/SpaceWire_IPs/edit_SpaceWire_light_AXI_v0_1.srcs/sources_1/SpwStream/SpwRam.vhd'.
CRITICAL WARNING: [Project 1-311] Could not find the file 'F:/Xilinx/ZynqProjects/SpaceWire_IPs/SpaceWire_light_AXI_old/edit_SpaceWire_light_AXI_v0_1.srcs/sources_1/SpwStream/SpwRecovClk.vhd', nor could it be found using path 'F:/Xilinx/ZynqProjects/SpaceWire_IPs/edit_SpaceWire_light_AXI_v0_1.srcs/sources_1/SpwStream/SpwRecovClk.vhd'.
CRITICAL WARNING: [Project 1-311] Could not find the file 'F:/Xilinx/ZynqProjects/SpaceWire_IPs/SpaceWire_light_AXI_old/edit_SpaceWire_light_AXI_v0_1.srcs/sources_1/SpwStream/SpwRecv.vhd', nor could it be found using path 'F:/Xilinx/ZynqProjects/SpaceWire_IPs/edit_SpaceWire_light_AXI_v0_1.srcs/sources_1/SpwStream/SpwRecv.vhd'.
CRITICAL WARNING: [Project 1-311] Could not find the file 'F:/Xilinx/ZynqProjects/SpaceWire_IPs/SpaceWire_light_AXI_old/edit_SpaceWire_light_AXI_v0_1.srcs/sources_1/SpwStream/SpwXmit_fast/SpwXmit_fast_pkg.vhd', nor could it be found using path 'F:/Xilinx/ZynqProjects/SpaceWire_IPs/edit_SpaceWire_light_AXI_v0_1.srcs/sources_1/SpwStream/SpwXmit_fast/SpwXmit_fast_pkg.vhd'.
CRITICAL WARNING: [Project 1-311] Could not find the file 'F:/Xilinx/ZynqProjects/SpaceWire_IPs/SpaceWire_light_AXI_old/edit_SpaceWire_light_AXI_v0_1.srcs/sources_1/SpwStream/SpwRecvFront/SpwRecvFrontXor.vhd', nor could it be found using path 'F:/Xilinx/ZynqProjects/SpaceWire_IPs/edit_SpaceWire_light_AXI_v0_1.srcs/sources_1/SpwStream/SpwRecvFront/SpwRecvFrontXor.vhd'.
CRITICAL WARNING: [Project 1-311] Could not find the file 'F:/Xilinx/ZynqProjects/SpaceWire_IPs/SpaceWire_light_AXI_old/edit_SpaceWire_light_AXI_v0_1.srcs/sources_1/SpwStream/SpwRecvFront/SpwRecvFront_pkg.vhd', nor could it be found using path 'F:/Xilinx/ZynqProjects/SpaceWire_IPs/edit_SpaceWire_light_AXI_v0_1.srcs/sources_1/SpwStream/SpwRecvFront/SpwRecvFront_pkg.vhd'.
CRITICAL WARNING: [Project 1-311] Could not find the file 'F:/Xilinx/ZynqProjects/SpaceWire_IPs/SpaceWire_light_AXI_old/edit_SpaceWire_light_AXI_v0_1.srcs/sources_1/SpwStream/SpwReset.vhd', nor could it be found using path 'F:/Xilinx/ZynqProjects/SpaceWire_IPs/edit_SpaceWire_light_AXI_v0_1.srcs/sources_1/SpwStream/SpwReset.vhd'.
CRITICAL WARNING: [Project 1-311] Could not find the file 'F:/Xilinx/ZynqProjects/SpaceWire_IPs/SpaceWire_light_AXI_old/edit_SpaceWire_light_AXI_v0_1.srcs/sources_1/SpwStream/SpwStream.vhd', nor could it be found using path 'F:/Xilinx/ZynqProjects/SpaceWire_IPs/edit_SpaceWire_light_AXI_v0_1.srcs/sources_1/SpwStream/SpwStream.vhd'.
CRITICAL WARNING: [Project 1-311] Could not find the file 'F:/Xilinx/ZynqProjects/SpaceWire_IPs/SpaceWire_light_AXI_old/edit_SpaceWire_light_AXI_v0_1.srcs/sources_1/SpwStream/SpwXmit_fast/SpwXmit_fast.vhd', nor could it be found using path 'F:/Xilinx/ZynqProjects/SpaceWire_IPs/edit_SpaceWire_light_AXI_v0_1.srcs/sources_1/SpwStream/SpwXmit_fast/SpwXmit_fast.vhd'.
CRITICAL WARNING: [Project 1-311] Could not find the file 'F:/Xilinx/ZynqProjects/SpaceWire_IPs/SpaceWire_light_AXI_old/edit_SpaceWire_light_AXI_v0_1.srcs/sources_1/SpwStream/SpwXmit_fast/SyncDff.vhd', nor could it be found using path 'F:/Xilinx/ZynqProjects/SpaceWire_IPs/edit_SpaceWire_light_AXI_v0_1.srcs/sources_1/SpwStream/SpwXmit_fast/SyncDff.vhd'.
Scanning sources...
Finished scanning sources
INFO: [IP_Flow 19-234] Refreshing IP repositories
WARNING: [IP_Flow 19-2248] Failed to load user IP repository 'f:/Xilinx/ZynqProjects/SpaceWire_IPs/SpaceWire_light_AXI_old/SpaceWire_light_AXI/SpaceWire_light_AXI_0_2'; Can't find the specified path.
If this directory should no longer be in your list of user repositories, go to the IP Settings dialog and remove it.
INFO: [IP_Flow 19-1700] Loaded user IP repository 'f:/Xilinx/ZynqProjects/SpaceWire_IPs/SpaceWire_light_AXI_old/SpaceWire_light_AXI_0_1'.
INFO: [IP_Flow 19-2313] Loaded Vivado IP repository 'F:/Xilinx/Vivado/2024.1/data/ip'.
WARNING: [BD 41-1661] One or more IPs have been locked in the design 'SW_pkg_tb.bd'. Please run report_ip_status for more details and recommendations on how to fix this issue.
List of locked IPs:
SW_pkg_tb_SpaceWire_light_AXI_0_1

open_project: Time (s): cpu = 00:00:23 ; elapsed = 00:00:12 . Memory (MB): peak = 1635.211 ; gain = 527.293
update_compile_order -fileset sources_1
ipx::open_ipxact_file {F:\Xilinx\ZynqProjects\SpaceWire_IPs\SpaceWire_light_AXI_old\SpaceWire_light_AXI_0_1\component.xml}
WARNING: [IP_Flow 19-3833] Unreferenced file from the top module is not packaged: 'F:/Xilinx/ZynqProjects/SpaceWire_IPs/SpaceWire_light_AXI_old/edit_SpaceWire_light_AXI_v0_1.srcs/sources_1/SpwStream/Definitions/ModuleMap_pkg.vhd'.
WARNING: [IP_Flow 19-3833] Unreferenced file from the top module is not packaged: 'F:/Xilinx/ZynqProjects/SpaceWire_IPs/SpaceWire_light_AXI_old/edit_SpaceWire_light_AXI_v0_1.srcs/sources_1/SpwStream/Definitions/SpwRegisters_pkg.vhd'.
WARNING: [IP_Flow 19-3833] Unreferenced file from the top module is not packaged: 'F:/Xilinx/ZynqProjects/SpaceWire_IPs/SpaceWire_light_AXI_old/edit_SpaceWire_light_AXI_v0_1.srcs/sources_1/SpwStream/SpwStream_pkg.vhd'.
WARNING: [IP_Flow 19-3833] Unreferenced file from the top module is not packaged: 'F:/Xilinx/ZynqProjects/SpaceWire_IPs/SpaceWire_light_AXI_old/edit_SpaceWire_light_AXI_v0_1.srcs/sources_1/SpwStream/Definitions/SpwProtocol_pkg.vhd'.
WARNING: [IP_Flow 19-3833] Unreferenced file from the top module is not packaged: 'F:/Xilinx/ZynqProjects/SpaceWire_IPs/SpaceWire_light_AXI_old/edit_SpaceWire_light_AXI_v0_1.srcs/sources_1/SpwStream/SpwLink.vhd'.
WARNING: [IP_Flow 19-3833] Unreferenced file from the top module is not packaged: 'F:/Xilinx/ZynqProjects/SpaceWire_IPs/SpaceWire_light_AXI_old/edit_SpaceWire_light_AXI_v0_1.srcs/sources_1/SpwStream/SpwRam.vhd'.
WARNING: [IP_Flow 19-3833] Unreferenced file from the top module is not packaged: 'F:/Xilinx/ZynqProjects/SpaceWire_IPs/SpaceWire_light_AXI_old/edit_SpaceWire_light_AXI_v0_1.srcs/sources_1/SpwStream/SpwRecovClk.vhd'.
WARNING: [IP_Flow 19-3833] Unreferenced file from the top module is not packaged: 'F:/Xilinx/ZynqProjects/SpaceWire_IPs/SpaceWire_light_AXI_old/edit_SpaceWire_light_AXI_v0_1.srcs/sources_1/SpwStream/SpwRecv.vhd'.
WARNING: [IP_Flow 19-3833] Unreferenced file from the top module is not packaged: 'F:/Xilinx/ZynqProjects/SpaceWire_IPs/SpaceWire_light_AXI_old/edit_SpaceWire_light_AXI_v0_1.srcs/sources_1/SpwStream/SpwXmit_fast/SpwXmit_fast_pkg.vhd'.
WARNING: [IP_Flow 19-3833] Unreferenced file from the top module is not packaged: 'F:/Xilinx/ZynqProjects/SpaceWire_IPs/SpaceWire_light_AXI_old/edit_SpaceWire_light_AXI_v0_1.srcs/sources_1/SpwStream/SpwRecvFront/SpwRecvFrontXor.vhd'.
WARNING: [IP_Flow 19-3833] Unreferenced file from the top module is not packaged: 'F:/Xilinx/ZynqProjects/SpaceWire_IPs/SpaceWire_light_AXI_old/edit_SpaceWire_light_AXI_v0_1.srcs/sources_1/SpwStream/SpwRecvFront/SpwRecvFront_pkg.vhd'.
WARNING: [IP_Flow 19-3833] Unreferenced file from the top module is not packaged: 'F:/Xilinx/ZynqProjects/SpaceWire_IPs/SpaceWire_light_AXI_old/edit_SpaceWire_light_AXI_v0_1.srcs/sources_1/SpwStream/SpwReset.vhd'.
WARNING: [IP_Flow 19-3833] Unreferenced file from the top module is not packaged: 'F:/Xilinx/ZynqProjects/SpaceWire_IPs/SpaceWire_light_AXI_old/edit_SpaceWire_light_AXI_v0_1.srcs/sources_1/SpwStream/SpwStream.vhd'.
WARNING: [IP_Flow 19-3833] Unreferenced file from the top module is not packaged: 'F:/Xilinx/ZynqProjects/SpaceWire_IPs/SpaceWire_light_AXI_old/edit_SpaceWire_light_AXI_v0_1.srcs/sources_1/SpwStream/SpwXmit_fast/SpwXmit_fast.vhd'.
WARNING: [IP_Flow 19-3833] Unreferenced file from the top module is not packaged: 'F:/Xilinx/ZynqProjects/SpaceWire_IPs/SpaceWire_light_AXI_old/edit_SpaceWire_light_AXI_v0_1.srcs/sources_1/SpwStream/SpwXmit_fast/SyncDff.vhd'.
WARNING: [IP_Flow 19-3833] Unreferenced file from the top module is not packaged: 'F:/Xilinx/ZynqProjects/SpaceWire_IPs/SpaceWire_light_AXI_old/edit_SpaceWire_light_AXI_v0_1.srcs/sources_1/bd/SW_pkg_tb/SW_pkg_tb.bd'.
WARNING: [IP_Flow 19-3898] File Group 'xilinx_vhdlsynthesis (VHDL Synthesis)': File 'f:/Xilinx/ZynqProjects/SpaceWire_IPs/SpaceWire_light_AXI_old/edit_SpaceWire_light_AXI_v0_1.srcs/sources_1/SpwStream/Definitions/ModuleMap_pkg.vhd' is not found in the project sources. It will be removed from the packaged IP when the sources are merged. If still required, please add this file to the project and re-package.
WARNING: [IP_Flow 19-3898] File Group 'xilinx_vhdlsynthesis (VHDL Synthesis)': File 'f:/Xilinx/ZynqProjects/SpaceWire_IPs/SpaceWire_light_AXI_old/edit_SpaceWire_light_AXI_v0_1.srcs/sources_1/SpwStream/Definitions/SpwRegisters_pkg.vhd' is not found in the project sources. It will be removed from the packaged IP when the sources are merged. If still required, please add this file to the project and re-package.
WARNING: [IP_Flow 19-3898] File Group 'xilinx_vhdlsynthesis (VHDL Synthesis)': File 'f:/Xilinx/ZynqProjects/SpaceWire_IPs/SpaceWire_light_AXI_old/edit_SpaceWire_light_AXI_v0_1.srcs/sources_1/SpwStream/SpwStream_pkg.vhd' is not found in the project sources. It will be removed from the packaged IP when the sources are merged. If still required, please add this file to the project and re-package.
WARNING: [IP_Flow 19-3898] File Group 'xilinx_vhdlsynthesis (VHDL Synthesis)': File 'f:/Xilinx/ZynqProjects/SpaceWire_IPs/SpaceWire_light_AXI_old/edit_SpaceWire_light_AXI_v0_1.srcs/sources_1/SpwStream/Definitions/SpwProtocol_pkg.vhd' is not found in the project sources. It will be removed from the packaged IP when the sources are merged. If still required, please add this file to the project and re-package.
WARNING: [IP_Flow 19-3898] File Group 'xilinx_vhdlsynthesis (VHDL Synthesis)': File 'f:/Xilinx/ZynqProjects/SpaceWire_IPs/SpaceWire_light_AXI_old/edit_SpaceWire_light_AXI_v0_1.srcs/sources_1/SpwStream/SpwLink.vhd' is not found in the project sources. It will be removed from the packaged IP when the sources are merged. If still required, please add this file to the project and re-package.
WARNING: [IP_Flow 19-3898] File Group 'xilinx_vhdlsynthesis (VHDL Synthesis)': File 'f:/Xilinx/ZynqProjects/SpaceWire_IPs/SpaceWire_light_AXI_old/edit_SpaceWire_light_AXI_v0_1.srcs/sources_1/SpwStream/SpwRam.vhd' is not found in the project sources. It will be removed from the packaged IP when the sources are merged. If still required, please add this file to the project and re-package.
WARNING: [IP_Flow 19-3898] File Group 'xilinx_vhdlsynthesis (VHDL Synthesis)': File 'f:/Xilinx/ZynqProjects/SpaceWire_IPs/SpaceWire_light_AXI_old/edit_SpaceWire_light_AXI_v0_1.srcs/sources_1/SpwStream/SpwRecovClk.vhd' is not found in the project sources. It will be removed from the packaged IP when the sources are merged. If still required, please add this file to the project and re-package.
WARNING: [IP_Flow 19-3898] File Group 'xilinx_vhdlsynthesis (VHDL Synthesis)': File 'f:/Xilinx/ZynqProjects/SpaceWire_IPs/SpaceWire_light_AXI_old/edit_SpaceWire_light_AXI_v0_1.srcs/sources_1/SpwStream/SpwRecv.vhd' is not found in the project sources. It will be removed from the packaged IP when the sources are merged. If still required, please add this file to the project and re-package.
WARNING: [IP_Flow 19-3898] File Group 'xilinx_vhdlsynthesis (VHDL Synthesis)': File 'f:/Xilinx/ZynqProjects/SpaceWire_IPs/SpaceWire_light_AXI_old/edit_SpaceWire_light_AXI_v0_1.srcs/sources_1/SpwStream/SpwXmit_fast/SpwXmit_fast_pkg.vhd' is not found in the project sources. It will be removed from the packaged IP when the sources are merged. If still required, please add this file to the project and re-package.
WARNING: [IP_Flow 19-3898] File Group 'xilinx_vhdlsynthesis (VHDL Synthesis)': File 'f:/Xilinx/ZynqProjects/SpaceWire_IPs/SpaceWire_light_AXI_old/edit_SpaceWire_light_AXI_v0_1.srcs/sources_1/SpwStream/SpwRecvFront/SpwRecvFrontXor.vhd' is not found in the project sources. It will be removed from the packaged IP when the sources are merged. If still required, please add this file to the project and re-package.
WARNING: [IP_Flow 19-3898] File Group 'xilinx_vhdlsynthesis (VHDL Synthesis)': File 'f:/Xilinx/ZynqProjects/SpaceWire_IPs/SpaceWire_light_AXI_old/edit_SpaceWire_light_AXI_v0_1.srcs/sources_1/SpwStream/SpwRecvFront/SpwRecvFront_pkg.vhd' is not found in the project sources. It will be removed from the packaged IP when the sources are merged. If still required, please add this file to the project and re-package.
WARNING: [IP_Flow 19-3898] File Group 'xilinx_vhdlsynthesis (VHDL Synthesis)': File 'f:/Xilinx/ZynqProjects/SpaceWire_IPs/SpaceWire_light_AXI_old/edit_SpaceWire_light_AXI_v0_1.srcs/sources_1/SpwStream/SpwReset.vhd' is not found in the project sources. It will be removed from the packaged IP when the sources are merged. If still required, please add this file to the project and re-package.
WARNING: [IP_Flow 19-3898] File Group 'xilinx_vhdlsynthesis (VHDL Synthesis)': File 'f:/Xilinx/ZynqProjects/SpaceWire_IPs/SpaceWire_light_AXI_old/edit_SpaceWire_light_AXI_v0_1.srcs/sources_1/SpwStream/SpwStream.vhd' is not found in the project sources. It will be removed from the packaged IP when the sources are merged. If still required, please add this file to the project and re-package.
WARNING: [IP_Flow 19-3898] File Group 'xilinx_vhdlsynthesis (VHDL Synthesis)': File 'f:/Xilinx/ZynqProjects/SpaceWire_IPs/SpaceWire_light_AXI_old/edit_SpaceWire_light_AXI_v0_1.srcs/sources_1/SpwStream/SpwXmit_fast/SpwXmit_fast.vhd' is not found in the project sources. It will be removed from the packaged IP when the sources are merged. If still required, please add this file to the project and re-package.
WARNING: [IP_Flow 19-3898] File Group 'xilinx_vhdlsynthesis (VHDL Synthesis)': File 'f:/Xilinx/ZynqProjects/SpaceWire_IPs/SpaceWire_light_AXI_old/edit_SpaceWire_light_AXI_v0_1.srcs/sources_1/SpwStream/SpwXmit_fast/SyncDff.vhd' is not found in the project sources. It will be removed from the packaged IP when the sources are merged. If still required, please add this file to the project and re-package.
WARNING: [IP_Flow 19-3898] File Group 'xilinx_vhdlbehavioralsimulation (VHDL Simulation)': File 'f:/Xilinx/ZynqProjects/SpaceWire_IPs/SpaceWire_light_AXI_old/edit_SpaceWire_light_AXI_v0_1.srcs/sources_1/SpwStream/Definitions/ModuleMap_pkg.vhd' is not found in the project sources. It will be removed from the packaged IP when the sources are merged. If still required, please add this file to the project and re-package.
WARNING: [IP_Flow 19-3898] File Group 'xilinx_vhdlbehavioralsimulation (VHDL Simulation)': File 'f:/Xilinx/ZynqProjects/SpaceWire_IPs/SpaceWire_light_AXI_old/edit_SpaceWire_light_AXI_v0_1.srcs/sources_1/SpwStream/Definitions/SpwRegisters_pkg.vhd' is not found in the project sources. It will be removed from the packaged IP when the sources are merged. If still required, please add this file to the project and re-package.
WARNING: [IP_Flow 19-3898] File Group 'xilinx_vhdlbehavioralsimulation (VHDL Simulation)': File 'f:/Xilinx/ZynqProjects/SpaceWire_IPs/SpaceWire_light_AXI_old/edit_SpaceWire_light_AXI_v0_1.srcs/sources_1/SpwStream/SpwStream_pkg.vhd' is not found in the project sources. It will be removed from the packaged IP when the sources are merged. If still required, please add this file to the project and re-package.
WARNING: [IP_Flow 19-3898] File Group 'xilinx_vhdlbehavioralsimulation (VHDL Simulation)': File 'f:/Xilinx/ZynqProjects/SpaceWire_IPs/SpaceWire_light_AXI_old/edit_SpaceWire_light_AXI_v0_1.srcs/sources_1/SpwStream/Definitions/SpwProtocol_pkg.vhd' is not found in the project sources. It will be removed from the packaged IP when the sources are merged. If still required, please add this file to the project and re-package.
WARNING: [IP_Flow 19-3898] File Group 'xilinx_vhdlbehavioralsimulation (VHDL Simulation)': File 'f:/Xilinx/ZynqProjects/SpaceWire_IPs/SpaceWire_light_AXI_old/edit_SpaceWire_light_AXI_v0_1.srcs/sources_1/SpwStream/SpwLink.vhd' is not found in the project sources. It will be removed from the packaged IP when the sources are merged. If still required, please add this file to the project and re-package.
WARNING: [IP_Flow 19-3898] File Group 'xilinx_vhdlbehavioralsimulation (VHDL Simulation)': File 'f:/Xilinx/ZynqProjects/SpaceWire_IPs/SpaceWire_light_AXI_old/edit_SpaceWire_light_AXI_v0_1.srcs/sources_1/SpwStream/SpwRam.vhd' is not found in the project sources. It will be removed from the packaged IP when the sources are merged. If still required, please add this file to the project and re-package.
WARNING: [IP_Flow 19-3898] File Group 'xilinx_vhdlbehavioralsimulation (VHDL Simulation)': File 'f:/Xilinx/ZynqProjects/SpaceWire_IPs/SpaceWire_light_AXI_old/edit_SpaceWire_light_AXI_v0_1.srcs/sources_1/SpwStream/SpwRecovClk.vhd' is not found in the project sources. It will be removed from the packaged IP when the sources are merged. If still required, please add this file to the project and re-package.
WARNING: [IP_Flow 19-3898] File Group 'xilinx_vhdlbehavioralsimulation (VHDL Simulation)': File 'f:/Xilinx/ZynqProjects/SpaceWire_IPs/SpaceWire_light_AXI_old/edit_SpaceWire_light_AXI_v0_1.srcs/sources_1/SpwStream/SpwRecv.vhd' is not found in the project sources. It will be removed from the packaged IP when the sources are merged. If still required, please add this file to the project and re-package.
WARNING: [IP_Flow 19-3898] File Group 'xilinx_vhdlbehavioralsimulation (VHDL Simulation)': File 'f:/Xilinx/ZynqProjects/SpaceWire_IPs/SpaceWire_light_AXI_old/edit_SpaceWire_light_AXI_v0_1.srcs/sources_1/SpwStream/SpwXmit_fast/SpwXmit_fast_pkg.vhd' is not found in the project sources. It will be removed from the packaged IP when the sources are merged. If still required, please add this file to the project and re-package.
WARNING: [IP_Flow 19-3898] File Group 'xilinx_vhdlbehavioralsimulation (VHDL Simulation)': File 'f:/Xilinx/ZynqProjects/SpaceWire_IPs/SpaceWire_light_AXI_old/edit_SpaceWire_light_AXI_v0_1.srcs/sources_1/SpwStream/SpwRecvFront/SpwRecvFrontXor.vhd' is not found in the project sources. It will be removed from the packaged IP when the sources are merged. If still required, please add this file to the project and re-package.
WARNING: [IP_Flow 19-3898] File Group 'xilinx_vhdlbehavioralsimulation (VHDL Simulation)': File 'f:/Xilinx/ZynqProjects/SpaceWire_IPs/SpaceWire_light_AXI_old/edit_SpaceWire_light_AXI_v0_1.srcs/sources_1/SpwStream/SpwRecvFront/SpwRecvFront_pkg.vhd' is not found in the project sources. It will be removed from the packaged IP when the sources are merged. If still required, please add this file to the project and re-package.
WARNING: [IP_Flow 19-3898] File Group 'xilinx_vhdlbehavioralsimulation (VHDL Simulation)': File 'f:/Xilinx/ZynqProjects/SpaceWire_IPs/SpaceWire_light_AXI_old/edit_SpaceWire_light_AXI_v0_1.srcs/sources_1/SpwStream/SpwReset.vhd' is not found in the project sources. It will be removed from the packaged IP when the sources are merged. If still required, please add this file to the project and re-package.
WARNING: [IP_Flow 19-3898] File Group 'xilinx_vhdlbehavioralsimulation (VHDL Simulation)': File 'f:/Xilinx/ZynqProjects/SpaceWire_IPs/SpaceWire_light_AXI_old/edit_SpaceWire_light_AXI_v0_1.srcs/sources_1/SpwStream/SpwStream.vhd' is not found in the project sources. It will be removed from the packaged IP when the sources are merged. If still required, please add this file to the project and re-package.
WARNING: [IP_Flow 19-3898] File Group 'xilinx_vhdlbehavioralsimulation (VHDL Simulation)': File 'f:/Xilinx/ZynqProjects/SpaceWire_IPs/SpaceWire_light_AXI_old/edit_SpaceWire_light_AXI_v0_1.srcs/sources_1/SpwStream/SpwXmit_fast/SpwXmit_fast.vhd' is not found in the project sources. It will be removed from the packaged IP when the sources are merged. If still required, please add this file to the project and re-package.
WARNING: [IP_Flow 19-3898] File Group 'xilinx_vhdlbehavioralsimulation (VHDL Simulation)': File 'f:/Xilinx/ZynqProjects/SpaceWire_IPs/SpaceWire_light_AXI_old/edit_SpaceWire_light_AXI_v0_1.srcs/sources_1/SpwStream/SpwXmit_fast/SyncDff.vhd' is not found in the project sources. It will be removed from the packaged IP when the sources are merged. If still required, please add this file to the project and re-package.
exit
INFO: [Common 17-206] Exiting Vivado at Thu Aug 22 13:53:25 2024...
