
*** Running vivado
    with args -log SpwStream.vdi -applog -m64 -product Vivado -messageDb vivado.pb -mode batch -source SpwStream.tcl -notrace



****** Vivado v2024.1 (64-bit)
  **** SW Build 5076996 on Wed May 22 18:37:14 MDT 2024
  **** IP Build 5075265 on Wed May 22 21:45:21 MDT 2024
  **** SharedData Build 5076995 on Wed May 22 18:29:18 MDT 2024
  **** Start of session at: Fri Aug 16 19:29:53 2024
    ** Copyright 1986-2022 Xilinx, Inc. All Rights Reserved.
    ** Copyright 2022-2024 Advanced Micro Devices, Inc. All Rights Reserved.

source SpwStream.tcl -notrace
create_project: Time (s): cpu = 00:00:07 ; elapsed = 00:00:08 . Memory (MB): peak = 575.668 ; gain = 235.836
INFO: [IP_Flow 19-234] Refreshing IP repositories
INFO: [IP_Flow 19-1700] Loaded user IP repository 'f:/Xilinx/ZynqProjects/ip_repo/SpaceWire_Light_AXI4_0_1'.
INFO: [IP_Flow 19-2313] Loaded Vivado IP repository 'F:/Xilinx/Vivado/2024.1/data/ip'.
Command: link_design -top SpwStream -part xc7z020clg484-1
Design is defaulting to srcset: sources_1
Design is defaulting to constrset: constrs_1
INFO: [Device 21-403] Loading part xc7z020clg484-1
INFO: [Device 21-9227] Part: xc7z020clg484-1 does not have CEAM library.
Netlist sorting complete. Time (s): cpu = 00:00:00 ; elapsed = 00:00:00.021 . Memory (MB): peak = 1014.508 ; gain = 0.000
INFO: [Netlist 29-17] Analyzing 220 Unisim elements for replacement
INFO: [Netlist 29-28] Unisim Transformation completed in 0 CPU seconds
INFO: [Project 1-479] Netlist was created with Vivado 2024.1
INFO: [Project 1-570] Preparing netlist for logic optimization
Read ShapeDB Complete: Time (s): cpu = 00:00:00 ; elapsed = 00:00:00.008 . Memory (MB): peak = 1110.336 ; gain = 0.656
Netlist sorting complete. Time (s): cpu = 00:00:00 ; elapsed = 00:00:00.001 . Memory (MB): peak = 1110.977 ; gain = 0.000
INFO: [Project 1-111] Unisim Transformation Summary:
No Unisim elements were transformed.

10 Infos, 0 Warnings, 0 Critical Warnings and 0 Errors encountered.
link_design completed successfully
link_design: Time (s): cpu = 00:00:06 ; elapsed = 00:00:06 . Memory (MB): peak = 1139.859 ; gain = 560.234
Command: opt_design
Attempting to get a license for feature 'Implementation' and/or device 'xc7z020'
INFO: [Common 17-349] Got license for feature 'Implementation' and/or device 'xc7z020'
Running DRC as a precondition to command opt_design

Starting DRC Task
INFO: [DRC 23-27] Running DRC with 2 threads
INFO: [Project 1-461] DRC finished with 0 Errors
INFO: [Project 1-462] Please refer to the DRC report (report_drc) for more information.

Time (s): cpu = 00:00:01 ; elapsed = 00:00:02 . Memory (MB): peak = 1170.180 ; gain = 30.320

Starting Cache Timing Information Task
INFO: [Timing 38-35] Done setting XDC timing constraints.
Ending Cache Timing Information Task | Checksum: 18b30d667

Time (s): cpu = 00:00:07 ; elapsed = 00:00:08 . Memory (MB): peak = 1718.316 ; gain = 548.137

Starting Logic Optimization Task

Phase 1 Initialization

Phase 1.1 Core Generation And Design Setup
Phase 1.1 Core Generation And Design Setup | Checksum: 18b30d667

Time (s): cpu = 00:00:00 ; elapsed = 00:00:00.015 . Memory (MB): peak = 2100.500 ; gain = 0.000

Phase 1.2 Setup Constraints And Sort Netlist
Phase 1.2 Setup Constraints And Sort Netlist | Checksum: 18b30d667

Time (s): cpu = 00:00:00 ; elapsed = 00:00:00.017 . Memory (MB): peak = 2100.500 ; gain = 0.000
Phase 1 Initialization | Checksum: 18b30d667

Time (s): cpu = 00:00:00 ; elapsed = 00:00:00.018 . Memory (MB): peak = 2100.500 ; gain = 0.000

Phase 2 Timer Update And Timing Data Collection

Phase 2.1 Timer Update
Phase 2.1 Timer Update | Checksum: 18b30d667

Time (s): cpu = 00:00:00 ; elapsed = 00:00:00.050 . Memory (MB): peak = 2100.500 ; gain = 0.000

Phase 2.2 Timing Data Collection
Phase 2.2 Timing Data Collection | Checksum: 18b30d667

Time (s): cpu = 00:00:00 ; elapsed = 00:00:00.118 . Memory (MB): peak = 2100.500 ; gain = 0.000
Phase 2 Timer Update And Timing Data Collection | Checksum: 18b30d667

Time (s): cpu = 00:00:00 ; elapsed = 00:00:00.118 . Memory (MB): peak = 2100.500 ; gain = 0.000

Phase 3 Retarget
INFO: [Opt 31-1834] Total Chains To Be Transformed Were: 0 AND Number of Transformed insts Created are: 0
INFO: [Opt 31-138] Pushed 0 inverter(s) to 0 load pin(s).
INFO: [Opt 31-49] Retargeted 0 cell(s).
Phase 3 Retarget | Checksum: 18b30d667

Time (s): cpu = 00:00:00 ; elapsed = 00:00:00.198 . Memory (MB): peak = 2100.500 ; gain = 0.000
Retarget | Checksum: 18b30d667
INFO: [Opt 31-389] Phase Retarget created 0 cells and removed 0 cells

Phase 4 Constant propagation
INFO: [Opt 31-138] Pushed 0 inverter(s) to 0 load pin(s).
Phase 4 Constant propagation | Checksum: 18b30d667

Time (s): cpu = 00:00:00 ; elapsed = 00:00:00.221 . Memory (MB): peak = 2100.500 ; gain = 0.000
Constant propagation | Checksum: 18b30d667
INFO: [Opt 31-389] Phase Constant propagation created 0 cells and removed 0 cells

Phase 5 Sweep
Phase 5 Sweep | Checksum: 1d2ff5779

Time (s): cpu = 00:00:00 ; elapsed = 00:00:00.236 . Memory (MB): peak = 2100.500 ; gain = 0.000
Sweep | Checksum: 1d2ff5779
INFO: [Opt 31-389] Phase Sweep created 0 cells and removed 0 cells

Phase 6 BUFG optimization
Phase 6 BUFG optimization | Checksum: 1d2ff5779

Time (s): cpu = 00:00:00 ; elapsed = 00:00:00.286 . Memory (MB): peak = 2100.500 ; gain = 0.000
BUFG optimization | Checksum: 1d2ff5779
INFO: [Opt 31-662] Phase BUFG optimization created 0 cells of which 0 are BUFGs and removed 0 cells.

Phase 7 Shift Register Optimization
INFO: [Opt 31-1064] SRL Remap converted 0 SRLs to 0 registers and converted 0 registers of register chains to 0 SRLs
Phase 7 Shift Register Optimization | Checksum: 1d2ff5779

Time (s): cpu = 00:00:00 ; elapsed = 00:00:00.292 . Memory (MB): peak = 2100.500 ; gain = 0.000
Shift Register Optimization | Checksum: 1d2ff5779
INFO: [Opt 31-389] Phase Shift Register Optimization created 0 cells and removed 0 cells

Phase 8 Post Processing Netlist
Phase 8 Post Processing Netlist | Checksum: 1d2ff5779

Time (s): cpu = 00:00:00 ; elapsed = 00:00:00.300 . Memory (MB): peak = 2100.500 ; gain = 0.000
Post Processing Netlist | Checksum: 1d2ff5779
INFO: [Opt 31-389] Phase Post Processing Netlist created 0 cells and removed 0 cells

Phase 9 Finalization

Phase 9.1 Finalizing Design Cores and Updating Shapes
Phase 9.1 Finalizing Design Cores and Updating Shapes | Checksum: e81ab0f6

Time (s): cpu = 00:00:00 ; elapsed = 00:00:00.306 . Memory (MB): peak = 2100.500 ; gain = 0.000

Phase 9.2 Verifying Netlist Connectivity

Starting Connectivity Check Task

Time (s): cpu = 00:00:00 ; elapsed = 00:00:00.003 . Memory (MB): peak = 2100.500 ; gain = 0.000
Phase 9.2 Verifying Netlist Connectivity | Checksum: e81ab0f6

Time (s): cpu = 00:00:00 ; elapsed = 00:00:00.309 . Memory (MB): peak = 2100.500 ; gain = 0.000
Phase 9 Finalization | Checksum: e81ab0f6

Time (s): cpu = 00:00:00 ; elapsed = 00:00:00.310 . Memory (MB): peak = 2100.500 ; gain = 0.000
Opt_design Change Summary
=========================


-------------------------------------------------------------------------------------------------------------------------
|  Phase                        |  #Cells created  |  #Cells Removed  |  #Constrained objects preventing optimizations  |
-------------------------------------------------------------------------------------------------------------------------
|  Retarget                     |               0  |               0  |                                              0  |
|  Constant propagation         |               0  |               0  |                                              0  |
|  Sweep                        |               0  |               0  |                                              0  |
|  BUFG optimization            |               0  |               0  |                                              0  |
|  Shift Register Optimization  |               0  |               0  |                                              0  |
|  Post Processing Netlist      |               0  |               0  |                                              0  |
-------------------------------------------------------------------------------------------------------------------------


Ending Logic Optimization Task | Checksum: e81ab0f6

Time (s): cpu = 00:00:00 ; elapsed = 00:00:00.311 . Memory (MB): peak = 2100.500 ; gain = 0.000

Starting Power Optimization Task
INFO: [Pwropt 34-132] Skipping clock gating for clocks with a period < 2.00 ns.
Ending Power Optimization Task | Checksum: e81ab0f6

Time (s): cpu = 00:00:00 ; elapsed = 00:00:00.073 . Memory (MB): peak = 2100.500 ; gain = 0.000

Starting Final Cleanup Task
Ending Final Cleanup Task | Checksum: e81ab0f6

Time (s): cpu = 00:00:00 ; elapsed = 00:00:00.001 . Memory (MB): peak = 2100.500 ; gain = 0.000

Starting Netlist Obfuscation Task
Netlist sorting complete. Time (s): cpu = 00:00:00 ; elapsed = 00:00:00 . Memory (MB): peak = 2100.500 ; gain = 0.000
Ending Netlist Obfuscation Task | Checksum: e81ab0f6

Time (s): cpu = 00:00:00 ; elapsed = 00:00:00.001 . Memory (MB): peak = 2100.500 ; gain = 0.000
INFO: [Common 17-83] Releasing license: Implementation
28 Infos, 0 Warnings, 0 Critical Warnings and 0 Errors encountered.
opt_design completed successfully
opt_design: Time (s): cpu = 00:00:11 ; elapsed = 00:00:13 . Memory (MB): peak = 2100.500 ; gain = 960.641
INFO: [Vivado 12-24828] Executing command : report_drc -file SpwStream_drc_opted.rpt -pb SpwStream_drc_opted.pb -rpx SpwStream_drc_opted.rpx
Command: report_drc -file SpwStream_drc_opted.rpt -pb SpwStream_drc_opted.pb -rpx SpwStream_drc_opted.rpx
INFO: [IP_Flow 19-1839] IP Catalog is up to date.
INFO: [DRC 23-27] Running DRC with 2 threads
INFO: [Vivado_Tcl 2-168] The results of DRC are in file F:/Xilinx/ZynqProjects/SpaceWire_light_OC/SpaceWire_light_OC.runs/impl_1/SpwStream_drc_opted.rpt.
report_drc completed successfully
Write ShapeDB Complete: Time (s): cpu = 00:00:00 ; elapsed = 00:00:00.005 . Memory (MB): peak = 2100.500 ; gain = 0.000
INFO: [Common 17-1381] The checkpoint 'F:/Xilinx/ZynqProjects/SpaceWire_light_OC/SpaceWire_light_OC.runs/impl_1/SpwStream_opt.dcp' has been generated.
Command: place_design
Attempting to get a license for feature 'Implementation' and/or device 'xc7z020'
INFO: [Common 17-349] Got license for feature 'Implementation' and/or device 'xc7z020'
INFO: [Common 17-83] Releasing license: Implementation
INFO: [DRC 23-27] Running DRC with 2 threads
INFO: [Vivado_Tcl 4-198] DRC finished with 0 Errors
INFO: [Vivado_Tcl 4-199] Please refer to the DRC report (report_drc) for more information.
Running DRC as a precondition to command place_design
INFO: [DRC 23-27] Running DRC with 2 threads
INFO: [Vivado_Tcl 4-198] DRC finished with 0 Errors
INFO: [Vivado_Tcl 4-199] Please refer to the DRC report (report_drc) for more information.
INFO: [Place 30-611] Multithreading enabled for place_design using a maximum of 2 CPUs

Starting Placer Task

Phase 1 Placer Initialization

Phase 1.1 Placer Initialization Netlist Sorting
Netlist sorting complete. Time (s): cpu = 00:00:00 ; elapsed = 00:00:00 . Memory (MB): peak = 2100.500 ; gain = 0.000
Phase 1.1 Placer Initialization Netlist Sorting | Checksum: d64bd147

Time (s): cpu = 00:00:00 ; elapsed = 00:00:00.042 . Memory (MB): peak = 2100.500 ; gain = 0.000
Netlist sorting complete. Time (s): cpu = 00:00:00 ; elapsed = 00:00:00 . Memory (MB): peak = 2100.500 ; gain = 0.000

Phase 1.2 IO Placement/ Clock Placement/ Build Placer Device
INFO: [Timing 38-35] Done setting XDC timing constraints.
Phase 1.2 IO Placement/ Clock Placement/ Build Placer Device | Checksum: 1b25c6932

Time (s): cpu = 00:00:02 ; elapsed = 00:00:01 . Memory (MB): peak = 2100.500 ; gain = 0.000

Phase 1.3 Build Placer Netlist Model
Phase 1.3 Build Placer Netlist Model | Checksum: 205dc0bb2

Time (s): cpu = 00:00:02 ; elapsed = 00:00:01 . Memory (MB): peak = 2100.500 ; gain = 0.000

Phase 1.4 Constrain Clocks/Macros
Phase 1.4 Constrain Clocks/Macros | Checksum: 205dc0bb2

Time (s): cpu = 00:00:02 ; elapsed = 00:00:01 . Memory (MB): peak = 2100.500 ; gain = 0.000
Phase 1 Placer Initialization | Checksum: 205dc0bb2

Time (s): cpu = 00:00:02 ; elapsed = 00:00:01 . Memory (MB): peak = 2100.500 ; gain = 0.000

Phase 2 Global Placement

Phase 2.1 Floorplanning
Phase 2.1 Floorplanning | Checksum: 205dc0bb2

Time (s): cpu = 00:00:02 ; elapsed = 00:00:01 . Memory (MB): peak = 2100.500 ; gain = 0.000

Phase 2.2 Update Timing before SLR Path Opt
Phase 2.2 Update Timing before SLR Path Opt | Checksum: 205dc0bb2

Time (s): cpu = 00:00:02 ; elapsed = 00:00:01 . Memory (MB): peak = 2100.500 ; gain = 0.000

Phase 2.3 Post-Processing in Floorplanning
Phase 2.3 Post-Processing in Floorplanning | Checksum: 205dc0bb2

Time (s): cpu = 00:00:02 ; elapsed = 00:00:01 . Memory (MB): peak = 2100.500 ; gain = 0.000

Phase 2.4 Global Placement Core
WARNING: [Place 46-29] Timing had been disabled during Placer and, therefore, physical synthesis in Placer will be skipped.
Phase 2.4 Global Placement Core | Checksum: 23847a4c6

Time (s): cpu = 00:00:04 ; elapsed = 00:00:03 . Memory (MB): peak = 2100.500 ; gain = 0.000
Phase 2 Global Placement | Checksum: 23847a4c6

Time (s): cpu = 00:00:04 ; elapsed = 00:00:03 . Memory (MB): peak = 2100.500 ; gain = 0.000

Phase 3 Detail Placement

Phase 3.1 Commit Multi Column Macros
Phase 3.1 Commit Multi Column Macros | Checksum: 23847a4c6

Time (s): cpu = 00:00:04 ; elapsed = 00:00:03 . Memory (MB): peak = 2100.500 ; gain = 0.000

Phase 3.2 Commit Most Macros & LUTRAMs
Phase 3.2 Commit Most Macros & LUTRAMs | Checksum: 13c45fef0

Time (s): cpu = 00:00:04 ; elapsed = 00:00:03 . Memory (MB): peak = 2100.500 ; gain = 0.000

Phase 3.3 Area Swap Optimization
Phase 3.3 Area Swap Optimization | Checksum: 1ec8c55bb

Time (s): cpu = 00:00:04 ; elapsed = 00:00:03 . Memory (MB): peak = 2100.500 ; gain = 0.000

Phase 3.4 Pipeline Register Optimization
Phase 3.4 Pipeline Register Optimization | Checksum: 153002c9e

Time (s): cpu = 00:00:04 ; elapsed = 00:00:03 . Memory (MB): peak = 2100.500 ; gain = 0.000

Phase 3.5 Small Shape Detail Placement
Phase 3.5 Small Shape Detail Placement | Checksum: 2420c4b38

Time (s): cpu = 00:00:05 ; elapsed = 00:00:03 . Memory (MB): peak = 2100.500 ; gain = 0.000

Phase 3.6 Re-assign LUT pins
Phase 3.6 Re-assign LUT pins | Checksum: 2420c4b38

Time (s): cpu = 00:00:05 ; elapsed = 00:00:03 . Memory (MB): peak = 2100.500 ; gain = 0.000

Phase 3.7 Pipeline Register Optimization
Phase 3.7 Pipeline Register Optimization | Checksum: 2420c4b38

Time (s): cpu = 00:00:05 ; elapsed = 00:00:03 . Memory (MB): peak = 2100.500 ; gain = 0.000
Phase 3 Detail Placement | Checksum: 2420c4b38

Time (s): cpu = 00:00:05 ; elapsed = 00:00:03 . Memory (MB): peak = 2100.500 ; gain = 0.000

Phase 4 Post Placement Optimization and Clean-Up

Phase 4.1 Post Commit Optimization
Phase 4.1 Post Commit Optimization | Checksum: 2420c4b38

Time (s): cpu = 00:00:05 ; elapsed = 00:00:04 . Memory (MB): peak = 2100.500 ; gain = 0.000

Phase 4.2 Post Placement Cleanup
Phase 4.2 Post Placement Cleanup | Checksum: 2420c4b38

Time (s): cpu = 00:00:05 ; elapsed = 00:00:04 . Memory (MB): peak = 2100.500 ; gain = 0.000

Phase 4.3 Placer Reporting

Phase 4.3.1 Print Estimated Congestion
INFO: [Place 30-612] Post-Placement Estimated Congestion 
 ____________________________________________________
|           | Global Congestion | Short Congestion  |
| Direction | Region Size       | Region Size       |
|___________|___________________|___________________|
|      North|                1x1|                1x1|
|___________|___________________|___________________|
|      South|                1x1|                1x1|
|___________|___________________|___________________|
|       East|                1x1|                1x1|
|___________|___________________|___________________|
|       West|                1x1|                1x1|
|___________|___________________|___________________|

Phase 4.3.1 Print Estimated Congestion | Checksum: 2420c4b38

Time (s): cpu = 00:00:05 ; elapsed = 00:00:04 . Memory (MB): peak = 2100.500 ; gain = 0.000
Phase 4.3 Placer Reporting | Checksum: 2420c4b38

Time (s): cpu = 00:00:05 ; elapsed = 00:00:04 . Memory (MB): peak = 2100.500 ; gain = 0.000

Phase 4.4 Final Placement Cleanup
Netlist sorting complete. Time (s): cpu = 00:00:00 ; elapsed = 00:00:00 . Memory (MB): peak = 2100.500 ; gain = 0.000

Time (s): cpu = 00:00:05 ; elapsed = 00:00:04 . Memory (MB): peak = 2100.500 ; gain = 0.000
Phase 4 Post Placement Optimization and Clean-Up | Checksum: 1bca7136b

Time (s): cpu = 00:00:05 ; elapsed = 00:00:04 . Memory (MB): peak = 2100.500 ; gain = 0.000
Ending Placer Task | Checksum: e6775a00

Time (s): cpu = 00:00:05 ; elapsed = 00:00:04 . Memory (MB): peak = 2100.500 ; gain = 0.000
44 Infos, 1 Warnings, 0 Critical Warnings and 0 Errors encountered.
place_design completed successfully
place_design: Time (s): cpu = 00:00:07 ; elapsed = 00:00:05 . Memory (MB): peak = 2100.500 ; gain = 0.000
INFO: [Vivado 12-24838] Running report commands "report_control_sets, report_io, report_utilization" in parallel.
Running report generation with 2 threads.
INFO: [Vivado 12-24828] Executing command : report_utilization -file SpwStream_utilization_placed.rpt -pb SpwStream_utilization_placed.pb
INFO: [Vivado 12-24828] Executing command : report_control_sets -verbose -file SpwStream_control_sets_placed.rpt
report_control_sets: Time (s): cpu = 00:00:00 ; elapsed = 00:00:00.015 . Memory (MB): peak = 2100.500 ; gain = 0.000
INFO: [Vivado 12-24828] Executing command : report_io -file SpwStream_io_placed.rpt
report_io: Time (s): cpu = 00:00:00 ; elapsed = 00:00:00.100 . Memory (MB): peak = 2100.500 ; gain = 0.000
Write ShapeDB Complete: Time (s): cpu = 00:00:01 ; elapsed = 00:00:00.007 . Memory (MB): peak = 2100.500 ; gain = 0.000
Wrote PlaceDB: Time (s): cpu = 00:00:00 ; elapsed = 00:00:00.204 . Memory (MB): peak = 2100.500 ; gain = 0.000
Wrote PulsedLatchDB: Time (s): cpu = 00:00:00 ; elapsed = 00:00:00 . Memory (MB): peak = 2100.500 ; gain = 0.000
Writing XDEF routing.
Writing XDEF routing logical nets.
Writing XDEF routing special nets.
Wrote RouteStorage: Time (s): cpu = 00:00:00 ; elapsed = 00:00:00.124 . Memory (MB): peak = 2100.500 ; gain = 0.000
Wrote Netlist Cache: Time (s): cpu = 00:00:00 ; elapsed = 00:00:00.004 . Memory (MB): peak = 2100.500 ; gain = 0.000
Wrote Device Cache: Time (s): cpu = 00:00:00 ; elapsed = 00:00:00.011 . Memory (MB): peak = 2100.500 ; gain = 0.000
Write Physdb Complete: Time (s): cpu = 00:00:00 ; elapsed = 00:00:00.352 . Memory (MB): peak = 2100.500 ; gain = 0.000
INFO: [Common 17-1381] The checkpoint 'F:/Xilinx/ZynqProjects/SpaceWire_light_OC/SpaceWire_light_OC.runs/impl_1/SpwStream_placed.dcp' has been generated.
Command: phys_opt_design
Attempting to get a license for feature 'Implementation' and/or device 'xc7z020'
INFO: [Common 17-349] Got license for feature 'Implementation' and/or device 'xc7z020'

Starting Initial Update Timing Task

Time (s): cpu = 00:00:00 ; elapsed = 00:00:00.162 . Memory (MB): peak = 2102.922 ; gain = 2.422
INFO: [Vivado_Tcl 4-235] No timing constraint found. The netlist was not modified.
INFO: [Common 17-83] Releasing license: Implementation
52 Infos, 1 Warnings, 0 Critical Warnings and 0 Errors encountered.
phys_opt_design completed successfully
Write ShapeDB Complete: Time (s): cpu = 00:00:00 ; elapsed = 00:00:00.006 . Memory (MB): peak = 2120.777 ; gain = 0.000
Wrote PlaceDB: Time (s): cpu = 00:00:01 ; elapsed = 00:00:00.201 . Memory (MB): peak = 2120.777 ; gain = 0.000
Wrote PulsedLatchDB: Time (s): cpu = 00:00:00 ; elapsed = 00:00:00 . Memory (MB): peak = 2120.777 ; gain = 0.000
Writing XDEF routing.
Writing XDEF routing logical nets.
Writing XDEF routing special nets.
Wrote RouteStorage: Time (s): cpu = 00:00:00 ; elapsed = 00:00:00.027 . Memory (MB): peak = 2120.777 ; gain = 0.000
Wrote Netlist Cache: Time (s): cpu = 00:00:00 ; elapsed = 00:00:00.004 . Memory (MB): peak = 2120.777 ; gain = 0.000
Wrote Device Cache: Time (s): cpu = 00:00:00 ; elapsed = 00:00:00.011 . Memory (MB): peak = 2120.777 ; gain = 0.000
Write Physdb Complete: Time (s): cpu = 00:00:01 ; elapsed = 00:00:00.250 . Memory (MB): peak = 2120.777 ; gain = 0.000
INFO: [Common 17-1381] The checkpoint 'F:/Xilinx/ZynqProjects/SpaceWire_light_OC/SpaceWire_light_OC.runs/impl_1/SpwStream_physopt.dcp' has been generated.
Command: route_design
Attempting to get a license for feature 'Implementation' and/or device 'xc7z020'
INFO: [Common 17-349] Got license for feature 'Implementation' and/or device 'xc7z020'
Running DRC as a precondition to command route_design
INFO: [DRC 23-27] Running DRC with 2 threads
INFO: [Vivado_Tcl 4-198] DRC finished with 0 Errors
INFO: [Vivado_Tcl 4-199] Please refer to the DRC report (report_drc) for more information.


Starting Routing Task
INFO: [Route 35-254] Multithreading enabled for route_design using a maximum of 8 CPUs

Phase 1 Build RT Design
Checksum: PlaceDB: 6edf69fe ConstDB: 0 ShapeSum: 619e7d12 RouteDB: 15f972f0
Post Restoration Checksum: NetGraph: df45822b | NumContArr: 83010e | Constraints: c2a8fa9d | Timing: c2a8fa9d
Phase 1 Build RT Design | Checksum: 2651a7873

Time (s): cpu = 00:00:25 ; elapsed = 00:00:23 . Memory (MB): peak = 2215.020 ; gain = 79.652

Phase 2 Router Initialization
INFO: [Route 35-64] No timing constraints were detected. The router will operate in resource-optimization mode.

Phase 2.1 Fix Topology Constraints
Phase 2.1 Fix Topology Constraints | Checksum: 2651a7873

Time (s): cpu = 00:00:25 ; elapsed = 00:00:23 . Memory (MB): peak = 2246.395 ; gain = 111.027

Phase 2.2 Pre Route Cleanup
Phase 2.2 Pre Route Cleanup | Checksum: 2651a7873

Time (s): cpu = 00:00:25 ; elapsed = 00:00:23 . Memory (MB): peak = 2246.398 ; gain = 111.031
 Number of Nodes with overlaps = 0

Router Utilization Summary
  Global Vertical Routing Utilization    = 0 %
  Global Horizontal Routing Utilization  = 0 %
  Routable Net Status*
  *Does not include unroutable nets such as driverless and loadless.
  Run report_route_status for detailed report.
  Number of Failed Nets               = 2187
    (Failed Nets is the sum of unrouted and partially routed nets)
  Number of Unrouted Nets             = 2187
  Number of Partially Routed Nets     = 0
  Number of Node Overlaps             = 0

Phase 2 Router Initialization | Checksum: 2de6d11b7

Time (s): cpu = 00:00:26 ; elapsed = 00:00:24 . Memory (MB): peak = 2325.508 ; gain = 190.141

Phase 3 Global Routing
Phase 3 Global Routing | Checksum: 2de6d11b7

Time (s): cpu = 00:00:26 ; elapsed = 00:00:24 . Memory (MB): peak = 2325.508 ; gain = 190.141

Phase 4 Initial Routing

Phase 4.1 Initial Net Routing Pass
Phase 4.1 Initial Net Routing Pass | Checksum: 2d92e8461

Time (s): cpu = 00:00:27 ; elapsed = 00:00:24 . Memory (MB): peak = 2325.508 ; gain = 190.141
Phase 4 Initial Routing | Checksum: 2d92e8461

Time (s): cpu = 00:00:27 ; elapsed = 00:00:24 . Memory (MB): peak = 2325.508 ; gain = 190.141

Phase 5 Rip-up And Reroute

Phase 5.1 Global Iteration 0
 Number of Nodes with overlaps = 143
 Number of Nodes with overlaps = 0
Phase 5.1 Global Iteration 0 | Checksum: 2ca2a4676

Time (s): cpu = 00:00:27 ; elapsed = 00:00:24 . Memory (MB): peak = 2325.508 ; gain = 190.141
Phase 5 Rip-up And Reroute | Checksum: 2ca2a4676

Time (s): cpu = 00:00:27 ; elapsed = 00:00:24 . Memory (MB): peak = 2325.508 ; gain = 190.141

Phase 6 Delay and Skew Optimization
Phase 6 Delay and Skew Optimization | Checksum: 2ca2a4676

Time (s): cpu = 00:00:27 ; elapsed = 00:00:24 . Memory (MB): peak = 2325.508 ; gain = 190.141

Phase 7 Post Hold Fix

Phase 7.1 Hold Fix Iter
Phase 7.1 Hold Fix Iter | Checksum: 2ca2a4676

Time (s): cpu = 00:00:27 ; elapsed = 00:00:24 . Memory (MB): peak = 2325.508 ; gain = 190.141
Phase 7 Post Hold Fix | Checksum: 2ca2a4676

Time (s): cpu = 00:00:27 ; elapsed = 00:00:24 . Memory (MB): peak = 2325.508 ; gain = 190.141

Phase 8 Route finalize

Router Utilization Summary
  Global Vertical Routing Utilization    = 0.38806 %
  Global Horizontal Routing Utilization  = 0.462559 %
  Routable Net Status*
  *Does not include unroutable nets such as driverless and loadless.
  Run report_route_status for detailed report.
  Number of Failed Nets               = 0
    (Failed Nets is the sum of unrouted and partially routed nets)
  Number of Unrouted Nets             = 0
  Number of Partially Routed Nets     = 0
  Number of Node Overlaps             = 0


--GLOBAL Congestion:
Utilization threshold used for congestion level computation: 0.85
Congestion Report
North Dir 1x1 Area, Max Cong = 27.9279%, No Congested Regions.
South Dir 1x1 Area, Max Cong = 33.3333%, No Congested Regions.
East Dir 1x1 Area, Max Cong = 36.7647%, No Congested Regions.
West Dir 1x1 Area, Max Cong = 44.1176%, No Congested Regions.

------------------------------
Reporting congestion hotspots
------------------------------
Direction: North
----------------
Congested clusters found at Level 0
Effective congestion level: 0 Aspect Ratio: 1 Sparse Ratio: 0
Direction: South
----------------
Congested clusters found at Level 0
Effective congestion level: 0 Aspect Ratio: 1 Sparse Ratio: 0
Direction: East
----------------
Congested clusters found at Level 0
Effective congestion level: 0 Aspect Ratio: 1 Sparse Ratio: 0
Direction: West
----------------
Congested clusters found at Level 0
Effective congestion level: 0 Aspect Ratio: 1 Sparse Ratio: 0

Phase 8 Route finalize | Checksum: 2ca2a4676

Time (s): cpu = 00:00:27 ; elapsed = 00:00:24 . Memory (MB): peak = 2325.508 ; gain = 190.141

Phase 9 Verifying routed nets

 Verification completed successfully
Phase 9 Verifying routed nets | Checksum: 2ca2a4676

Time (s): cpu = 00:00:27 ; elapsed = 00:00:24 . Memory (MB): peak = 2325.508 ; gain = 190.141

Phase 10 Depositing Routes
Phase 10 Depositing Routes | Checksum: 2f15d56bc

Time (s): cpu = 00:00:27 ; elapsed = 00:00:25 . Memory (MB): peak = 2325.508 ; gain = 190.141

Phase 11 Post Process Routing
Phase 11 Post Process Routing | Checksum: 2f15d56bc

Time (s): cpu = 00:00:27 ; elapsed = 00:00:25 . Memory (MB): peak = 2325.508 ; gain = 190.141
Total Elapsed time in route_design: 24.48 secs

Phase 12 Post-Route Event Processing
Phase 12 Post-Route Event Processing | Checksum: 15118129a

Time (s): cpu = 00:00:28 ; elapsed = 00:00:25 . Memory (MB): peak = 2325.508 ; gain = 190.141
INFO: [Route 35-16] Router Completed Successfully
Ending Routing Task | Checksum: 15118129a

Time (s): cpu = 00:00:28 ; elapsed = 00:00:25 . Memory (MB): peak = 2325.508 ; gain = 190.141

Routing Is Done.
INFO: [Common 17-83] Releasing license: Implementation
61 Infos, 1 Warnings, 0 Critical Warnings and 0 Errors encountered.
route_design completed successfully
route_design: Time (s): cpu = 00:00:30 ; elapsed = 00:00:26 . Memory (MB): peak = 2325.508 ; gain = 204.730
INFO: [Vivado 12-24828] Executing command : report_drc -file SpwStream_drc_routed.rpt -pb SpwStream_drc_routed.pb -rpx SpwStream_drc_routed.rpx
Command: report_drc -file SpwStream_drc_routed.rpt -pb SpwStream_drc_routed.pb -rpx SpwStream_drc_routed.rpx
INFO: [IP_Flow 19-1839] IP Catalog is up to date.
INFO: [DRC 23-27] Running DRC with 2 threads
INFO: [Vivado_Tcl 2-168] The results of DRC are in file F:/Xilinx/ZynqProjects/SpaceWire_light_OC/SpaceWire_light_OC.runs/impl_1/SpwStream_drc_routed.rpt.
report_drc completed successfully
INFO: [Vivado 12-24828] Executing command : report_methodology -file SpwStream_methodology_drc_routed.rpt -pb SpwStream_methodology_drc_routed.pb -rpx SpwStream_methodology_drc_routed.rpx
Command: report_methodology -file SpwStream_methodology_drc_routed.rpt -pb SpwStream_methodology_drc_routed.pb -rpx SpwStream_methodology_drc_routed.rpx
INFO: [Timing 38-35] Done setting XDC timing constraints.
INFO: [DRC 23-133] Running Methodology with 2 threads
INFO: [Vivado_Tcl 2-1520] The results of Report Methodology are in file F:/Xilinx/ZynqProjects/SpaceWire_light_OC/SpaceWire_light_OC.runs/impl_1/SpwStream_methodology_drc_routed.rpt.
report_methodology completed successfully
INFO: [Vivado 12-24828] Executing command : report_timing_summary -max_paths 10 -report_unconstrained -file SpwStream_timing_summary_routed.rpt -pb SpwStream_timing_summary_routed.pb -rpx SpwStream_timing_summary_routed.rpx -warn_on_violation 
INFO: [Timing 38-35] Done setting XDC timing constraints.
INFO: [Timing 38-91] UpdateTimingParams: Speed grade: -1, Delay Type: min_max.
INFO: [Timing 38-191] Multithreading enabled for timing update using a maximum of 2 CPUs
WARNING: [Timing 38-313] There are no user specified timing constraints. Timing constraints are needed for proper timing analysis.
INFO: [Vivado 12-24838] Running report commands "report_incremental_reuse, report_route_status" in parallel.
Running report generation with 2 threads.
INFO: [Vivado 12-24828] Executing command : report_incremental_reuse -file SpwStream_incremental_reuse_routed.rpt
INFO: [Vivado_Tcl 4-1062] Incremental flow is disabled. No incremental reuse Info to report.
INFO: [Vivado 12-24828] Executing command : report_route_status -file SpwStream_route_status.rpt -pb SpwStream_route_status.pb
INFO: [Vivado 12-24828] Executing command : report_power -file SpwStream_power_routed.rpt -pb SpwStream_power_summary_routed.pb -rpx SpwStream_power_routed.rpx
Command: report_power -file SpwStream_power_routed.rpt -pb SpwStream_power_summary_routed.pb -rpx SpwStream_power_routed.rpx
WARNING: [Power 33-232] No user defined clocks were found in the design! Power estimation will be inaccurate until this is corrected.
Resolution: Please specify clocks using create_clock/create_generated_clock for sequential elements. For pure combinatorial circuits, please specify a virtual clock, otherwise the vectorless estimation might be inaccurate
Running Vector-less Activity Propagation...

Finished Running Vector-less Activity Propagation
78 Infos, 3 Warnings, 0 Critical Warnings and 0 Errors encountered.
report_power completed successfully
INFO: [Vivado 12-24828] Executing command : report_clock_utilization -file SpwStream_clock_utilization_routed.rpt
WARNING: [Device 21-9320] Failed to find the Oracle tile group with name 'HSR_BOUNDARY_TOP'. This is required for Clock regions and Virtual grid.
WARNING: [Device 21-2174] Failed to initialize Virtual grid.
INFO: [Vivado 12-24828] Executing command : report_bus_skew -warn_on_violation -file SpwStream_bus_skew_routed.rpt -pb SpwStream_bus_skew_routed.pb -rpx SpwStream_bus_skew_routed.rpx
INFO: [Timing 38-91] UpdateTimingParams: Speed grade: -1, Delay Type: min_max.
INFO: [Timing 38-191] Multithreading enabled for timing update using a maximum of 2 CPUs
Write ShapeDB Complete: Time (s): cpu = 00:00:00 ; elapsed = 00:00:00.007 . Memory (MB): peak = 2325.508 ; gain = 0.000
Wrote PlaceDB: Time (s): cpu = 00:00:00 ; elapsed = 00:00:00.206 . Memory (MB): peak = 2325.508 ; gain = 0.000
Wrote PulsedLatchDB: Time (s): cpu = 00:00:00 ; elapsed = 00:00:00 . Memory (MB): peak = 2325.508 ; gain = 0.000
Writing XDEF routing.
Writing XDEF routing logical nets.
Writing XDEF routing special nets.
Wrote RouteStorage: Time (s): cpu = 00:00:00 ; elapsed = 00:00:00.049 . Memory (MB): peak = 2325.508 ; gain = 0.000
Wrote Netlist Cache: Time (s): cpu = 00:00:00 ; elapsed = 00:00:00.004 . Memory (MB): peak = 2325.508 ; gain = 0.000
Wrote Device Cache: Time (s): cpu = 00:00:00 ; elapsed = 00:00:00.010 . Memory (MB): peak = 2325.508 ; gain = 0.000
Write Physdb Complete: Time (s): cpu = 00:00:00 ; elapsed = 00:00:00.276 . Memory (MB): peak = 2325.508 ; gain = 0.000
INFO: [Common 17-1381] The checkpoint 'F:/Xilinx/ZynqProjects/SpaceWire_light_OC/SpaceWire_light_OC.runs/impl_1/SpwStream_routed.dcp' has been generated.
INFO: [Common 17-206] Exiting Vivado at Fri Aug 16 19:31:03 2024...
