
*** Running vivado
    with args -log SPW_ZynqSetup_wrapper.vdi -applog -m64 -product Vivado -messageDb vivado.pb -mode batch -source SPW_ZynqSetup_wrapper.tcl -notrace



****** Vivado v2024.1.2 (64-bit)
  **** SW Build 5164865 on Thu Sep  5 14:37:11 MDT 2024
  **** IP Build 5164407 on Fri Sep  6 08:18:11 MDT 2024
  **** SharedData Build 5164864 on Thu Sep 05 13:09:09 MDT 2024
  **** Start of session at: Tue Oct  8 20:11:32 2024
    ** Copyright 1986-2022 Xilinx, Inc. All Rights Reserved.
    ** Copyright 2022-2024 Advanced Micro Devices, Inc. All Rights Reserved.

source SPW_ZynqSetup_wrapper.tcl -notrace
create_project: Time (s): cpu = 00:00:08 ; elapsed = 00:00:08 . Memory (MB): peak = 579.625 ; gain = 174.141
INFO: [IP_Flow 19-234] Refreshing IP repositories
INFO: [IP_Flow 19-1700] Loaded user IP repository 'f:/Xilinx/ZynqProjects/SpaceWire_IPs/SpaceWire_light_AXI/SpaceWire_light_AXI_0_2'.
INFO: [IP_Flow 19-2313] Loaded Vivado IP repository 'F:/Xilinx/Vivado/2024.1/data/ip'.
WARNING: [IP_Flow 19-4995] The host OS only allows 260 characters in a normal path. The IP cache path is more than 80 characters. If you experience issues with IP caching, please consider changing the IP cache to a location with a shorter path. Alternately consider using the OS subst command to map part of the path to a drive letter. 
Current IP cache path is F:/Xilinx/ZynqProjects/SpaceWire_IPs/SpaceWire_light_AXI/edit_SpaceWire_light_AXI_v0_2.cache/ip 
Command: link_design -top SPW_ZynqSetup_wrapper -part xc7z020clg484-1
Design is defaulting to srcset: sources_1
Design is defaulting to constrset: constrs_1
INFO: [Device 21-403] Loading part xc7z020clg484-1
INFO: [Device 21-9227] Part: xc7z020clg484-1 does not have CEAM library.
INFO: [Project 1-454] Reading design checkpoint 'f:/Xilinx/ZynqProjects/SpaceWire_IPs/SpaceWire_light_AXI/edit_SpaceWire_light_AXI_v0_2.gen/sources_1/bd/SPW_ZynqSetup/ip/SPW_ZynqSetup_SpaceWire_light_AXI_0_0/SPW_ZynqSetup_SpaceWire_light_AXI_0_0.dcp' for cell 'SPW_ZynqSetup_i/SpaceWire_light_AXI_0'
INFO: [Project 1-454] Reading design checkpoint 'f:/Xilinx/ZynqProjects/SpaceWire_IPs/SpaceWire_light_AXI/edit_SpaceWire_light_AXI_v0_2.gen/sources_1/bd/SPW_ZynqSetup/ip/SPW_ZynqSetup_axi_dma_0_0/SPW_ZynqSetup_axi_dma_0_0.dcp' for cell 'SPW_ZynqSetup_i/axi_dma_0'
INFO: [Project 1-454] Reading design checkpoint 'f:/Xilinx/ZynqProjects/SpaceWire_IPs/SpaceWire_light_AXI/edit_SpaceWire_light_AXI_v0_2.gen/sources_1/bd/SPW_ZynqSetup/ip/SPW_ZynqSetup_clk_wiz_0_0/SPW_ZynqSetup_clk_wiz_0_0.dcp' for cell 'SPW_ZynqSetup_i/clk_wiz_0'
INFO: [Project 1-454] Reading design checkpoint 'f:/Xilinx/ZynqProjects/SpaceWire_IPs/SpaceWire_light_AXI/edit_SpaceWire_light_AXI_v0_2.gen/sources_1/bd/SPW_ZynqSetup/ip/SPW_ZynqSetup_processing_system7_0_0/SPW_ZynqSetup_processing_system7_0_0.dcp' for cell 'SPW_ZynqSetup_i/processing_system7_0'
INFO: [Project 1-454] Reading design checkpoint 'f:/Xilinx/ZynqProjects/SpaceWire_IPs/SpaceWire_light_AXI/edit_SpaceWire_light_AXI_v0_2.gen/sources_1/bd/SPW_ZynqSetup/ip/SPW_ZynqSetup_rst_ps7_0_100M_0/SPW_ZynqSetup_rst_ps7_0_100M_0.dcp' for cell 'SPW_ZynqSetup_i/rst_ps7_0_100M'
INFO: [Project 1-454] Reading design checkpoint 'f:/Xilinx/ZynqProjects/SpaceWire_IPs/SpaceWire_light_AXI/edit_SpaceWire_light_AXI_v0_2.gen/sources_1/bd/SPW_ZynqSetup/ip/SPW_ZynqSetup_xbar_0/SPW_ZynqSetup_xbar_0.dcp' for cell 'SPW_ZynqSetup_i/axi_mem_intercon/xbar'
INFO: [Project 1-454] Reading design checkpoint 'f:/Xilinx/ZynqProjects/SpaceWire_IPs/SpaceWire_light_AXI/edit_SpaceWire_light_AXI_v0_2.gen/sources_1/bd/SPW_ZynqSetup/ip/SPW_ZynqSetup_auto_pc_0/SPW_ZynqSetup_auto_pc_0.dcp' for cell 'SPW_ZynqSetup_i/axi_mem_intercon/m00_couplers/auto_pc'
INFO: [Project 1-454] Reading design checkpoint 'f:/Xilinx/ZynqProjects/SpaceWire_IPs/SpaceWire_light_AXI/edit_SpaceWire_light_AXI_v0_2.gen/sources_1/bd/SPW_ZynqSetup/ip/SPW_ZynqSetup_xbar_1/SPW_ZynqSetup_xbar_1.dcp' for cell 'SPW_ZynqSetup_i/ps7_0_axi_periph/xbar'
INFO: [Project 1-454] Reading design checkpoint 'f:/Xilinx/ZynqProjects/SpaceWire_IPs/SpaceWire_light_AXI/edit_SpaceWire_light_AXI_v0_2.gen/sources_1/bd/SPW_ZynqSetup/ip/SPW_ZynqSetup_auto_pc_1/SPW_ZynqSetup_auto_pc_1.dcp' for cell 'SPW_ZynqSetup_i/ps7_0_axi_periph/s00_couplers/auto_pc'
Netlist sorting complete. Time (s): cpu = 00:00:00 ; elapsed = 00:00:00.242 . Memory (MB): peak = 1091.895 ; gain = 0.000
INFO: [Netlist 29-17] Analyzing 120 Unisim elements for replacement
INFO: [Netlist 29-28] Unisim Transformation completed in 0 CPU seconds
INFO: [Project 1-479] Netlist was created with Vivado 2024.1.2
INFO: [Project 1-570] Preparing netlist for logic optimization
WARNING: [Opt 31-32] Removing redundant IBUF since it is not being driven by a top-level port. SPW_ZynqSetup_i/clk_wiz_0/inst/clkin1_ibufg 
Resolution: The tool has removed redundant IBUF. To resolve this warning, check for redundant IBUF in the input design.
WARNING: [Constraints 18-550] Could not create 'IBUF_LOW_PWR' constraint because net 'SPW_ZynqSetup_i/clk_wiz_0/clk_in1' is not directly connected to top level port. 'IBUF_LOW_PWR' is ignored for synthesis but preserved for implementation.
Parsing XDC File [f:/Xilinx/ZynqProjects/SpaceWire_IPs/SpaceWire_light_AXI/edit_SpaceWire_light_AXI_v0_2.gen/sources_1/bd/SPW_ZynqSetup/ip/SPW_ZynqSetup_axi_dma_0_0/SPW_ZynqSetup_axi_dma_0_0.xdc] for cell 'SPW_ZynqSetup_i/axi_dma_0/U0'
WARNING: [Vivado_Tcl 4-921] Waiver ID 'CDC-1' -to list should not be empty. [f:/Xilinx/ZynqProjects/SpaceWire_IPs/SpaceWire_light_AXI/edit_SpaceWire_light_AXI_v0_2.gen/sources_1/bd/SPW_ZynqSetup/ip/SPW_ZynqSetup_axi_dma_0_0/SPW_ZynqSetup_axi_dma_0_0.xdc:52]
WARNING: [Vivado_Tcl 4-921] Waiver ID 'CDC-1' -to list should not be empty. [f:/Xilinx/ZynqProjects/SpaceWire_IPs/SpaceWire_light_AXI/edit_SpaceWire_light_AXI_v0_2.gen/sources_1/bd/SPW_ZynqSetup/ip/SPW_ZynqSetup_axi_dma_0_0/SPW_ZynqSetup_axi_dma_0_0.xdc:56]
WARNING: [Vivado_Tcl 4-919] Waiver ID 'CDC-1' -from list should not be empty. [f:/Xilinx/ZynqProjects/SpaceWire_IPs/SpaceWire_light_AXI/edit_SpaceWire_light_AXI_v0_2.gen/sources_1/bd/SPW_ZynqSetup/ip/SPW_ZynqSetup_axi_dma_0_0/SPW_ZynqSetup_axi_dma_0_0.xdc:61]
Finished Parsing XDC File [f:/Xilinx/ZynqProjects/SpaceWire_IPs/SpaceWire_light_AXI/edit_SpaceWire_light_AXI_v0_2.gen/sources_1/bd/SPW_ZynqSetup/ip/SPW_ZynqSetup_axi_dma_0_0/SPW_ZynqSetup_axi_dma_0_0.xdc] for cell 'SPW_ZynqSetup_i/axi_dma_0/U0'
Parsing XDC File [f:/Xilinx/ZynqProjects/SpaceWire_IPs/SpaceWire_light_AXI/edit_SpaceWire_light_AXI_v0_2.gen/sources_1/bd/SPW_ZynqSetup/ip/SPW_ZynqSetup_processing_system7_0_0/SPW_ZynqSetup_processing_system7_0_0.xdc] for cell 'SPW_ZynqSetup_i/processing_system7_0/inst'
Finished Parsing XDC File [f:/Xilinx/ZynqProjects/SpaceWire_IPs/SpaceWire_light_AXI/edit_SpaceWire_light_AXI_v0_2.gen/sources_1/bd/SPW_ZynqSetup/ip/SPW_ZynqSetup_processing_system7_0_0/SPW_ZynqSetup_processing_system7_0_0.xdc] for cell 'SPW_ZynqSetup_i/processing_system7_0/inst'
Parsing XDC File [f:/Xilinx/ZynqProjects/SpaceWire_IPs/SpaceWire_light_AXI/edit_SpaceWire_light_AXI_v0_2.gen/sources_1/bd/SPW_ZynqSetup/ip/SPW_ZynqSetup_rst_ps7_0_100M_0/SPW_ZynqSetup_rst_ps7_0_100M_0_board.xdc] for cell 'SPW_ZynqSetup_i/rst_ps7_0_100M/U0'
Finished Parsing XDC File [f:/Xilinx/ZynqProjects/SpaceWire_IPs/SpaceWire_light_AXI/edit_SpaceWire_light_AXI_v0_2.gen/sources_1/bd/SPW_ZynqSetup/ip/SPW_ZynqSetup_rst_ps7_0_100M_0/SPW_ZynqSetup_rst_ps7_0_100M_0_board.xdc] for cell 'SPW_ZynqSetup_i/rst_ps7_0_100M/U0'
Parsing XDC File [f:/Xilinx/ZynqProjects/SpaceWire_IPs/SpaceWire_light_AXI/edit_SpaceWire_light_AXI_v0_2.gen/sources_1/bd/SPW_ZynqSetup/ip/SPW_ZynqSetup_rst_ps7_0_100M_0/SPW_ZynqSetup_rst_ps7_0_100M_0.xdc] for cell 'SPW_ZynqSetup_i/rst_ps7_0_100M/U0'
Finished Parsing XDC File [f:/Xilinx/ZynqProjects/SpaceWire_IPs/SpaceWire_light_AXI/edit_SpaceWire_light_AXI_v0_2.gen/sources_1/bd/SPW_ZynqSetup/ip/SPW_ZynqSetup_rst_ps7_0_100M_0/SPW_ZynqSetup_rst_ps7_0_100M_0.xdc] for cell 'SPW_ZynqSetup_i/rst_ps7_0_100M/U0'
Parsing XDC File [f:/Xilinx/ZynqProjects/SpaceWire_IPs/SpaceWire_light_AXI/edit_SpaceWire_light_AXI_v0_2.gen/sources_1/bd/SPW_ZynqSetup/ip/SPW_ZynqSetup_clk_wiz_0_0/SPW_ZynqSetup_clk_wiz_0_0_board.xdc] for cell 'SPW_ZynqSetup_i/clk_wiz_0/inst'
Finished Parsing XDC File [f:/Xilinx/ZynqProjects/SpaceWire_IPs/SpaceWire_light_AXI/edit_SpaceWire_light_AXI_v0_2.gen/sources_1/bd/SPW_ZynqSetup/ip/SPW_ZynqSetup_clk_wiz_0_0/SPW_ZynqSetup_clk_wiz_0_0_board.xdc] for cell 'SPW_ZynqSetup_i/clk_wiz_0/inst'
Parsing XDC File [f:/Xilinx/ZynqProjects/SpaceWire_IPs/SpaceWire_light_AXI/edit_SpaceWire_light_AXI_v0_2.gen/sources_1/bd/SPW_ZynqSetup/ip/SPW_ZynqSetup_clk_wiz_0_0/SPW_ZynqSetup_clk_wiz_0_0.xdc] for cell 'SPW_ZynqSetup_i/clk_wiz_0/inst'
INFO: [Timing 38-35] Done setting XDC timing constraints. [f:/Xilinx/ZynqProjects/SpaceWire_IPs/SpaceWire_light_AXI/edit_SpaceWire_light_AXI_v0_2.gen/sources_1/bd/SPW_ZynqSetup/ip/SPW_ZynqSetup_clk_wiz_0_0/SPW_ZynqSetup_clk_wiz_0_0.xdc:54]
INFO: [Timing 38-2] Deriving generated clocks [f:/Xilinx/ZynqProjects/SpaceWire_IPs/SpaceWire_light_AXI/edit_SpaceWire_light_AXI_v0_2.gen/sources_1/bd/SPW_ZynqSetup/ip/SPW_ZynqSetup_clk_wiz_0_0/SPW_ZynqSetup_clk_wiz_0_0.xdc:54]
get_clocks: Time (s): cpu = 00:00:07 ; elapsed = 00:00:07 . Memory (MB): peak = 1808.645 ; gain = 582.539
Finished Parsing XDC File [f:/Xilinx/ZynqProjects/SpaceWire_IPs/SpaceWire_light_AXI/edit_SpaceWire_light_AXI_v0_2.gen/sources_1/bd/SPW_ZynqSetup/ip/SPW_ZynqSetup_clk_wiz_0_0/SPW_ZynqSetup_clk_wiz_0_0.xdc] for cell 'SPW_ZynqSetup_i/clk_wiz_0/inst'
Parsing XDC File [F:/Xilinx/ZynqProjects/SpaceWire_IPs/SpaceWire_light_AXI/edit_SpaceWire_light_AXI_v0_2.srcs/constrs_1/new/SPW_mainclk.xdc]
WARNING: [Constraints 18-633] Creating clock virtual_rxclk with 2 sources. [F:/Xilinx/ZynqProjects/SpaceWire_IPs/SpaceWire_light_AXI/edit_SpaceWire_light_AXI_v0_2.srcs/constrs_1/new/SPW_mainclk.xdc:13]
Finished Parsing XDC File [F:/Xilinx/ZynqProjects/SpaceWire_IPs/SpaceWire_light_AXI/edit_SpaceWire_light_AXI_v0_2.srcs/constrs_1/new/SPW_mainclk.xdc]
Parsing XDC File [F:/Xilinx/ZynqProjects/SpaceWire_IPs/SpaceWire_light_AXI/edit_SpaceWire_light_AXI_v0_2.srcs/constrs_1/new/SPW_pins.xdc]
Finished Parsing XDC File [F:/Xilinx/ZynqProjects/SpaceWire_IPs/SpaceWire_light_AXI/edit_SpaceWire_light_AXI_v0_2.srcs/constrs_1/new/SPW_pins.xdc]
Parsing XDC File [f:/Xilinx/ZynqProjects/SpaceWire_IPs/SpaceWire_light_AXI/edit_SpaceWire_light_AXI_v0_2.gen/sources_1/bd/SPW_ZynqSetup/ip/SPW_ZynqSetup_axi_dma_0_0/SPW_ZynqSetup_axi_dma_0_0_clocks.xdc] for cell 'SPW_ZynqSetup_i/axi_dma_0/U0'
Finished Parsing XDC File [f:/Xilinx/ZynqProjects/SpaceWire_IPs/SpaceWire_light_AXI/edit_SpaceWire_light_AXI_v0_2.gen/sources_1/bd/SPW_ZynqSetup/ip/SPW_ZynqSetup_axi_dma_0_0/SPW_ZynqSetup_axi_dma_0_0_clocks.xdc] for cell 'SPW_ZynqSetup_i/axi_dma_0/U0'
INFO: [Project 1-1714] 6 XPM XDC files have been applied to the design.
INFO: [Opt 31-138] Pushed 0 inverter(s) to 0 load pin(s).
Netlist sorting complete. Time (s): cpu = 00:00:00 ; elapsed = 00:00:00.004 . Memory (MB): peak = 1808.645 ; gain = 0.000
INFO: [Project 1-111] Unisim Transformation Summary:
  A total of 5 instances were transformed.
  RAM32M => RAM32M (RAMD32(x6), RAMS32(x2)): 4 instances
  RAM32X1D => RAM32X1D (RAMD32(x2)): 1 instance 

23 Infos, 7 Warnings, 0 Critical Warnings and 0 Errors encountered.
link_design completed successfully
link_design: Time (s): cpu = 00:00:17 ; elapsed = 00:00:21 . Memory (MB): peak = 1808.645 ; gain = 1193.984
Command: opt_design
Attempting to get a license for feature 'Implementation' and/or device 'xc7z020'
INFO: [Common 17-349] Got license for feature 'Implementation' and/or device 'xc7z020'
Running DRC as a precondition to command opt_design

Starting DRC Task
INFO: [DRC 23-27] Running DRC with 2 threads
INFO: [Project 1-461] DRC finished with 0 Errors
INFO: [Project 1-462] Please refer to the DRC report (report_drc) for more information.

Time (s): cpu = 00:00:02 ; elapsed = 00:00:01 . Memory (MB): peak = 1808.645 ; gain = 0.000

Starting Cache Timing Information Task
WARNING: [Constraints 18-633] Creating clock virtual_rxclk with 2 sources. [F:/Xilinx/ZynqProjects/SpaceWire_IPs/SpaceWire_light_AXI/edit_SpaceWire_light_AXI_v0_2.srcs/constrs_1/new/SPW_mainclk.xdc:13]
INFO: [Timing 38-35] Done setting XDC timing constraints.
Ending Cache Timing Information Task | Checksum: 17e8234a5

Time (s): cpu = 00:00:00 ; elapsed = 00:00:00.318 . Memory (MB): peak = 1808.645 ; gain = 0.000

Starting Logic Optimization Task

Phase 1 Initialization

Phase 1.1 Core Generation And Design Setup
Phase 1.1 Core Generation And Design Setup | Checksum: 17e8234a5

Time (s): cpu = 00:00:00 ; elapsed = 00:00:00.003 . Memory (MB): peak = 2148.031 ; gain = 0.000

Phase 1.2 Setup Constraints And Sort Netlist
Phase 1.2 Setup Constraints And Sort Netlist | Checksum: 17e8234a5

Time (s): cpu = 00:00:00 ; elapsed = 00:00:00.011 . Memory (MB): peak = 2148.031 ; gain = 0.000
Phase 1 Initialization | Checksum: 17e8234a5

Time (s): cpu = 00:00:00 ; elapsed = 00:00:00.013 . Memory (MB): peak = 2148.031 ; gain = 0.000

Phase 2 Timer Update And Timing Data Collection

Phase 2.1 Timer Update
Phase 2.1 Timer Update | Checksum: 17e8234a5

Time (s): cpu = 00:00:00 ; elapsed = 00:00:00.137 . Memory (MB): peak = 2148.031 ; gain = 0.000

Phase 2.2 Timing Data Collection
Phase 2.2 Timing Data Collection | Checksum: 17e8234a5

Time (s): cpu = 00:00:00 ; elapsed = 00:00:00.154 . Memory (MB): peak = 2148.031 ; gain = 0.000
Phase 2 Timer Update And Timing Data Collection | Checksum: 17e8234a5

Time (s): cpu = 00:00:00 ; elapsed = 00:00:00.156 . Memory (MB): peak = 2148.031 ; gain = 0.000

Phase 3 Retarget
INFO: [Opt 31-1834] Total Chains To Be Transformed Were: 0 AND Number of Transformed insts Created are: 0
INFO: [Opt 31-1566] Pulled 8 inverters resulting in an inversion of 71 pins
INFO: [Opt 31-138] Pushed 4 inverter(s) to 9 load pin(s).
INFO: [Opt 31-49] Retargeted 0 cell(s).
Phase 3 Retarget | Checksum: 11ecd23d6

Time (s): cpu = 00:00:00 ; elapsed = 00:00:00.335 . Memory (MB): peak = 2148.031 ; gain = 0.000
Retarget | Checksum: 11ecd23d6
INFO: [Opt 31-389] Phase Retarget created 41 cells and removed 124 cells
INFO: [Opt 31-1021] In phase Retarget, 28 netlist objects are constrained preventing optimization. Please run opt_design with -debug_log to get more detail. 

Phase 4 Constant propagation
INFO: [Opt 31-138] Pushed 0 inverter(s) to 0 load pin(s).
Phase 4 Constant propagation | Checksum: 153b3fb41

Time (s): cpu = 00:00:00 ; elapsed = 00:00:00.422 . Memory (MB): peak = 2148.031 ; gain = 0.000
Constant propagation | Checksum: 153b3fb41
INFO: [Opt 31-389] Phase Constant propagation created 41 cells and removed 270 cells
INFO: [Opt 31-1021] In phase Constant propagation, 27 netlist objects are constrained preventing optimization. Please run opt_design with -debug_log to get more detail. 

Phase 5 Sweep
Phase 5 Sweep | Checksum: f357ea4f

Time (s): cpu = 00:00:01 ; elapsed = 00:00:00.669 . Memory (MB): peak = 2148.031 ; gain = 0.000
Sweep | Checksum: f357ea4f
INFO: [Opt 31-389] Phase Sweep created 0 cells and removed 206 cells
INFO: [Opt 31-1021] In phase Sweep, 97 netlist objects are constrained preventing optimization. Please run opt_design with -debug_log to get more detail. 

Phase 6 BUFG optimization
INFO: [Opt 31-194] Inserted BUFG SPW_ZynqSetup_i/SpaceWire_light_AXI_0/U0/SPW_IF/RECVFRONT_INST/FIFOMEM/CLK_BUFG_inst to drive 38 load(s) on clock net SPW_ZynqSetup_i/SpaceWire_light_AXI_0/U0/SPW_IF/RECVFRONT_INST/FIFOMEM/CLK_BUFG
INFO: [Opt 31-193] Inserted 1 BUFG(s) on clock nets
Phase 6 BUFG optimization | Checksum: f6dd6297

Time (s): cpu = 00:00:01 ; elapsed = 00:00:00.756 . Memory (MB): peak = 2148.031 ; gain = 0.000
BUFG optimization | Checksum: f6dd6297
INFO: [Opt 31-662] Phase BUFG optimization created 1 cells of which 1 are BUFGs and removed 0 cells.

Phase 7 Shift Register Optimization
INFO: [Opt 31-1064] SRL Remap converted 0 SRLs to 0 registers and converted 0 registers of register chains to 0 SRLs
Phase 7 Shift Register Optimization | Checksum: f6dd6297

Time (s): cpu = 00:00:01 ; elapsed = 00:00:00.810 . Memory (MB): peak = 2148.031 ; gain = 0.000
Shift Register Optimization | Checksum: f6dd6297
INFO: [Opt 31-389] Phase Shift Register Optimization created 0 cells and removed 0 cells

Phase 8 Post Processing Netlist
Phase 8 Post Processing Netlist | Checksum: 12a78c98f

Time (s): cpu = 00:00:01 ; elapsed = 00:00:00.845 . Memory (MB): peak = 2148.031 ; gain = 0.000
Post Processing Netlist | Checksum: 12a78c98f
INFO: [Opt 31-389] Phase Post Processing Netlist created 0 cells and removed 0 cells
INFO: [Opt 31-1021] In phase Post Processing Netlist, 33 netlist objects are constrained preventing optimization. Please run opt_design with -debug_log to get more detail. 

Phase 9 Finalization

Phase 9.1 Finalizing Design Cores and Updating Shapes
Phase 9.1 Finalizing Design Cores and Updating Shapes | Checksum: 1b98dcda2

Time (s): cpu = 00:00:01 ; elapsed = 00:00:01 . Memory (MB): peak = 2148.031 ; gain = 0.000

Phase 9.2 Verifying Netlist Connectivity

Starting Connectivity Check Task

Time (s): cpu = 00:00:00 ; elapsed = 00:00:00.009 . Memory (MB): peak = 2148.031 ; gain = 0.000
Phase 9.2 Verifying Netlist Connectivity | Checksum: 1b98dcda2

Time (s): cpu = 00:00:01 ; elapsed = 00:00:01 . Memory (MB): peak = 2148.031 ; gain = 0.000
Phase 9 Finalization | Checksum: 1b98dcda2

Time (s): cpu = 00:00:01 ; elapsed = 00:00:01 . Memory (MB): peak = 2148.031 ; gain = 0.000
Opt_design Change Summary
=========================


-------------------------------------------------------------------------------------------------------------------------
|  Phase                        |  #Cells created  |  #Cells Removed  |  #Constrained objects preventing optimizations  |
-------------------------------------------------------------------------------------------------------------------------
|  Retarget                     |              41  |             124  |                                             28  |
|  Constant propagation         |              41  |             270  |                                             27  |
|  Sweep                        |               0  |             206  |                                             97  |
|  BUFG optimization            |               1  |               0  |                                              0  |
|  Shift Register Optimization  |               0  |               0  |                                              0  |
|  Post Processing Netlist      |               0  |               0  |                                             33  |
-------------------------------------------------------------------------------------------------------------------------


Ending Logic Optimization Task | Checksum: 1b98dcda2

Time (s): cpu = 00:00:01 ; elapsed = 00:00:01 . Memory (MB): peak = 2148.031 ; gain = 0.000

Starting Power Optimization Task
INFO: [Pwropt 34-132] Skipping clock gating for clocks with a period < 2.00 ns.
INFO: [Pwropt 34-9] Applying IDT optimizations ...
INFO: [Pwropt 34-10] Applying ODC optimizations ...
WARNING: [Constraints 18-633] Creating clock virtual_rxclk with 2 sources. [F:/Xilinx/ZynqProjects/SpaceWire_IPs/SpaceWire_light_AXI/edit_SpaceWire_light_AXI_v0_2.srcs/constrs_1/new/SPW_mainclk.xdc:13]
INFO: [Timing 38-35] Done setting XDC timing constraints.
Running Vector-less Activity Propagation...

Finished Running Vector-less Activity Propagation


Starting PowerOpt Patch Enables Task
INFO: [Pwropt 34-162] WRITE_MODE attribute of 0 BRAM(s) out of a total of 4 has been updated to save power. Run report_power_opt to get a complete listing of the BRAMs updated.
INFO: [Pwropt 34-201] Structural ODC has moved 0 WE to EN ports
Number of BRAM Ports augmented: 3 newly gated: 2 Total Ports: 8
Number of Flops added for Enable Generation: 2

Ending PowerOpt Patch Enables Task | Checksum: 1daabe144

Time (s): cpu = 00:00:00 ; elapsed = 00:00:00.044 . Memory (MB): peak = 2295.918 ; gain = 0.000
Ending Power Optimization Task | Checksum: 1daabe144

Time (s): cpu = 00:00:03 ; elapsed = 00:00:02 . Memory (MB): peak = 2295.918 ; gain = 147.887

Starting Final Cleanup Task

Starting Logic Optimization Task
WARNING: [Constraints 18-633] Creating clock virtual_rxclk with 2 sources. [F:/Xilinx/ZynqProjects/SpaceWire_IPs/SpaceWire_light_AXI/edit_SpaceWire_light_AXI_v0_2.srcs/constrs_1/new/SPW_mainclk.xdc:13]
INFO: [Timing 38-35] Done setting XDC timing constraints.
Ending Logic Optimization Task | Checksum: 227be40ef

Time (s): cpu = 00:00:01 ; elapsed = 00:00:00.555 . Memory (MB): peak = 2295.918 ; gain = 0.000
Ending Final Cleanup Task | Checksum: 227be40ef

Time (s): cpu = 00:00:04 ; elapsed = 00:00:03 . Memory (MB): peak = 2295.918 ; gain = 0.000

Starting Netlist Obfuscation Task
Netlist sorting complete. Time (s): cpu = 00:00:00 ; elapsed = 00:00:00.004 . Memory (MB): peak = 2295.918 ; gain = 0.000
Ending Netlist Obfuscation Task | Checksum: 227be40ef

Time (s): cpu = 00:00:00 ; elapsed = 00:00:00.006 . Memory (MB): peak = 2295.918 ; gain = 0.000
INFO: [Common 17-83] Releasing license: Implementation
54 Infos, 10 Warnings, 0 Critical Warnings and 0 Errors encountered.
opt_design completed successfully
opt_design: Time (s): cpu = 00:00:13 ; elapsed = 00:00:11 . Memory (MB): peak = 2295.918 ; gain = 487.273
INFO: [Vivado 12-24828] Executing command : report_drc -file SPW_ZynqSetup_wrapper_drc_opted.rpt -pb SPW_ZynqSetup_wrapper_drc_opted.pb -rpx SPW_ZynqSetup_wrapper_drc_opted.rpx
Command: report_drc -file SPW_ZynqSetup_wrapper_drc_opted.rpt -pb SPW_ZynqSetup_wrapper_drc_opted.pb -rpx SPW_ZynqSetup_wrapper_drc_opted.rpx
INFO: [IP_Flow 19-1839] IP Catalog is up to date.
INFO: [DRC 23-27] Running DRC with 2 threads
INFO: [Vivado_Tcl 2-168] The results of DRC are in file F:/Xilinx/ZynqProjects/SpaceWire_IPs/SpaceWire_light_AXI/edit_SpaceWire_light_AXI_v0_2.runs/impl_3_Standard/SPW_ZynqSetup_wrapper_drc_opted.rpt.
report_drc completed successfully
WARNING: [Constraints 18-633] Creating clock virtual_rxclk with 2 sources. [F:/Xilinx/ZynqProjects/SpaceWire_IPs/SpaceWire_light_AXI/edit_SpaceWire_light_AXI_v0_2.srcs/constrs_1/new/SPW_mainclk.xdc:13]
INFO: [Timing 38-35] Done setting XDC timing constraints.
INFO: [Timing 38-480] Writing timing data to binary archive.
Write ShapeDB Complete: Time (s): cpu = 00:00:00 ; elapsed = 00:00:00.016 . Memory (MB): peak = 2295.918 ; gain = 0.000
Wrote PlaceDB: Time (s): cpu = 00:00:00 ; elapsed = 00:00:00.019 . Memory (MB): peak = 2295.918 ; gain = 0.000
Wrote PulsedLatchDB: Time (s): cpu = 00:00:00 ; elapsed = 00:00:00 . Memory (MB): peak = 2295.918 ; gain = 0.000
Writing XDEF routing.
Writing XDEF routing logical nets.
Writing XDEF routing special nets.
Wrote RouteStorage: Time (s): cpu = 00:00:00 ; elapsed = 00:00:00.072 . Memory (MB): peak = 2295.918 ; gain = 0.000
Wrote Netlist Cache: Time (s): cpu = 00:00:00 ; elapsed = 00:00:00 . Memory (MB): peak = 2295.918 ; gain = 0.000
Wrote Device Cache: Time (s): cpu = 00:00:01 ; elapsed = 00:00:00.015 . Memory (MB): peak = 2295.918 ; gain = 0.000
Write Physdb Complete: Time (s): cpu = 00:00:01 ; elapsed = 00:00:00.114 . Memory (MB): peak = 2295.918 ; gain = 0.000
INFO: [Common 17-1381] The checkpoint 'F:/Xilinx/ZynqProjects/SpaceWire_IPs/SpaceWire_light_AXI/edit_SpaceWire_light_AXI_v0_2.runs/impl_3_Standard/SPW_ZynqSetup_wrapper_opt.dcp' has been generated.
Command: place_design
Attempting to get a license for feature 'Implementation' and/or device 'xc7z020'
INFO: [Common 17-349] Got license for feature 'Implementation' and/or device 'xc7z020'
INFO: [Common 17-83] Releasing license: Implementation
INFO: [DRC 23-27] Running DRC with 2 threads
INFO: [Vivado_Tcl 4-198] DRC finished with 0 Errors
INFO: [Vivado_Tcl 4-199] Please refer to the DRC report (report_drc) for more information.
Running DRC as a precondition to command place_design
INFO: [DRC 23-27] Running DRC with 2 threads
INFO: [Vivado_Tcl 4-198] DRC finished with 0 Errors, 21 Warnings
INFO: [Vivado_Tcl 4-199] Please refer to the DRC report (report_drc) for more information.
INFO: [Place 30-611] Multithreading enabled for place_design using a maximum of 2 CPUs

Starting Placer Task

Phase 1 Placer Initialization

Phase 1.1 Placer Initialization Netlist Sorting
Netlist sorting complete. Time (s): cpu = 00:00:00 ; elapsed = 00:00:00.005 . Memory (MB): peak = 2295.918 ; gain = 0.000
Phase 1.1 Placer Initialization Netlist Sorting | Checksum: 13d089c28

Time (s): cpu = 00:00:00 ; elapsed = 00:00:00.010 . Memory (MB): peak = 2295.918 ; gain = 0.000
Netlist sorting complete. Time (s): cpu = 00:00:00 ; elapsed = 00:00:00.004 . Memory (MB): peak = 2295.918 ; gain = 0.000

Phase 1.2 IO Placement/ Clock Placement/ Build Placer Device
Phase 1.2 IO Placement/ Clock Placement/ Build Placer Device | Checksum: 18f610284

Time (s): cpu = 00:00:01 ; elapsed = 00:00:00.651 . Memory (MB): peak = 2295.918 ; gain = 0.000

Phase 1.3 Build Placer Netlist Model
Phase 1.3 Build Placer Netlist Model | Checksum: 243cd8a94

Time (s): cpu = 00:00:03 ; elapsed = 00:00:02 . Memory (MB): peak = 2295.918 ; gain = 0.000

Phase 1.4 Constrain Clocks/Macros
Phase 1.4 Constrain Clocks/Macros | Checksum: 243cd8a94

Time (s): cpu = 00:00:03 ; elapsed = 00:00:02 . Memory (MB): peak = 2295.918 ; gain = 0.000
Phase 1 Placer Initialization | Checksum: 243cd8a94

Time (s): cpu = 00:00:03 ; elapsed = 00:00:02 . Memory (MB): peak = 2295.918 ; gain = 0.000

Phase 2 Global Placement

Phase 2.1 Floorplanning
Phase 2.1 Floorplanning | Checksum: 227061611

Time (s): cpu = 00:00:03 ; elapsed = 00:00:02 . Memory (MB): peak = 2295.918 ; gain = 0.000

Phase 2.2 Update Timing before SLR Path Opt
Phase 2.2 Update Timing before SLR Path Opt | Checksum: 1f55bf6c8

Time (s): cpu = 00:00:03 ; elapsed = 00:00:02 . Memory (MB): peak = 2295.918 ; gain = 0.000

Phase 2.3 Post-Processing in Floorplanning
Phase 2.3 Post-Processing in Floorplanning | Checksum: 1f55bf6c8

Time (s): cpu = 00:00:04 ; elapsed = 00:00:02 . Memory (MB): peak = 2295.918 ; gain = 0.000

Phase 2.4 Global Placement Core

Phase 2.4.1 UpdateTiming Before Physical Synthesis
Phase 2.4.1 UpdateTiming Before Physical Synthesis | Checksum: 1d9f053bb

Time (s): cpu = 00:00:08 ; elapsed = 00:00:05 . Memory (MB): peak = 2295.918 ; gain = 0.000

Phase 2.4.2 Physical Synthesis In Placer
INFO: [Physopt 32-1035] Found 0 LUTNM shape to break, 238 LUT instances to create LUTNM shape
INFO: [Physopt 32-1044] Break lutnm for timing: one critical 0, two critical 0, total 0, new lutff created 0
INFO: [Physopt 32-1138] End 1 Pass. Optimized 85 nets or LUTs. Breaked 0 LUT, combined 85 existing LUTs and moved 0 existing LUT
INFO: [Physopt 32-65] No nets found for high-fanout optimization.
INFO: [Physopt 32-232] Optimized 0 net. Created 0 new instance.
INFO: [Physopt 32-775] End 1 Pass. Optimized 0 net or cell. Created 0 new cell, deleted 0 existing cell and moved 0 existing cell
INFO: [Physopt 32-670] No setup violation found.  DSP Register Optimization was not performed.
INFO: [Physopt 32-670] No setup violation found.  Shift Register to Pipeline Optimization was not performed.
INFO: [Physopt 32-670] No setup violation found.  Shift Register Optimization was not performed.
INFO: [Physopt 32-670] No setup violation found.  BRAM Register Optimization was not performed.
INFO: [Physopt 32-670] No setup violation found.  URAM Register Optimization was not performed.
INFO: [Physopt 32-949] No candidate nets found for dynamic/static region interface net replication
INFO: [Physopt 32-775] End 1 Pass. Optimized 0 net or cell. Created 0 new cell, deleted 0 existing cell and moved 0 existing cell
Netlist sorting complete. Time (s): cpu = 00:00:00 ; elapsed = 00:00:00.005 . Memory (MB): peak = 2295.918 ; gain = 0.000

Summary of Physical Synthesis Optimizations
============================================


-----------------------------------------------------------------------------------------------------------------------------------------------------------
|  Optimization                                     |  Added Cells  |  Removed Cells  |  Optimized Cells/Nets  |  Dont Touch  |  Iterations  |  Elapsed   |
-----------------------------------------------------------------------------------------------------------------------------------------------------------
|  LUT Combining                                    |            0  |             85  |                    85  |           0  |           1  |  00:00:00  |
|  Retime                                           |            0  |              0  |                     0  |           0  |           1  |  00:00:00  |
|  Very High Fanout                                 |            0  |              0  |                     0  |           0  |           1  |  00:00:00  |
|  DSP Register                                     |            0  |              0  |                     0  |           0  |           0  |  00:00:00  |
|  Shift Register to Pipeline                       |            0  |              0  |                     0  |           0  |           0  |  00:00:00  |
|  Shift Register                                   |            0  |              0  |                     0  |           0  |           0  |  00:00:00  |
|  BRAM Register                                    |            0  |              0  |                     0  |           0  |           0  |  00:00:00  |
|  URAM Register                                    |            0  |              0  |                     0  |           0  |           0  |  00:00:00  |
|  Dynamic/Static Region Interface Net Replication  |            0  |              0  |                     0  |           0  |           1  |  00:00:00  |
|  Total                                            |            0  |             85  |                    85  |           0  |           4  |  00:00:00  |
-----------------------------------------------------------------------------------------------------------------------------------------------------------


Phase 2.4.2 Physical Synthesis In Placer | Checksum: 1dfc8f6bd

Time (s): cpu = 00:00:09 ; elapsed = 00:00:05 . Memory (MB): peak = 2295.918 ; gain = 0.000
Phase 2.4 Global Placement Core | Checksum: b3451443

Time (s): cpu = 00:00:09 ; elapsed = 00:00:05 . Memory (MB): peak = 2295.918 ; gain = 0.000
Phase 2 Global Placement | Checksum: b3451443

Time (s): cpu = 00:00:09 ; elapsed = 00:00:05 . Memory (MB): peak = 2295.918 ; gain = 0.000

Phase 3 Detail Placement

Phase 3.1 Commit Multi Column Macros
Phase 3.1 Commit Multi Column Macros | Checksum: 1858fb8ba

Time (s): cpu = 00:00:09 ; elapsed = 00:00:06 . Memory (MB): peak = 2295.918 ; gain = 0.000

Phase 3.2 Commit Most Macros & LUTRAMs
Phase 3.2 Commit Most Macros & LUTRAMs | Checksum: 138364e07

Time (s): cpu = 00:00:10 ; elapsed = 00:00:06 . Memory (MB): peak = 2295.918 ; gain = 0.000

Phase 3.3 Area Swap Optimization
Phase 3.3 Area Swap Optimization | Checksum: e4e06a32

Time (s): cpu = 00:00:10 ; elapsed = 00:00:06 . Memory (MB): peak = 2295.918 ; gain = 0.000

Phase 3.4 Pipeline Register Optimization
Phase 3.4 Pipeline Register Optimization | Checksum: 513e885d

Time (s): cpu = 00:00:10 ; elapsed = 00:00:06 . Memory (MB): peak = 2295.918 ; gain = 0.000

Phase 3.5 Small Shape Detail Placement
Phase 3.5 Small Shape Detail Placement | Checksum: 146077f01

Time (s): cpu = 00:00:12 ; elapsed = 00:00:08 . Memory (MB): peak = 2295.918 ; gain = 0.000

Phase 3.6 Re-assign LUT pins
Phase 3.6 Re-assign LUT pins | Checksum: 1e6ce21e5

Time (s): cpu = 00:00:12 ; elapsed = 00:00:08 . Memory (MB): peak = 2295.918 ; gain = 0.000

Phase 3.7 Pipeline Register Optimization
Phase 3.7 Pipeline Register Optimization | Checksum: 121dd7503

Time (s): cpu = 00:00:12 ; elapsed = 00:00:08 . Memory (MB): peak = 2295.918 ; gain = 0.000
Phase 3 Detail Placement | Checksum: 121dd7503

Time (s): cpu = 00:00:12 ; elapsed = 00:00:08 . Memory (MB): peak = 2295.918 ; gain = 0.000

Phase 4 Post Placement Optimization and Clean-Up

Phase 4.1 Post Commit Optimization
WARNING: [Constraints 18-633] Creating clock virtual_rxclk with 2 sources. [F:/Xilinx/ZynqProjects/SpaceWire_IPs/SpaceWire_light_AXI/edit_SpaceWire_light_AXI_v0_2.srcs/constrs_1/new/SPW_mainclk.xdc:13]
INFO: [Timing 38-35] Done setting XDC timing constraints.

Phase 4.1.1 Post Placement Optimization
Post Placement Optimization Initialization | Checksum: c306cafe

Phase 4.1.1.1 BUFG Insertion

Starting Physical Synthesis Task

Phase 1 Physical Synthesis Initialization
INFO: [Physopt 32-721] Multithreading enabled for phys_opt_design using a maximum of 2 CPUs
INFO: [Physopt 32-619] Estimated Timing Summary | WNS=6.304 | TNS=0.000 |
Phase 1 Physical Synthesis Initialization | Checksum: 15acc3830

Time (s): cpu = 00:00:00 ; elapsed = 00:00:00.248 . Memory (MB): peak = 2295.918 ; gain = 0.000
INFO: [Place 46-56] BUFG insertion identified 0 candidate nets. Inserted BUFG: 0, Replicated BUFG Driver: 0, Skipped due to Placement/Routing Conflicts: 0, Skipped due to Timing Degradation: 0, Skipped due to netlist editing failed: 0.
Ending Physical Synthesis Task | Checksum: 197d4a79c

Time (s): cpu = 00:00:00 ; elapsed = 00:00:00.281 . Memory (MB): peak = 2295.918 ; gain = 0.000
Phase 4.1.1.1 BUFG Insertion | Checksum: c306cafe

Time (s): cpu = 00:00:14 ; elapsed = 00:00:09 . Memory (MB): peak = 2295.918 ; gain = 0.000

Phase 4.1.1.2 Post Placement Timing Optimization
INFO: [Place 30-746] Post Placement Timing Summary WNS=6.304. For the most accurate timing information please run report_timing.
Phase 4.1.1.2 Post Placement Timing Optimization | Checksum: 1a9ea0c1a

Time (s): cpu = 00:00:14 ; elapsed = 00:00:09 . Memory (MB): peak = 2295.918 ; gain = 0.000

Time (s): cpu = 00:00:14 ; elapsed = 00:00:09 . Memory (MB): peak = 2295.918 ; gain = 0.000
Phase 4.1 Post Commit Optimization | Checksum: 1a9ea0c1a

Time (s): cpu = 00:00:14 ; elapsed = 00:00:09 . Memory (MB): peak = 2295.918 ; gain = 0.000

Phase 4.2 Post Placement Cleanup
Phase 4.2 Post Placement Cleanup | Checksum: 1a9ea0c1a

Time (s): cpu = 00:00:14 ; elapsed = 00:00:10 . Memory (MB): peak = 2295.918 ; gain = 0.000

Phase 4.3 Placer Reporting

Phase 4.3.1 Print Estimated Congestion
INFO: [Place 30-612] Post-Placement Estimated Congestion 
 ____________________________________________________
|           | Global Congestion | Short Congestion  |
| Direction | Region Size       | Region Size       |
|___________|___________________|___________________|
|      North|                1x1|                1x1|
|___________|___________________|___________________|
|      South|                1x1|                1x1|
|___________|___________________|___________________|
|       East|                1x1|                1x1|
|___________|___________________|___________________|
|       West|                1x1|                1x1|
|___________|___________________|___________________|

Phase 4.3.1 Print Estimated Congestion | Checksum: 1a9ea0c1a

Time (s): cpu = 00:00:14 ; elapsed = 00:00:10 . Memory (MB): peak = 2295.918 ; gain = 0.000
Phase 4.3 Placer Reporting | Checksum: 1a9ea0c1a

Time (s): cpu = 00:00:14 ; elapsed = 00:00:10 . Memory (MB): peak = 2295.918 ; gain = 0.000

Phase 4.4 Final Placement Cleanup
Netlist sorting complete. Time (s): cpu = 00:00:00 ; elapsed = 00:00:00.004 . Memory (MB): peak = 2295.918 ; gain = 0.000

Time (s): cpu = 00:00:14 ; elapsed = 00:00:10 . Memory (MB): peak = 2295.918 ; gain = 0.000
Phase 4 Post Placement Optimization and Clean-Up | Checksum: 183e4c9b4

Time (s): cpu = 00:00:14 ; elapsed = 00:00:10 . Memory (MB): peak = 2295.918 ; gain = 0.000
Ending Placer Task | Checksum: 8719c06f

Time (s): cpu = 00:00:15 ; elapsed = 00:00:10 . Memory (MB): peak = 2295.918 ; gain = 0.000
89 Infos, 12 Warnings, 0 Critical Warnings and 0 Errors encountered.
place_design completed successfully
place_design: Time (s): cpu = 00:00:18 ; elapsed = 00:00:12 . Memory (MB): peak = 2295.918 ; gain = 0.000
INFO: [Vivado 12-24838] Running report commands "report_control_sets, report_io, report_utilization" in parallel.
Running report generation with 2 threads.
INFO: [Vivado 12-24828] Executing command : report_io -file SPW_ZynqSetup_wrapper_io_placed.rpt
report_io: Time (s): cpu = 00:00:00 ; elapsed = 00:00:00.073 . Memory (MB): peak = 2295.918 ; gain = 0.000
INFO: [Vivado 12-24828] Executing command : report_utilization -file SPW_ZynqSetup_wrapper_utilization_placed.rpt -pb SPW_ZynqSetup_wrapper_utilization_placed.pb
INFO: [Vivado 12-24828] Executing command : report_control_sets -verbose -file SPW_ZynqSetup_wrapper_control_sets_placed.rpt
report_control_sets: Time (s): cpu = 00:00:00 ; elapsed = 00:00:00.024 . Memory (MB): peak = 2295.918 ; gain = 0.000
INFO: [Timing 38-480] Writing timing data to binary archive.
Write ShapeDB Complete: Time (s): cpu = 00:00:00 ; elapsed = 00:00:00.027 . Memory (MB): peak = 2295.918 ; gain = 0.000
Wrote PlaceDB: Time (s): cpu = 00:00:01 ; elapsed = 00:00:00.495 . Memory (MB): peak = 2295.918 ; gain = 0.000
Wrote PulsedLatchDB: Time (s): cpu = 00:00:00 ; elapsed = 00:00:00 . Memory (MB): peak = 2295.918 ; gain = 0.000
Writing XDEF routing.
Writing XDEF routing logical nets.
Writing XDEF routing special nets.
Wrote RouteStorage: Time (s): cpu = 00:00:00 ; elapsed = 00:00:00.031 . Memory (MB): peak = 2295.918 ; gain = 0.000
Wrote Netlist Cache: Time (s): cpu = 00:00:00 ; elapsed = 00:00:00.010 . Memory (MB): peak = 2295.918 ; gain = 0.000
Wrote Device Cache: Time (s): cpu = 00:00:00 ; elapsed = 00:00:00.014 . Memory (MB): peak = 2295.918 ; gain = 0.000
Write Physdb Complete: Time (s): cpu = 00:00:01 ; elapsed = 00:00:00.557 . Memory (MB): peak = 2295.918 ; gain = 0.000
INFO: [Common 17-1381] The checkpoint 'F:/Xilinx/ZynqProjects/SpaceWire_IPs/SpaceWire_light_AXI/edit_SpaceWire_light_AXI_v0_2.runs/impl_3_Standard/SPW_ZynqSetup_wrapper_placed.dcp' has been generated.
Command: phys_opt_design
Attempting to get a license for feature 'Implementation' and/or device 'xc7z020'
INFO: [Common 17-349] Got license for feature 'Implementation' and/or device 'xc7z020'

Starting Initial Update Timing Task
WARNING: [Timing 38-172] LUT was found on clock network. Both rising/falling clock edges are propagated from LUT output pin. Use set_clock_sense to specify if that clock should be inverted or not. e.g. set_clock_sense -positive/-negative SPW_ZynqSetup_i/SpaceWire_light_AXI_0/U0/SPW_IF/RECVFRONT_INST/FIFOMEM/reset_reg[1]_i_1/O

Time (s): cpu = 00:00:02 ; elapsed = 00:00:00.745 . Memory (MB): peak = 2295.918 ; gain = 0.000
INFO: [Vivado_Tcl 4-2279] Estimated Timing Summary | WNS= 6.304 | TNS= 0.000 | 
INFO: [Vivado_Tcl 4-383] Design worst setup slack (WNS) is greater than or equal to 0.000 ns. All physical synthesis setup optimizations will be skipped.
INFO: [Vivado_Tcl 4-232] No setup violation found. The netlist was not modified.
INFO: [Common 17-83] Releasing license: Implementation
100 Infos, 13 Warnings, 0 Critical Warnings and 0 Errors encountered.
phys_opt_design completed successfully
INFO: [Timing 38-480] Writing timing data to binary archive.
Write ShapeDB Complete: Time (s): cpu = 00:00:00 ; elapsed = 00:00:00.030 . Memory (MB): peak = 2295.918 ; gain = 0.000
Wrote PlaceDB: Time (s): cpu = 00:00:01 ; elapsed = 00:00:00.499 . Memory (MB): peak = 2295.918 ; gain = 0.000
Wrote PulsedLatchDB: Time (s): cpu = 00:00:00 ; elapsed = 00:00:00 . Memory (MB): peak = 2295.918 ; gain = 0.000
Writing XDEF routing.
Writing XDEF routing logical nets.
Writing XDEF routing special nets.
Wrote RouteStorage: Time (s): cpu = 00:00:00 ; elapsed = 00:00:00.031 . Memory (MB): peak = 2295.918 ; gain = 0.000
Wrote Netlist Cache: Time (s): cpu = 00:00:00 ; elapsed = 00:00:00.010 . Memory (MB): peak = 2295.918 ; gain = 0.000
Wrote Device Cache: Time (s): cpu = 00:00:00 ; elapsed = 00:00:00.014 . Memory (MB): peak = 2295.918 ; gain = 0.000
Write Physdb Complete: Time (s): cpu = 00:00:01 ; elapsed = 00:00:00.561 . Memory (MB): peak = 2295.918 ; gain = 0.000
INFO: [Common 17-1381] The checkpoint 'F:/Xilinx/ZynqProjects/SpaceWire_IPs/SpaceWire_light_AXI/edit_SpaceWire_light_AXI_v0_2.runs/impl_3_Standard/SPW_ZynqSetup_wrapper_physopt.dcp' has been generated.
Command: route_design
Attempting to get a license for feature 'Implementation' and/or device 'xc7z020'
INFO: [Common 17-349] Got license for feature 'Implementation' and/or device 'xc7z020'
Running DRC as a precondition to command route_design
INFO: [DRC 23-27] Running DRC with 2 threads
INFO: [Vivado_Tcl 4-198] DRC finished with 0 Errors
INFO: [Vivado_Tcl 4-199] Please refer to the DRC report (report_drc) for more information.


Starting Routing Task
INFO: [Route 35-254] Multithreading enabled for route_design using a maximum of 8 CPUs

Phase 1 Build RT Design
Checksum: PlaceDB: 3cf6c4a5 ConstDB: 0 ShapeSum: 342988da RouteDB: 15f972f0
Post Restoration Checksum: NetGraph: e678a4c0 | NumContArr: a6e256a0 | Constraints: c2a8fa9d | Timing: c2a8fa9d
Phase 1 Build RT Design | Checksum: 312acf09a

Time (s): cpu = 00:00:26 ; elapsed = 00:00:22 . Memory (MB): peak = 2389.598 ; gain = 93.680

Phase 2 Router Initialization

Phase 2.1 Fix Topology Constraints
Phase 2.1 Fix Topology Constraints | Checksum: 312acf09a

Time (s): cpu = 00:00:26 ; elapsed = 00:00:22 . Memory (MB): peak = 2389.598 ; gain = 93.680

Phase 2.2 Pre Route Cleanup
Phase 2.2 Pre Route Cleanup | Checksum: 312acf09a

Time (s): cpu = 00:00:26 ; elapsed = 00:00:22 . Memory (MB): peak = 2389.598 ; gain = 93.680
 Number of Nodes with overlaps = 0

Phase 2.3 Update Timing
Phase 2.3 Update Timing | Checksum: 2e1b44559

Time (s): cpu = 00:00:29 ; elapsed = 00:00:24 . Memory (MB): peak = 2453.113 ; gain = 157.195
INFO: [Route 35-416] Intermediate Timing Summary | WNS=6.300  | TNS=0.000  | WHS=-5.402 | THS=-132.427|


Router Utilization Summary
  Global Vertical Routing Utilization    = 0 %
  Global Horizontal Routing Utilization  = 0.000169033 %
  Routable Net Status*
  *Does not include unroutable nets such as driverless and loadless.
  Run report_route_status for detailed report.
  Number of Failed Nets               = 5395
    (Failed Nets is the sum of unrouted and partially routed nets)
  Number of Unrouted Nets             = 5395
  Number of Partially Routed Nets     = 0
  Number of Node Overlaps             = 0

Phase 2 Router Initialization | Checksum: 23a49ac26

Time (s): cpu = 00:00:30 ; elapsed = 00:00:25 . Memory (MB): peak = 2458.125 ; gain = 162.207

Phase 3 Global Routing
Phase 3 Global Routing | Checksum: 23a49ac26

Time (s): cpu = 00:00:31 ; elapsed = 00:00:25 . Memory (MB): peak = 2458.125 ; gain = 162.207

Phase 4 Initial Routing

Phase 4.1 Initial Net Routing Pass
Phase 4.1 Initial Net Routing Pass | Checksum: 21e2edef6

Time (s): cpu = 00:00:32 ; elapsed = 00:00:25 . Memory (MB): peak = 2458.125 ; gain = 162.207
Phase 4 Initial Routing | Checksum: 21e2edef6

Time (s): cpu = 00:00:32 ; elapsed = 00:00:25 . Memory (MB): peak = 2458.125 ; gain = 162.207

Phase 5 Rip-up And Reroute

Phase 5.1 Global Iteration 0
 Number of Nodes with overlaps = 275
 Number of Nodes with overlaps = 1
 Number of Nodes with overlaps = 0
INFO: [Route 35-416] Intermediate Timing Summary | WNS=0.000  | TNS=0.000  | WHS=N/A    | THS=N/A    |

Phase 5.1 Global Iteration 0 | Checksum: 16601996d

Time (s): cpu = 00:00:35 ; elapsed = 00:00:26 . Memory (MB): peak = 2488.938 ; gain = 193.020

Phase 5.2 Global Iteration 1
 Number of Nodes with overlaps = 12
 Number of Nodes with overlaps = 5
 Number of Nodes with overlaps = 2
 Number of Nodes with overlaps = 0
INFO: [Route 35-416] Intermediate Timing Summary | WNS=0.215  | TNS=0.000  | WHS=N/A    | THS=N/A    |

Phase 5.2 Global Iteration 1 | Checksum: 1e2cb8f1e

Time (s): cpu = 00:00:35 ; elapsed = 00:00:26 . Memory (MB): peak = 2488.938 ; gain = 193.020
Phase 5 Rip-up And Reroute | Checksum: 1e2cb8f1e

Time (s): cpu = 00:00:35 ; elapsed = 00:00:26 . Memory (MB): peak = 2488.938 ; gain = 193.020

Phase 6 Delay and Skew Optimization

Phase 6.1 Delay CleanUp

Phase 6.1.1 Update Timing
Phase 6.1.1 Update Timing | Checksum: 25c92e9fc

Time (s): cpu = 00:00:36 ; elapsed = 00:00:27 . Memory (MB): peak = 2488.938 ; gain = 193.020
INFO: [Route 35-416] Intermediate Timing Summary | WNS=0.215  | TNS=0.000  | WHS=N/A    | THS=N/A    |

Phase 6.1 Delay CleanUp | Checksum: 25c92e9fc

Time (s): cpu = 00:00:36 ; elapsed = 00:00:27 . Memory (MB): peak = 2488.938 ; gain = 193.020

Phase 6.2 Clock Skew Optimization
Phase 6.2 Clock Skew Optimization | Checksum: 25c92e9fc

Time (s): cpu = 00:00:36 ; elapsed = 00:00:27 . Memory (MB): peak = 2488.938 ; gain = 193.020
Phase 6 Delay and Skew Optimization | Checksum: 25c92e9fc

Time (s): cpu = 00:00:36 ; elapsed = 00:00:27 . Memory (MB): peak = 2488.938 ; gain = 193.020

Phase 7 Post Hold Fix

Phase 7.1 Hold Fix Iter
INFO: [Route 35-416] Intermediate Timing Summary | WNS=0.215  | TNS=0.000  | WHS=-5.585 | THS=-21.910|

Phase 7.1 Hold Fix Iter | Checksum: 2203f0f7b

Time (s): cpu = 00:00:37 ; elapsed = 00:00:27 . Memory (MB): peak = 2488.938 ; gain = 193.020

Phase 7.2 Non Free Resource Hold Fix Iter
Phase 7.2 Non Free Resource Hold Fix Iter | Checksum: 2b2580fe6

Time (s): cpu = 00:00:37 ; elapsed = 00:00:27 . Memory (MB): peak = 2488.938 ; gain = 193.020
Phase 7 Post Hold Fix | Checksum: 2b2580fe6

Time (s): cpu = 00:00:37 ; elapsed = 00:00:27 . Memory (MB): peak = 2488.938 ; gain = 193.020

Phase 8 Route finalize

Router Utilization Summary
  Global Vertical Routing Utilization    = 0.937662 %
  Global Horizontal Routing Utilization  = 1.07725 %
  Routable Net Status*
  *Does not include unroutable nets such as driverless and loadless.
  Run report_route_status for detailed report.
  Number of Failed Nets               = 0
    (Failed Nets is the sum of unrouted and partially routed nets)
  Number of Unrouted Nets             = 0
  Number of Partially Routed Nets     = 0
  Number of Node Overlaps             = 0

Phase 8 Route finalize | Checksum: 2b2580fe6

Time (s): cpu = 00:00:37 ; elapsed = 00:00:27 . Memory (MB): peak = 2488.938 ; gain = 193.020

Phase 9 Verifying routed nets

 Verification completed successfully
Phase 9 Verifying routed nets | Checksum: 2b2580fe6

Time (s): cpu = 00:00:37 ; elapsed = 00:00:27 . Memory (MB): peak = 2488.938 ; gain = 193.020

Phase 10 Depositing Routes
Phase 10 Depositing Routes | Checksum: 2c84e63df

Time (s): cpu = 00:00:38 ; elapsed = 00:00:28 . Memory (MB): peak = 2488.938 ; gain = 193.020

Phase 11 Post Process Routing
Phase 11 Post Process Routing | Checksum: 2c84e63df

Time (s): cpu = 00:00:38 ; elapsed = 00:00:28 . Memory (MB): peak = 2488.938 ; gain = 193.020

Phase 12 Post Router Timing

Phase 12.1 Update Timing
Phase 12.1 Update Timing | Checksum: 2c84e63df

Time (s): cpu = 00:00:38 ; elapsed = 00:00:28 . Memory (MB): peak = 2488.938 ; gain = 193.020
INFO: [Route 35-57] Estimated Timing Summary | WNS=0.230  | TNS=0.000  | WHS=0.056  | THS=0.000  |

INFO: [Route 35-327] The final timing numbers are based on the router estimated timing analysis. For a complete and accurate timing signoff, please run report_timing_summary.
Phase 12 Post Router Timing | Checksum: 2c84e63df

Time (s): cpu = 00:00:38 ; elapsed = 00:00:28 . Memory (MB): peak = 2488.938 ; gain = 193.020
Total Elapsed time in route_design: 27.933 secs

Phase 13 Post-Route Event Processing
Phase 13 Post-Route Event Processing | Checksum: 200ab1aa7

Time (s): cpu = 00:00:38 ; elapsed = 00:00:28 . Memory (MB): peak = 2488.938 ; gain = 193.020
INFO: [Route 35-16] Router Completed Successfully
Ending Routing Task | Checksum: 200ab1aa7

Time (s): cpu = 00:00:38 ; elapsed = 00:00:28 . Memory (MB): peak = 2488.938 ; gain = 193.020

Routing Is Done.
INFO: [Common 17-83] Releasing license: Implementation
116 Infos, 13 Warnings, 0 Critical Warnings and 0 Errors encountered.
route_design completed successfully
route_design: Time (s): cpu = 00:00:41 ; elapsed = 00:00:29 . Memory (MB): peak = 2488.938 ; gain = 193.020
INFO: [Vivado 12-24828] Executing command : report_drc -file SPW_ZynqSetup_wrapper_drc_routed.rpt -pb SPW_ZynqSetup_wrapper_drc_routed.pb -rpx SPW_ZynqSetup_wrapper_drc_routed.rpx
Command: report_drc -file SPW_ZynqSetup_wrapper_drc_routed.rpt -pb SPW_ZynqSetup_wrapper_drc_routed.pb -rpx SPW_ZynqSetup_wrapper_drc_routed.rpx
INFO: [IP_Flow 19-1839] IP Catalog is up to date.
INFO: [DRC 23-27] Running DRC with 2 threads
INFO: [Vivado_Tcl 2-168] The results of DRC are in file F:/Xilinx/ZynqProjects/SpaceWire_IPs/SpaceWire_light_AXI/edit_SpaceWire_light_AXI_v0_2.runs/impl_3_Standard/SPW_ZynqSetup_wrapper_drc_routed.rpt.
report_drc completed successfully
INFO: [Vivado 12-24828] Executing command : report_methodology -file SPW_ZynqSetup_wrapper_methodology_drc_routed.rpt -pb SPW_ZynqSetup_wrapper_methodology_drc_routed.pb -rpx SPW_ZynqSetup_wrapper_methodology_drc_routed.rpx
Command: report_methodology -file SPW_ZynqSetup_wrapper_methodology_drc_routed.rpt -pb SPW_ZynqSetup_wrapper_methodology_drc_routed.pb -rpx SPW_ZynqSetup_wrapper_methodology_drc_routed.rpx
WARNING: [Constraints 18-633] Creating clock virtual_rxclk with 2 sources. [F:/Xilinx/ZynqProjects/SpaceWire_IPs/SpaceWire_light_AXI/edit_SpaceWire_light_AXI_v0_2.srcs/constrs_1/new/SPW_mainclk.xdc:13]
INFO: [Timing 38-35] Done setting XDC timing constraints.
WARNING: [Timing 38-172] LUT was found on clock network. Both rising/falling clock edges are propagated from LUT output pin. Use set_clock_sense to specify if that clock should be inverted or not. e.g. set_clock_sense -positive/-negative SPW_ZynqSetup_i/SpaceWire_light_AXI_0/U0/SPW_IF/RECVFRONT_INST/FIFOMEM/reset_reg[1]_i_1/O
INFO: [DRC 23-133] Running Methodology with 2 threads
INFO: [Vivado_Tcl 2-1520] The results of Report Methodology are in file F:/Xilinx/ZynqProjects/SpaceWire_IPs/SpaceWire_light_AXI/edit_SpaceWire_light_AXI_v0_2.runs/impl_3_Standard/SPW_ZynqSetup_wrapper_methodology_drc_routed.rpt.
report_methodology completed successfully
INFO: [Vivado 12-24828] Executing command : report_timing_summary -max_paths 10 -report_unconstrained -file SPW_ZynqSetup_wrapper_timing_summary_routed.rpt -pb SPW_ZynqSetup_wrapper_timing_summary_routed.pb -rpx SPW_ZynqSetup_wrapper_timing_summary_routed.rpx -warn_on_violation 
WARNING: [Constraints 18-633] Creating clock virtual_rxclk with 2 sources. [F:/Xilinx/ZynqProjects/SpaceWire_IPs/SpaceWire_light_AXI/edit_SpaceWire_light_AXI_v0_2.srcs/constrs_1/new/SPW_mainclk.xdc:13]
INFO: [Timing 38-35] Done setting XDC timing constraints.
INFO: [Timing 38-91] UpdateTimingParams: Speed grade: -1, Delay Type: min_max.
INFO: [Timing 38-191] Multithreading enabled for timing update using a maximum of 2 CPUs
INFO: [Vivado 12-24838] Running report commands "report_incremental_reuse, report_route_status" in parallel.
Running report generation with 2 threads.
INFO: [Vivado 12-24828] Executing command : report_incremental_reuse -file SPW_ZynqSetup_wrapper_incremental_reuse_routed.rpt
INFO: [Vivado_Tcl 4-1062] Incremental flow is disabled. No incremental reuse Info to report.
INFO: [Vivado 12-24828] Executing command : report_route_status -file SPW_ZynqSetup_wrapper_route_status.rpt -pb SPW_ZynqSetup_wrapper_route_status.pb
INFO: [Vivado 12-24828] Executing command : report_power -file SPW_ZynqSetup_wrapper_power_routed.rpt -pb SPW_ZynqSetup_wrapper_power_summary_routed.pb -rpx SPW_ZynqSetup_wrapper_power_routed.rpx
Command: report_power -file SPW_ZynqSetup_wrapper_power_routed.rpt -pb SPW_ZynqSetup_wrapper_power_summary_routed.pb -rpx SPW_ZynqSetup_wrapper_power_routed.rpx
Running Vector-less Activity Propagation...

Finished Running Vector-less Activity Propagation
WARNING: [Power 33-332] Found switching activity that implies high-fanout reset nets being asserted for excessive periods of time which may result in inaccurate power analysis.
Resolution: To review and fix problems, please run Power Constraints Advisor in the GUI from Tools > Power Constraints Advisor or run report_power with the -advisory option to generate a text report.
133 Infos, 17 Warnings, 0 Critical Warnings and 0 Errors encountered.
report_power completed successfully
INFO: [Vivado 12-24828] Executing command : report_clock_utilization -file SPW_ZynqSetup_wrapper_clock_utilization_routed.rpt
WARNING: [Device 21-9320] Failed to find the Oracle tile group with name 'HSR_BOUNDARY_TOP'. This is required for Clock regions and Virtual grid.
WARNING: [Device 21-2174] Failed to initialize Virtual grid.
INFO: [Vivado 12-24828] Executing command : report_bus_skew -warn_on_violation -file SPW_ZynqSetup_wrapper_bus_skew_routed.rpt -pb SPW_ZynqSetup_wrapper_bus_skew_routed.pb -rpx SPW_ZynqSetup_wrapper_bus_skew_routed.rpx
INFO: [Timing 38-91] UpdateTimingParams: Speed grade: -1, Delay Type: min_max.
INFO: [Timing 38-191] Multithreading enabled for timing update using a maximum of 2 CPUs
generate_parallel_reports: Time (s): cpu = 00:00:12 ; elapsed = 00:00:08 . Memory (MB): peak = 2488.938 ; gain = 0.000
INFO: [Timing 38-480] Writing timing data to binary archive.
Write ShapeDB Complete: Time (s): cpu = 00:00:01 ; elapsed = 00:00:00.027 . Memory (MB): peak = 2488.938 ; gain = 0.000
Wrote PlaceDB: Time (s): cpu = 00:00:02 ; elapsed = 00:00:00.500 . Memory (MB): peak = 2488.938 ; gain = 0.000
Wrote PulsedLatchDB: Time (s): cpu = 00:00:00 ; elapsed = 00:00:00 . Memory (MB): peak = 2488.938 ; gain = 0.000
Writing XDEF routing.
Writing XDEF routing logical nets.
Writing XDEF routing special nets.
Wrote RouteStorage: Time (s): cpu = 00:00:00 ; elapsed = 00:00:00.085 . Memory (MB): peak = 2488.938 ; gain = 0.000
Wrote Netlist Cache: Time (s): cpu = 00:00:00 ; elapsed = 00:00:00.009 . Memory (MB): peak = 2488.938 ; gain = 0.000
Wrote Device Cache: Time (s): cpu = 00:00:00 ; elapsed = 00:00:00.014 . Memory (MB): peak = 2488.938 ; gain = 0.000
Write Physdb Complete: Time (s): cpu = 00:00:02 ; elapsed = 00:00:00.617 . Memory (MB): peak = 2488.938 ; gain = 0.000
INFO: [Common 17-1381] The checkpoint 'F:/Xilinx/ZynqProjects/SpaceWire_IPs/SpaceWire_light_AXI/edit_SpaceWire_light_AXI_v0_2.runs/impl_3_Standard/SPW_ZynqSetup_wrapper_routed.dcp' has been generated.
INFO: [Common 17-206] Exiting Vivado at Tue Oct  8 20:13:15 2024...
