
*** Running vivado
    with args -log SpaceWire_light_AXI.vdi -applog -m64 -product Vivado -messageDb vivado.pb -mode batch -source SpaceWire_light_AXI.tcl -notrace



****** Vivado v2024.1 (64-bit)
  **** SW Build 5076996 on Wed May 22 18:37:14 MDT 2024
  **** IP Build 5075265 on Wed May 22 21:45:21 MDT 2024
  **** SharedData Build 5076995 on Wed May 22 18:29:18 MDT 2024
  **** Start of session at: Tue Aug 20 22:03:58 2024
    ** Copyright 1986-2022 Xilinx, Inc. All Rights Reserved.
    ** Copyright 2022-2024 Advanced Micro Devices, Inc. All Rights Reserved.

source SpaceWire_light_AXI.tcl -notrace
create_project: Time (s): cpu = 00:00:07 ; elapsed = 00:00:07 . Memory (MB): peak = 576.516 ; gain = 236.516
INFO: [IP_Flow 19-234] Refreshing IP repositories
INFO: [IP_Flow 19-1700] Loaded user IP repository 'f:/Xilinx/ZynqProjects/SpaceWire_IPs/SpaceWire_light_AXI_0_1'.
INFO: [IP_Flow 19-2313] Loaded Vivado IP repository 'F:/Xilinx/Vivado/2024.1/data/ip'.
Command: link_design -top SpaceWire_light_AXI -part xc7z020clg484-1
Design is defaulting to srcset: sources_1
Design is defaulting to constrset: constrs_1
INFO: [Device 21-403] Loading part xc7z020clg484-1
INFO: [Device 21-9227] Part: xc7z020clg484-1 does not have CEAM library.
Netlist sorting complete. Time (s): cpu = 00:00:00 ; elapsed = 00:00:00.001 . Memory (MB): peak = 1015.934 ; gain = 0.000
INFO: [Project 1-479] Netlist was created with Vivado 2024.1
INFO: [Project 1-570] Preparing netlist for logic optimization
Read ShapeDB Complete: Time (s): cpu = 00:00:00 ; elapsed = 00:00:00.002 . Memory (MB): peak = 1107.848 ; gain = 0.074
Netlist sorting complete. Time (s): cpu = 00:00:00 ; elapsed = 00:00:00 . Memory (MB): peak = 1108.480 ; gain = 0.000
INFO: [Project 1-111] Unisim Transformation Summary:
No Unisim elements were transformed.

8 Infos, 0 Warnings, 0 Critical Warnings and 0 Errors encountered.
link_design completed successfully
link_design: Time (s): cpu = 00:00:05 ; elapsed = 00:00:06 . Memory (MB): peak = 1137.371 ; gain = 556.898
Command: opt_design
Attempting to get a license for feature 'Implementation' and/or device 'xc7z020'
INFO: [Common 17-349] Got license for feature 'Implementation' and/or device 'xc7z020'
Running DRC as a precondition to command opt_design

Starting DRC Task
INFO: [DRC 23-27] Running DRC with 2 threads
INFO: [Project 1-461] DRC finished with 0 Errors
INFO: [Project 1-462] Please refer to the DRC report (report_drc) for more information.

Time (s): cpu = 00:00:02 ; elapsed = 00:00:01 . Memory (MB): peak = 1166.863 ; gain = 29.492

Starting Cache Timing Information Task
INFO: [Timing 38-35] Done setting XDC timing constraints.
Ending Cache Timing Information Task | Checksum: 514bdb39

Time (s): cpu = 00:00:06 ; elapsed = 00:00:07 . Memory (MB): peak = 1703.836 ; gain = 536.973

Starting Logic Optimization Task

Phase 1 Initialization

Phase 1.1 Core Generation And Design Setup
Phase 1.1 Core Generation And Design Setup | Checksum: 514bdb39

Time (s): cpu = 00:00:00 ; elapsed = 00:00:00 . Memory (MB): peak = 2084.848 ; gain = 0.000

Phase 1.2 Setup Constraints And Sort Netlist
Phase 1.2 Setup Constraints And Sort Netlist | Checksum: 514bdb39

Time (s): cpu = 00:00:00 ; elapsed = 00:00:00.001 . Memory (MB): peak = 2084.848 ; gain = 0.000
Phase 1 Initialization | Checksum: 514bdb39

Time (s): cpu = 00:00:00 ; elapsed = 00:00:00.001 . Memory (MB): peak = 2084.848 ; gain = 0.000

Phase 2 Timer Update And Timing Data Collection

Phase 2.1 Timer Update
Phase 2.1 Timer Update | Checksum: 514bdb39

Time (s): cpu = 00:00:00 ; elapsed = 00:00:00.003 . Memory (MB): peak = 2084.848 ; gain = 0.000

Phase 2.2 Timing Data Collection
Phase 2.2 Timing Data Collection | Checksum: 514bdb39

Time (s): cpu = 00:00:00 ; elapsed = 00:00:00.008 . Memory (MB): peak = 2084.848 ; gain = 0.000
Phase 2 Timer Update And Timing Data Collection | Checksum: 514bdb39

Time (s): cpu = 00:00:00 ; elapsed = 00:00:00.008 . Memory (MB): peak = 2084.848 ; gain = 0.000

Phase 3 Retarget
INFO: [Opt 31-1834] Total Chains To Be Transformed Were: 0 AND Number of Transformed insts Created are: 0
INFO: [Opt 31-138] Pushed 0 inverter(s) to 0 load pin(s).
INFO: [Opt 31-49] Retargeted 0 cell(s).
Phase 3 Retarget | Checksum: 514bdb39

Time (s): cpu = 00:00:00 ; elapsed = 00:00:00.038 . Memory (MB): peak = 2084.848 ; gain = 0.000
Retarget | Checksum: 514bdb39
INFO: [Opt 31-389] Phase Retarget created 0 cells and removed 0 cells

Phase 4 Constant propagation
INFO: [Opt 31-138] Pushed 0 inverter(s) to 0 load pin(s).
Phase 4 Constant propagation | Checksum: 514bdb39

Time (s): cpu = 00:00:00 ; elapsed = 00:00:00.039 . Memory (MB): peak = 2084.848 ; gain = 0.000
Constant propagation | Checksum: 514bdb39
INFO: [Opt 31-389] Phase Constant propagation created 0 cells and removed 0 cells

Phase 5 Sweep
Phase 5 Sweep | Checksum: 514bdb39

Time (s): cpu = 00:00:00 ; elapsed = 00:00:00.040 . Memory (MB): peak = 2084.848 ; gain = 0.000
Sweep | Checksum: 514bdb39
INFO: [Opt 31-389] Phase Sweep created 0 cells and removed 0 cells

Phase 6 BUFG optimization
Phase 6 BUFG optimization | Checksum: 514bdb39

Time (s): cpu = 00:00:00 ; elapsed = 00:00:00.080 . Memory (MB): peak = 2084.848 ; gain = 0.000
BUFG optimization | Checksum: 514bdb39
INFO: [Opt 31-662] Phase BUFG optimization created 0 cells of which 0 are BUFGs and removed 0 cells.

Phase 7 Shift Register Optimization
INFO: [Opt 31-1064] SRL Remap converted 0 SRLs to 0 registers and converted 0 registers of register chains to 0 SRLs
Phase 7 Shift Register Optimization | Checksum: 514bdb39

Time (s): cpu = 00:00:00 ; elapsed = 00:00:00.081 . Memory (MB): peak = 2084.848 ; gain = 0.000
Shift Register Optimization | Checksum: 514bdb39
INFO: [Opt 31-389] Phase Shift Register Optimization created 0 cells and removed 0 cells

Phase 8 Post Processing Netlist
Phase 8 Post Processing Netlist | Checksum: 514bdb39

Time (s): cpu = 00:00:00 ; elapsed = 00:00:00.082 . Memory (MB): peak = 2084.848 ; gain = 0.000
Post Processing Netlist | Checksum: 514bdb39
INFO: [Opt 31-389] Phase Post Processing Netlist created 0 cells and removed 0 cells

Phase 9 Finalization

Phase 9.1 Finalizing Design Cores and Updating Shapes
Phase 9.1 Finalizing Design Cores and Updating Shapes | Checksum: 514bdb39

Time (s): cpu = 00:00:00 ; elapsed = 00:00:00.083 . Memory (MB): peak = 2084.848 ; gain = 0.000

Phase 9.2 Verifying Netlist Connectivity

Starting Connectivity Check Task

Time (s): cpu = 00:00:00 ; elapsed = 00:00:00 . Memory (MB): peak = 2084.848 ; gain = 0.000
Phase 9.2 Verifying Netlist Connectivity | Checksum: 514bdb39

Time (s): cpu = 00:00:00 ; elapsed = 00:00:00.083 . Memory (MB): peak = 2084.848 ; gain = 0.000
Phase 9 Finalization | Checksum: 514bdb39

Time (s): cpu = 00:00:00 ; elapsed = 00:00:00.083 . Memory (MB): peak = 2084.848 ; gain = 0.000
Opt_design Change Summary
=========================


-------------------------------------------------------------------------------------------------------------------------
|  Phase                        |  #Cells created  |  #Cells Removed  |  #Constrained objects preventing optimizations  |
-------------------------------------------------------------------------------------------------------------------------
|  Retarget                     |               0  |               0  |                                              0  |
|  Constant propagation         |               0  |               0  |                                              0  |
|  Sweep                        |               0  |               0  |                                              0  |
|  BUFG optimization            |               0  |               0  |                                              0  |
|  Shift Register Optimization  |               0  |               0  |                                              0  |
|  Post Processing Netlist      |               0  |               0  |                                              0  |
-------------------------------------------------------------------------------------------------------------------------


Ending Logic Optimization Task | Checksum: 514bdb39

Time (s): cpu = 00:00:00 ; elapsed = 00:00:00.084 . Memory (MB): peak = 2084.848 ; gain = 0.000

Starting Power Optimization Task
INFO: [Pwropt 34-132] Skipping clock gating for clocks with a period < 2.00 ns.
Ending Power Optimization Task | Checksum: 514bdb39

Time (s): cpu = 00:00:00 ; elapsed = 00:00:00.006 . Memory (MB): peak = 2084.848 ; gain = 0.000

Starting Final Cleanup Task
Ending Final Cleanup Task | Checksum: 514bdb39

Time (s): cpu = 00:00:00 ; elapsed = 00:00:00 . Memory (MB): peak = 2084.848 ; gain = 0.000

Starting Netlist Obfuscation Task
Netlist sorting complete. Time (s): cpu = 00:00:00 ; elapsed = 00:00:00 . Memory (MB): peak = 2084.848 ; gain = 0.000
Ending Netlist Obfuscation Task | Checksum: 514bdb39

Time (s): cpu = 00:00:00 ; elapsed = 00:00:00 . Memory (MB): peak = 2084.848 ; gain = 0.000
INFO: [Common 17-83] Releasing license: Implementation
26 Infos, 0 Warnings, 0 Critical Warnings and 0 Errors encountered.
opt_design completed successfully
opt_design: Time (s): cpu = 00:00:11 ; elapsed = 00:00:11 . Memory (MB): peak = 2084.848 ; gain = 947.477
INFO: [Vivado 12-24828] Executing command : report_drc -file SpaceWire_light_AXI_drc_opted.rpt -pb SpaceWire_light_AXI_drc_opted.pb -rpx SpaceWire_light_AXI_drc_opted.rpx
Command: report_drc -file SpaceWire_light_AXI_drc_opted.rpt -pb SpaceWire_light_AXI_drc_opted.pb -rpx SpaceWire_light_AXI_drc_opted.rpx
INFO: [IP_Flow 19-1839] IP Catalog is up to date.
INFO: [DRC 23-27] Running DRC with 2 threads
INFO: [Vivado_Tcl 2-168] The results of DRC are in file F:/Xilinx/ZynqProjects/SpaceWire_IPs/edit_SpaceWire_light_AXI_v0_1.runs/impl_1/SpaceWire_light_AXI_drc_opted.rpt.
report_drc completed successfully
Write ShapeDB Complete: Time (s): cpu = 00:00:00 ; elapsed = 00:00:00.001 . Memory (MB): peak = 2084.848 ; gain = 0.000
INFO: [Common 17-1381] The checkpoint 'F:/Xilinx/ZynqProjects/SpaceWire_IPs/edit_SpaceWire_light_AXI_v0_1.runs/impl_1/SpaceWire_light_AXI_opt.dcp' has been generated.
Command: place_design
Attempting to get a license for feature 'Implementation' and/or device 'xc7z020'
INFO: [Common 17-349] Got license for feature 'Implementation' and/or device 'xc7z020'
INFO: [Common 17-83] Releasing license: Implementation
INFO: [DRC 23-27] Running DRC with 2 threads
INFO: [Vivado_Tcl 4-198] DRC finished with 0 Errors
INFO: [Vivado_Tcl 4-199] Please refer to the DRC report (report_drc) for more information.
Running DRC as a precondition to command place_design
INFO: [DRC 23-27] Running DRC with 2 threads
INFO: [Vivado_Tcl 4-198] DRC finished with 0 Errors
INFO: [Vivado_Tcl 4-199] Please refer to the DRC report (report_drc) for more information.
INFO: [Place 30-611] Multithreading enabled for place_design using a maximum of 2 CPUs

Starting Placer Task

Phase 1 Placer Initialization

Phase 1.1 Placer Initialization Netlist Sorting
Netlist sorting complete. Time (s): cpu = 00:00:00 ; elapsed = 00:00:00 . Memory (MB): peak = 2084.848 ; gain = 0.000
Phase 1.1 Placer Initialization Netlist Sorting | Checksum: 3674eee3

Time (s): cpu = 00:00:00 ; elapsed = 00:00:00.001 . Memory (MB): peak = 2084.848 ; gain = 0.000
Netlist sorting complete. Time (s): cpu = 00:00:00 ; elapsed = 00:00:00 . Memory (MB): peak = 2084.848 ; gain = 0.000

Phase 1.2 IO Placement/ Clock Placement/ Build Placer Device
INFO: [Timing 38-35] Done setting XDC timing constraints.
Phase 1.2 IO Placement/ Clock Placement/ Build Placer Device | Checksum: 146301a54

Time (s): cpu = 00:00:00 ; elapsed = 00:00:00.600 . Memory (MB): peak = 2084.848 ; gain = 0.000

Phase 1.3 Build Placer Netlist Model
Phase 1.3 Build Placer Netlist Model | Checksum: 21096dbab

Time (s): cpu = 00:00:00 ; elapsed = 00:00:00.625 . Memory (MB): peak = 2084.848 ; gain = 0.000

Phase 1.4 Constrain Clocks/Macros
Phase 1.4 Constrain Clocks/Macros | Checksum: 21096dbab

Time (s): cpu = 00:00:00 ; elapsed = 00:00:00.627 . Memory (MB): peak = 2084.848 ; gain = 0.000
Phase 1 Placer Initialization | Checksum: 21096dbab

Time (s): cpu = 00:00:00 ; elapsed = 00:00:00.629 . Memory (MB): peak = 2084.848 ; gain = 0.000

Phase 2 Global Placement

Phase 2.1 Floorplanning
Phase 2.1 Floorplanning | Checksum: 21096dbab

Time (s): cpu = 00:00:00 ; elapsed = 00:00:00.631 . Memory (MB): peak = 2084.848 ; gain = 0.000

Phase 2.2 Update Timing before SLR Path Opt
Phase 2.2 Update Timing before SLR Path Opt | Checksum: 21096dbab

Time (s): cpu = 00:00:00 ; elapsed = 00:00:00.631 . Memory (MB): peak = 2084.848 ; gain = 0.000

Phase 2.3 Post-Processing in Floorplanning
Phase 2.3 Post-Processing in Floorplanning | Checksum: 21096dbab

Time (s): cpu = 00:00:00 ; elapsed = 00:00:00.632 . Memory (MB): peak = 2084.848 ; gain = 0.000

Phase 2.4 Global Placement Core
WARNING: [Place 46-29] Timing had been disabled during Placer and, therefore, physical synthesis in Placer will be skipped.
Phase 2.4 Global Placement Core | Checksum: 171ee4b05

Time (s): cpu = 00:00:01 ; elapsed = 00:00:00.962 . Memory (MB): peak = 2084.848 ; gain = 0.000
Phase 2 Global Placement | Checksum: 171ee4b05

Time (s): cpu = 00:00:01 ; elapsed = 00:00:00.965 . Memory (MB): peak = 2084.848 ; gain = 0.000

Phase 3 Detail Placement

Phase 3.1 Commit Multi Column Macros
Phase 3.1 Commit Multi Column Macros | Checksum: 171ee4b05

Time (s): cpu = 00:00:01 ; elapsed = 00:00:00.967 . Memory (MB): peak = 2084.848 ; gain = 0.000

Phase 3.2 Commit Most Macros & LUTRAMs
Phase 3.2 Commit Most Macros & LUTRAMs | Checksum: 16b56d784

Time (s): cpu = 00:00:01 ; elapsed = 00:00:00.970 . Memory (MB): peak = 2084.848 ; gain = 0.000

Phase 3.3 Area Swap Optimization
Phase 3.3 Area Swap Optimization | Checksum: 158f19162

Time (s): cpu = 00:00:01 ; elapsed = 00:00:00.980 . Memory (MB): peak = 2084.848 ; gain = 0.000

Phase 3.4 Pipeline Register Optimization
Phase 3.4 Pipeline Register Optimization | Checksum: 158f19162

Time (s): cpu = 00:00:01 ; elapsed = 00:00:00.981 . Memory (MB): peak = 2084.848 ; gain = 0.000

Phase 3.5 Small Shape Detail Placement
Phase 3.5 Small Shape Detail Placement | Checksum: 1c534f610

Time (s): cpu = 00:00:01 ; elapsed = 00:00:01 . Memory (MB): peak = 2084.848 ; gain = 0.000

Phase 3.6 Re-assign LUT pins
Phase 3.6 Re-assign LUT pins | Checksum: 1c534f610

Time (s): cpu = 00:00:01 ; elapsed = 00:00:01 . Memory (MB): peak = 2084.848 ; gain = 0.000

Phase 3.7 Pipeline Register Optimization
Phase 3.7 Pipeline Register Optimization | Checksum: 1c534f610

Time (s): cpu = 00:00:01 ; elapsed = 00:00:01 . Memory (MB): peak = 2084.848 ; gain = 0.000
Phase 3 Detail Placement | Checksum: 1c534f610

Time (s): cpu = 00:00:01 ; elapsed = 00:00:01 . Memory (MB): peak = 2084.848 ; gain = 0.000

Phase 4 Post Placement Optimization and Clean-Up

Phase 4.1 Post Commit Optimization
Phase 4.1 Post Commit Optimization | Checksum: 1c534f610

Time (s): cpu = 00:00:01 ; elapsed = 00:00:01 . Memory (MB): peak = 2084.848 ; gain = 0.000

Phase 4.2 Post Placement Cleanup
Phase 4.2 Post Placement Cleanup | Checksum: 1c534f610

Time (s): cpu = 00:00:01 ; elapsed = 00:00:01 . Memory (MB): peak = 2084.848 ; gain = 0.000

Phase 4.3 Placer Reporting

Phase 4.3.1 Print Estimated Congestion
INFO: [Place 30-612] Post-Placement Estimated Congestion 
 ____________________________________________________
|           | Global Congestion | Short Congestion  |
| Direction | Region Size       | Region Size       |
|___________|___________________|___________________|
|      North|                1x1|                1x1|
|___________|___________________|___________________|
|      South|                1x1|                1x1|
|___________|___________________|___________________|
|       East|                1x1|                1x1|
|___________|___________________|___________________|
|       West|                1x1|                1x1|
|___________|___________________|___________________|

Phase 4.3.1 Print Estimated Congestion | Checksum: 1c534f610

Time (s): cpu = 00:00:01 ; elapsed = 00:00:01 . Memory (MB): peak = 2084.848 ; gain = 0.000
Phase 4.3 Placer Reporting | Checksum: 1c534f610

Time (s): cpu = 00:00:01 ; elapsed = 00:00:01 . Memory (MB): peak = 2084.848 ; gain = 0.000

Phase 4.4 Final Placement Cleanup
Netlist sorting complete. Time (s): cpu = 00:00:00 ; elapsed = 00:00:00 . Memory (MB): peak = 2084.848 ; gain = 0.000

Time (s): cpu = 00:00:01 ; elapsed = 00:00:01 . Memory (MB): peak = 2084.848 ; gain = 0.000
Phase 4 Post Placement Optimization and Clean-Up | Checksum: 12f59b249

Time (s): cpu = 00:00:01 ; elapsed = 00:00:01 . Memory (MB): peak = 2084.848 ; gain = 0.000
Ending Placer Task | Checksum: dca89c06

Time (s): cpu = 00:00:01 ; elapsed = 00:00:01 . Memory (MB): peak = 2084.848 ; gain = 0.000
42 Infos, 1 Warnings, 0 Critical Warnings and 0 Errors encountered.
place_design completed successfully
INFO: [Vivado 12-24838] Running report commands "report_control_sets, report_io, report_utilization" in parallel.
Running report generation with 2 threads.
INFO: [Vivado 12-24828] Executing command : report_utilization -file SpaceWire_light_AXI_utilization_placed.rpt -pb SpaceWire_light_AXI_utilization_placed.pb
INFO: [Vivado 12-24828] Executing command : report_control_sets -verbose -file SpaceWire_light_AXI_control_sets_placed.rpt
report_control_sets: Time (s): cpu = 00:00:00 ; elapsed = 00:00:00.001 . Memory (MB): peak = 2084.848 ; gain = 0.000
INFO: [Vivado 12-24828] Executing command : report_io -file SpaceWire_light_AXI_io_placed.rpt
report_io: Time (s): cpu = 00:00:01 ; elapsed = 00:00:00.081 . Memory (MB): peak = 2084.848 ; gain = 0.000
Write ShapeDB Complete: Time (s): cpu = 00:00:00 ; elapsed = 00:00:00.001 . Memory (MB): peak = 2084.848 ; gain = 0.000
Wrote PlaceDB: Time (s): cpu = 00:00:00 ; elapsed = 00:00:00.005 . Memory (MB): peak = 2084.848 ; gain = 0.000
Wrote PulsedLatchDB: Time (s): cpu = 00:00:00 ; elapsed = 00:00:00 . Memory (MB): peak = 2084.848 ; gain = 0.000
Writing XDEF routing.
Writing XDEF routing logical nets.
Writing XDEF routing special nets.
Wrote RouteStorage: Time (s): cpu = 00:00:00 ; elapsed = 00:00:00.121 . Memory (MB): peak = 2084.848 ; gain = 0.000
Wrote Netlist Cache: Time (s): cpu = 00:00:00 ; elapsed = 00:00:00.001 . Memory (MB): peak = 2084.848 ; gain = 0.000
Wrote Device Cache: Time (s): cpu = 00:00:00 ; elapsed = 00:00:00.011 . Memory (MB): peak = 2084.848 ; gain = 0.000
Write Physdb Complete: Time (s): cpu = 00:00:00 ; elapsed = 00:00:00.143 . Memory (MB): peak = 2084.848 ; gain = 0.000
INFO: [Common 17-1381] The checkpoint 'F:/Xilinx/ZynqProjects/SpaceWire_IPs/edit_SpaceWire_light_AXI_v0_1.runs/impl_1/SpaceWire_light_AXI_placed.dcp' has been generated.
Command: phys_opt_design
Attempting to get a license for feature 'Implementation' and/or device 'xc7z020'
INFO: [Common 17-349] Got license for feature 'Implementation' and/or device 'xc7z020'

Starting Initial Update Timing Task

Time (s): cpu = 00:00:00 ; elapsed = 00:00:00.008 . Memory (MB): peak = 2084.848 ; gain = 0.000
INFO: [Vivado_Tcl 4-235] No timing constraint found. The netlist was not modified.
INFO: [Common 17-83] Releasing license: Implementation
50 Infos, 1 Warnings, 0 Critical Warnings and 0 Errors encountered.
phys_opt_design completed successfully
Write ShapeDB Complete: Time (s): cpu = 00:00:00 ; elapsed = 00:00:00.001 . Memory (MB): peak = 2101.871 ; gain = 0.000
Wrote PlaceDB: Time (s): cpu = 00:00:00 ; elapsed = 00:00:00.005 . Memory (MB): peak = 2101.871 ; gain = 0.000
Wrote PulsedLatchDB: Time (s): cpu = 00:00:00 ; elapsed = 00:00:00 . Memory (MB): peak = 2101.871 ; gain = 0.000
Writing XDEF routing.
Writing XDEF routing logical nets.
Writing XDEF routing special nets.
Wrote RouteStorage: Time (s): cpu = 00:00:00 ; elapsed = 00:00:00.027 . Memory (MB): peak = 2101.871 ; gain = 0.000
Wrote Netlist Cache: Time (s): cpu = 00:00:00 ; elapsed = 00:00:00.001 . Memory (MB): peak = 2101.871 ; gain = 0.000
Wrote Device Cache: Time (s): cpu = 00:00:00 ; elapsed = 00:00:00.011 . Memory (MB): peak = 2101.871 ; gain = 0.000
Write Physdb Complete: Time (s): cpu = 00:00:00 ; elapsed = 00:00:00.049 . Memory (MB): peak = 2101.871 ; gain = 0.000
INFO: [Common 17-1381] The checkpoint 'F:/Xilinx/ZynqProjects/SpaceWire_IPs/edit_SpaceWire_light_AXI_v0_1.runs/impl_1/SpaceWire_light_AXI_physopt.dcp' has been generated.
Command: route_design
Attempting to get a license for feature 'Implementation' and/or device 'xc7z020'
INFO: [Common 17-349] Got license for feature 'Implementation' and/or device 'xc7z020'
Running DRC as a precondition to command route_design
INFO: [DRC 23-27] Running DRC with 2 threads
INFO: [Vivado_Tcl 4-198] DRC finished with 0 Errors
INFO: [Vivado_Tcl 4-199] Please refer to the DRC report (report_drc) for more information.


Starting Routing Task
INFO: [Route 35-254] Multithreading enabled for route_design using a maximum of 8 CPUs

Phase 1 Build RT Design
Checksum: PlaceDB: c426d72b ConstDB: 0 ShapeSum: 28851eb RouteDB: 15f972f0
Post Restoration Checksum: NetGraph: 8f13b771 | NumContArr: 9dc6e11f | Constraints: c2a8fa9d | Timing: c2a8fa9d
Phase 1 Build RT Design | Checksum: 2b22c8dca

Time (s): cpu = 00:00:26 ; elapsed = 00:00:23 . Memory (MB): peak = 2193.336 ; gain = 79.957

Phase 2 Router Initialization
INFO: [Route 35-64] No timing constraints were detected. The router will operate in resource-optimization mode.

Phase 2.1 Fix Topology Constraints
Phase 2.1 Fix Topology Constraints | Checksum: 2b22c8dca

Time (s): cpu = 00:00:26 ; elapsed = 00:00:23 . Memory (MB): peak = 2225.188 ; gain = 111.809

Phase 2.2 Pre Route Cleanup
Phase 2.2 Pre Route Cleanup | Checksum: 2b22c8dca

Time (s): cpu = 00:00:26 ; elapsed = 00:00:23 . Memory (MB): peak = 2225.188 ; gain = 111.809
 Number of Nodes with overlaps = 0

Router Utilization Summary
  Global Vertical Routing Utilization    = 0 %
  Global Horizontal Routing Utilization  = 0 %
  Routable Net Status*
  *Does not include unroutable nets such as driverless and loadless.
  Run report_route_status for detailed report.
  Number of Failed Nets               = 24
    (Failed Nets is the sum of unrouted and partially routed nets)
  Number of Unrouted Nets             = 24
  Number of Partially Routed Nets     = 0
  Number of Node Overlaps             = 0

Phase 2 Router Initialization | Checksum: 25263f6dc

Time (s): cpu = 00:00:27 ; elapsed = 00:00:23 . Memory (MB): peak = 2303.957 ; gain = 190.578

Phase 3 Global Routing
Phase 3 Global Routing | Checksum: 25263f6dc

Time (s): cpu = 00:00:27 ; elapsed = 00:00:23 . Memory (MB): peak = 2303.957 ; gain = 190.578

Phase 4 Initial Routing

Phase 4.1 Initial Net Routing Pass
Phase 4.1 Initial Net Routing Pass | Checksum: 2d3af6539

Time (s): cpu = 00:00:27 ; elapsed = 00:00:23 . Memory (MB): peak = 2303.957 ; gain = 190.578
Phase 4 Initial Routing | Checksum: 2d3af6539

Time (s): cpu = 00:00:27 ; elapsed = 00:00:23 . Memory (MB): peak = 2303.957 ; gain = 190.578

Phase 5 Rip-up And Reroute

Phase 5.1 Global Iteration 0
 Number of Nodes with overlaps = 1
 Number of Nodes with overlaps = 0
Phase 5.1 Global Iteration 0 | Checksum: 3025611a9

Time (s): cpu = 00:00:27 ; elapsed = 00:00:23 . Memory (MB): peak = 2303.957 ; gain = 190.578
Phase 5 Rip-up And Reroute | Checksum: 3025611a9

Time (s): cpu = 00:00:27 ; elapsed = 00:00:23 . Memory (MB): peak = 2303.957 ; gain = 190.578

Phase 6 Delay and Skew Optimization
Phase 6 Delay and Skew Optimization | Checksum: 3025611a9

Time (s): cpu = 00:00:27 ; elapsed = 00:00:23 . Memory (MB): peak = 2303.957 ; gain = 190.578

Phase 7 Post Hold Fix

Phase 7.1 Hold Fix Iter
Phase 7.1 Hold Fix Iter | Checksum: 3025611a9

Time (s): cpu = 00:00:27 ; elapsed = 00:00:23 . Memory (MB): peak = 2303.957 ; gain = 190.578
Phase 7 Post Hold Fix | Checksum: 3025611a9

Time (s): cpu = 00:00:27 ; elapsed = 00:00:23 . Memory (MB): peak = 2303.957 ; gain = 190.578

Phase 8 Route finalize

Router Utilization Summary
  Global Vertical Routing Utilization    = 0.00393497 %
  Global Horizontal Routing Utilization  = 0.00321163 %
  Routable Net Status*
  *Does not include unroutable nets such as driverless and loadless.
  Run report_route_status for detailed report.
  Number of Failed Nets               = 0
    (Failed Nets is the sum of unrouted and partially routed nets)
  Number of Unrouted Nets             = 0
  Number of Partially Routed Nets     = 0
  Number of Node Overlaps             = 0


--GLOBAL Congestion:
Utilization threshold used for congestion level computation: 0.85
Congestion Report
North Dir 1x1 Area, Max Cong = 14.4144%, No Congested Regions.
South Dir 1x1 Area, Max Cong = 3.6036%, No Congested Regions.
East Dir 1x1 Area, Max Cong = 2.94118%, No Congested Regions.
West Dir 1x1 Area, Max Cong = 4.41176%, No Congested Regions.

------------------------------
Reporting congestion hotspots
------------------------------
Direction: North
----------------
Congested clusters found at Level 0
Effective congestion level: 0 Aspect Ratio: 1 Sparse Ratio: 0
Direction: South
----------------
Congested clusters found at Level 0
Effective congestion level: 0 Aspect Ratio: 1 Sparse Ratio: 0
Direction: East
----------------
Congested clusters found at Level 0
Effective congestion level: 0 Aspect Ratio: 1 Sparse Ratio: 0
Direction: West
----------------
Congested clusters found at Level 0
Effective congestion level: 0 Aspect Ratio: 1 Sparse Ratio: 0

Phase 8 Route finalize | Checksum: 3025611a9

Time (s): cpu = 00:00:27 ; elapsed = 00:00:23 . Memory (MB): peak = 2303.957 ; gain = 190.578

Phase 9 Verifying routed nets

 Verification completed successfully
Phase 9 Verifying routed nets | Checksum: 3025611a9

Time (s): cpu = 00:00:27 ; elapsed = 00:00:23 . Memory (MB): peak = 2303.957 ; gain = 190.578

Phase 10 Depositing Routes
Phase 10 Depositing Routes | Checksum: 34111f093

Time (s): cpu = 00:00:27 ; elapsed = 00:00:23 . Memory (MB): peak = 2303.957 ; gain = 190.578

Phase 11 Post Process Routing
Phase 11 Post Process Routing | Checksum: 34111f093

Time (s): cpu = 00:00:27 ; elapsed = 00:00:23 . Memory (MB): peak = 2303.957 ; gain = 190.578
Total Elapsed time in route_design: 23.417 secs

Phase 12 Post-Route Event Processing
Phase 12 Post-Route Event Processing | Checksum: 4af9c2a8

Time (s): cpu = 00:00:27 ; elapsed = 00:00:23 . Memory (MB): peak = 2303.957 ; gain = 190.578
INFO: [Route 35-16] Router Completed Successfully
Ending Routing Task | Checksum: 4af9c2a8

Time (s): cpu = 00:00:27 ; elapsed = 00:00:23 . Memory (MB): peak = 2303.957 ; gain = 190.578

Routing Is Done.
INFO: [Common 17-83] Releasing license: Implementation
59 Infos, 1 Warnings, 0 Critical Warnings and 0 Errors encountered.
route_design completed successfully
route_design: Time (s): cpu = 00:00:28 ; elapsed = 00:00:24 . Memory (MB): peak = 2303.957 ; gain = 202.086
INFO: [Vivado 12-24828] Executing command : report_drc -file SpaceWire_light_AXI_drc_routed.rpt -pb SpaceWire_light_AXI_drc_routed.pb -rpx SpaceWire_light_AXI_drc_routed.rpx
Command: report_drc -file SpaceWire_light_AXI_drc_routed.rpt -pb SpaceWire_light_AXI_drc_routed.pb -rpx SpaceWire_light_AXI_drc_routed.rpx
INFO: [IP_Flow 19-1839] IP Catalog is up to date.
INFO: [DRC 23-27] Running DRC with 2 threads
INFO: [Vivado_Tcl 2-168] The results of DRC are in file F:/Xilinx/ZynqProjects/SpaceWire_IPs/edit_SpaceWire_light_AXI_v0_1.runs/impl_1/SpaceWire_light_AXI_drc_routed.rpt.
report_drc completed successfully
INFO: [Vivado 12-24828] Executing command : report_methodology -file SpaceWire_light_AXI_methodology_drc_routed.rpt -pb SpaceWire_light_AXI_methodology_drc_routed.pb -rpx SpaceWire_light_AXI_methodology_drc_routed.rpx
Command: report_methodology -file SpaceWire_light_AXI_methodology_drc_routed.rpt -pb SpaceWire_light_AXI_methodology_drc_routed.pb -rpx SpaceWire_light_AXI_methodology_drc_routed.rpx
INFO: [Timing 38-35] Done setting XDC timing constraints.
INFO: [DRC 23-133] Running Methodology with 2 threads
INFO: [Vivado_Tcl 2-1520] The results of Report Methodology are in file F:/Xilinx/ZynqProjects/SpaceWire_IPs/edit_SpaceWire_light_AXI_v0_1.runs/impl_1/SpaceWire_light_AXI_methodology_drc_routed.rpt.
report_methodology completed successfully
INFO: [Vivado 12-24828] Executing command : report_timing_summary -max_paths 10 -report_unconstrained -file SpaceWire_light_AXI_timing_summary_routed.rpt -pb SpaceWire_light_AXI_timing_summary_routed.pb -rpx SpaceWire_light_AXI_timing_summary_routed.rpx -warn_on_violation 
INFO: [Timing 38-35] Done setting XDC timing constraints.
INFO: [Timing 38-91] UpdateTimingParams: Speed grade: -1, Delay Type: min_max.
INFO: [Timing 38-191] Multithreading enabled for timing update using a maximum of 2 CPUs
WARNING: [Timing 38-313] There are no user specified timing constraints. Timing constraints are needed for proper timing analysis.
INFO: [Vivado 12-24838] Running report commands "report_incremental_reuse, report_route_status" in parallel.
Running report generation with 2 threads.
INFO: [Vivado 12-24828] Executing command : report_route_status -file SpaceWire_light_AXI_route_status.rpt -pb SpaceWire_light_AXI_route_status.pb
INFO: [Vivado 12-24828] Executing command : report_incremental_reuse -file SpaceWire_light_AXI_incremental_reuse_routed.rpt
INFO: [Vivado_Tcl 4-1062] Incremental flow is disabled. No incremental reuse Info to report.
INFO: [Vivado 12-24828] Executing command : report_power -file SpaceWire_light_AXI_power_routed.rpt -pb SpaceWire_light_AXI_power_summary_routed.pb -rpx SpaceWire_light_AXI_power_routed.rpx
Command: report_power -file SpaceWire_light_AXI_power_routed.rpt -pb SpaceWire_light_AXI_power_summary_routed.pb -rpx SpaceWire_light_AXI_power_routed.rpx
WARNING: [Power 33-232] No user defined clocks were found in the design! Power estimation will be inaccurate until this is corrected.
Resolution: Please specify clocks using create_clock/create_generated_clock for sequential elements. For pure combinatorial circuits, please specify a virtual clock, otherwise the vectorless estimation might be inaccurate
Running Vector-less Activity Propagation...

Finished Running Vector-less Activity Propagation
76 Infos, 3 Warnings, 0 Critical Warnings and 0 Errors encountered.
report_power completed successfully
INFO: [Vivado 12-24828] Executing command : report_clock_utilization -file SpaceWire_light_AXI_clock_utilization_routed.rpt
WARNING: [Device 21-9320] Failed to find the Oracle tile group with name 'HSR_BOUNDARY_TOP'. This is required for Clock regions and Virtual grid.
WARNING: [Device 21-2174] Failed to initialize Virtual grid.
INFO: [Vivado 12-24828] Executing command : report_bus_skew -warn_on_violation -file SpaceWire_light_AXI_bus_skew_routed.rpt -pb SpaceWire_light_AXI_bus_skew_routed.pb -rpx SpaceWire_light_AXI_bus_skew_routed.rpx
INFO: [Timing 38-91] UpdateTimingParams: Speed grade: -1, Delay Type: min_max.
INFO: [Timing 38-191] Multithreading enabled for timing update using a maximum of 2 CPUs
Write ShapeDB Complete: Time (s): cpu = 00:00:00 ; elapsed = 00:00:00.001 . Memory (MB): peak = 2303.957 ; gain = 0.000
Wrote PlaceDB: Time (s): cpu = 00:00:00 ; elapsed = 00:00:00.006 . Memory (MB): peak = 2303.957 ; gain = 0.000
Wrote PulsedLatchDB: Time (s): cpu = 00:00:00 ; elapsed = 00:00:00.001 . Memory (MB): peak = 2303.957 ; gain = 0.000
Writing XDEF routing.
Writing XDEF routing logical nets.
Writing XDEF routing special nets.
Wrote RouteStorage: Time (s): cpu = 00:00:00 ; elapsed = 00:00:00.027 . Memory (MB): peak = 2303.957 ; gain = 0.000
Wrote Netlist Cache: Time (s): cpu = 00:00:00 ; elapsed = 00:00:00 . Memory (MB): peak = 2303.957 ; gain = 0.000
Wrote Device Cache: Time (s): cpu = 00:00:00 ; elapsed = 00:00:00.012 . Memory (MB): peak = 2303.957 ; gain = 0.000
Write Physdb Complete: Time (s): cpu = 00:00:00 ; elapsed = 00:00:00.050 . Memory (MB): peak = 2303.957 ; gain = 0.000
INFO: [Common 17-1381] The checkpoint 'F:/Xilinx/ZynqProjects/SpaceWire_IPs/edit_SpaceWire_light_AXI_v0_1.runs/impl_1/SpaceWire_light_AXI_routed.dcp' has been generated.
INFO: [Common 17-206] Exiting Vivado at Tue Aug 20 22:04:57 2024...

*** Running vivado
    with args -log SpaceWire_light_AXI.vdi -applog -m64 -product Vivado -messageDb vivado.pb -mode batch -source SpaceWire_light_AXI.tcl -notrace



****** Vivado v2024.1 (64-bit)
  **** SW Build 5076996 on Wed May 22 18:37:14 MDT 2024
  **** IP Build 5075265 on Wed May 22 21:45:21 MDT 2024
  **** SharedData Build 5076995 on Wed May 22 18:29:18 MDT 2024
  **** Start of session at: Tue Aug 20 22:05:19 2024
    ** Copyright 1986-2022 Xilinx, Inc. All Rights Reserved.
    ** Copyright 2022-2024 Advanced Micro Devices, Inc. All Rights Reserved.

source SpaceWire_light_AXI.tcl -notrace
Command: open_checkpoint SpaceWire_light_AXI_routed.dcp
INFO: [Device 21-403] Loading part xc7z020clg484-1
INFO: [Device 21-9227] Part: xc7z020clg484-1 does not have CEAM library.
Netlist sorting complete. Time (s): cpu = 00:00:00 ; elapsed = 00:00:00.002 . Memory (MB): peak = 1007.762 ; gain = 0.000
INFO: [Project 1-479] Netlist was created with Vivado 2024.1
INFO: [Project 1-570] Preparing netlist for logic optimization
Read ShapeDB Complete: Time (s): cpu = 00:00:00 ; elapsed = 00:00:00.002 . Memory (MB): peak = 1100.027 ; gain = 0.000
INFO: [Designutils 20-5722] Start Reading Physical Databases.
Reading placement.
Read Netlist Cache: Time (s): cpu = 00:00:00 ; elapsed = 00:00:00 . Memory (MB): peak = 1125.547 ; gain = 0.000
Reading placer database...
Read Device Cache: Time (s): cpu = 00:00:00 ; elapsed = 00:00:00.015 . Memory (MB): peak = 1125.547 ; gain = 0.000
Read PlaceDB: Time (s): cpu = 00:00:00 ; elapsed = 00:00:00.004 . Memory (MB): peak = 1125.547 ; gain = 0.000
Read PulsedLatchDB: Time (s): cpu = 00:00:00 ; elapsed = 00:00:00 . Memory (MB): peak = 1125.547 ; gain = 0.000
Reading routing.
Read RouteStorage: Time (s): cpu = 00:00:00 ; elapsed = 00:00:00.120 . Memory (MB): peak = 1125.547 ; gain = 0.000
Read Physdb Files: Time (s): cpu = 00:00:00 ; elapsed = 00:00:00.148 . Memory (MB): peak = 1125.547 ; gain = 0.000
Restored from archive | CPU: 0.000000 secs | Memory: 0.000000 MB |
Finished XDEF File Restore: Time (s): cpu = 00:00:00 ; elapsed = 00:00:00.210 . Memory (MB): peak = 1125.547 ; gain = 24.848
Netlist sorting complete. Time (s): cpu = 00:00:00 ; elapsed = 00:00:00 . Memory (MB): peak = 1511.383 ; gain = 0.000
INFO: [Project 1-111] Unisim Transformation Summary:
No Unisim elements were transformed.

INFO: [Project 1-604] Checkpoint was created with Vivado v2024.1 (64-bit) build 5076996
WARNING: [Vivado 12-23575] Critical violations of the methodology design rules detected. Critical violations may contribute to timing failures or cause functional issues in hardware. Run report_methodology for more information.
open_checkpoint: Time (s): cpu = 00:00:14 ; elapsed = 00:00:15 . Memory (MB): peak = 1511.383 ; gain = 1171.887
Command: write_bitstream -force SpaceWire_light_AXI.bit
Attempting to get a license for feature 'Implementation' and/or device 'xc7z020'
INFO: [Common 17-349] Got license for feature 'Implementation' and/or device 'xc7z020'
Running DRC as a precondition to command write_bitstream
INFO: [IP_Flow 19-234] Refreshing IP repositories
INFO: [IP_Flow 19-1704] No user IP repositories specified
INFO: [IP_Flow 19-2313] Loaded Vivado IP repository 'F:/Xilinx/Vivado/2024.1/data/ip'.
INFO: [DRC 23-27] Running DRC with 2 threads
ERROR: [DRC NSTD-1] Unspecified I/O Standard: 56 out of 56 logical ports use I/O standard (IOSTANDARD) value 'DEFAULT', instead of a user assigned specific value. This may cause I/O contention or incompatibility with the board power or connectivity affecting performance, signal integrity or in extreme cases cause damage to the device or the components to which it is connected. To correct this violation, specify all I/O standards. This design will fail to generate a bitstream unless all logical ports have a user specified I/O standard value defined. To allow bitstream creation with unspecified I/O standard values (not recommended), use this command: set_property SEVERITY {Warning} [get_drc_checks NSTD-1].  NOTE: When using the Vivado Runs infrastructure (e.g. launch_runs Tcl command), add this command to a .tcl file and add that file as a pre-hook for write_bitstream step for the implementation run. Problem ports: s_axi_controlregister_bresp[1:0], s_axi_controlregister_rdata[31:0], s_axi_controlregister_rresp[1:0], irq, s_axi_controlregister_aclk, s_axi_controlregister_aresetn, s_axi_controlregister_arready, s_axi_controlregister_arvalid, s_axi_controlregister_awready, s_axi_controlregister_awvalid, s_axi_controlregister_bready, s_axi_controlregister_bvalid, s_axi_controlregister_rready, s_axi_controlregister_rvalid, s_axi_controlregister_wready... and (the first 15 of 23 listed).
ERROR: [DRC UCIO-1] Unconstrained Logical Port: 56 out of 56 logical ports have no user assigned specific location constraint (LOC). This may cause I/O contention or incompatibility with the board power or connectivity affecting performance, signal integrity or in extreme cases cause damage to the device or the components to which it is connected. To correct this violation, specify all pin locations. This design will fail to generate a bitstream unless all logical ports have a user specified site LOC constraint defined.  To allow bitstream creation with unspecified pin locations (not recommended), use this command: set_property SEVERITY {Warning} [get_drc_checks UCIO-1].  NOTE: When using the Vivado Runs infrastructure (e.g. launch_runs Tcl command), add this command to a .tcl file and add that file as a pre-hook for write_bitstream step for the implementation run.  Problem ports: s_axi_controlregister_bresp[1:0], s_axi_controlregister_rdata[31:0], s_axi_controlregister_rresp[1:0], irq, s_axi_controlregister_aclk, s_axi_controlregister_aresetn, s_axi_controlregister_arready, s_axi_controlregister_arvalid, s_axi_controlregister_awready, s_axi_controlregister_awvalid, s_axi_controlregister_bready, s_axi_controlregister_bvalid, s_axi_controlregister_rready, s_axi_controlregister_rvalid, s_axi_controlregister_wready... and (the first 15 of 23 listed).
WARNING: [DRC ZPS7-1] PS7 block required: The PS7 cell must be used in this Zynq design in order to enable correct default configuration.
INFO: [Vivado 12-3199] DRC finished with 2 Errors, 1 Warnings
INFO: [Vivado 12-3200] Please refer to the DRC report (report_drc) for more information.
ERROR: [Vivado 12-1345] Error(s) found during DRC. Bitgen not run.
INFO: [Common 17-83] Releasing license: Implementation
15 Infos, 2 Warnings, 0 Critical Warnings and 3 Errors encountered.
write_bitstream failed
ERROR: [Common 17-39] 'write_bitstream' failed due to earlier errors.

INFO: [Common 17-206] Exiting Vivado at Tue Aug 20 22:05:39 2024...
