Copyright 1986-2022 Xilinx, Inc. All Rights Reserved. Copyright 2022-2024 Advanced Micro Devices, Inc. All Rights Reserved.
-----------------------------------------------------------------------------------------------------------------------------------------------------------------------------------------------
| Tool Version : Vivado v.2024.1 (win64) Build 5076996 Wed May 22 18:37:14 MDT 2024
| Date         : Mon Aug 19 13:40:53 2024
| Host         : DESKTOP-MEH5DGT running 64-bit major release  (build 9200)
| Command      : report_methodology -file SpaceWire_light_AXI_methodology_drc_routed.rpt -pb SpaceWire_light_AXI_methodology_drc_routed.pb -rpx SpaceWire_light_AXI_methodology_drc_routed.rpx
| Design       : SpaceWire_light_AXI
| Device       : xc7z020clg484-1
| Speed File   : -1
| Design State : Fully Routed
-----------------------------------------------------------------------------------------------------------------------------------------------------------------------------------------------

Report Methodology

Table of Contents
-----------------
1. REPORT SUMMARY
2. REPORT DETAILS

1. REPORT SUMMARY
-----------------
            Netlist: netlist
          Floorplan: design_1
      Design limits: <entire design considered>
             Max violations: <unlimited>
             Violations found: 12
+-----------+------------------+-----------------------------+------------+
| Rule      | Severity         | Description                 | Violations |
+-----------+------------------+-----------------------------+------------+
| TIMING-17 | Critical Warning | Non-clocked sequential cell | 12         |
+-----------+------------------+-----------------------------+------------+

2. REPORT DETAILS
-----------------
TIMING-17#1 Critical Warning
Non-clocked sequential cell  
The clock pin SpaceWire_light_AXI_slave_lite_v0_1_S_AXI_ControlRegister_inst/FSM_onehot_state_write_reg[0]/C is not reached by a timing clock
Related violations: <none>

TIMING-17#2 Critical Warning
Non-clocked sequential cell  
The clock pin SpaceWire_light_AXI_slave_lite_v0_1_S_AXI_ControlRegister_inst/FSM_onehot_state_write_reg[1]/C is not reached by a timing clock
Related violations: <none>

TIMING-17#3 Critical Warning
Non-clocked sequential cell  
The clock pin SpaceWire_light_AXI_slave_lite_v0_1_S_AXI_ControlRegister_inst/FSM_onehot_state_write_reg[2]/C is not reached by a timing clock
Related violations: <none>

TIMING-17#4 Critical Warning
Non-clocked sequential cell  
The clock pin SpaceWire_light_AXI_slave_lite_v0_1_S_AXI_ControlRegister_inst/FSM_sequential_state_read_reg[0]/C is not reached by a timing clock
Related violations: <none>

TIMING-17#5 Critical Warning
Non-clocked sequential cell  
The clock pin SpaceWire_light_AXI_slave_lite_v0_1_S_AXI_ControlRegister_inst/FSM_sequential_state_read_reg[1]/C is not reached by a timing clock
Related violations: <none>

TIMING-17#6 Critical Warning
Non-clocked sequential cell  
The clock pin SpaceWire_light_AXI_slave_lite_v0_1_S_AXI_ControlRegister_inst/axi_arready_reg/C is not reached by a timing clock
Related violations: <none>

TIMING-17#7 Critical Warning
Non-clocked sequential cell  
The clock pin SpaceWire_light_AXI_slave_lite_v0_1_S_AXI_ControlRegister_inst/axi_awready_reg/C is not reached by a timing clock
Related violations: <none>

TIMING-17#8 Critical Warning
Non-clocked sequential cell  
The clock pin SpaceWire_light_AXI_slave_lite_v0_1_S_AXI_ControlRegister_inst/axi_bvalid_reg/C is not reached by a timing clock
Related violations: <none>

TIMING-17#9 Critical Warning
Non-clocked sequential cell  
The clock pin SpaceWire_light_AXI_slave_lite_v0_1_S_AXI_ControlRegister_inst/axi_rvalid_reg/C is not reached by a timing clock
Related violations: <none>

TIMING-17#10 Critical Warning
Non-clocked sequential cell  
The clock pin SpaceWire_light_AXI_slave_lite_v0_1_S_AXI_ControlRegister_inst/axi_wready_reg/C is not reached by a timing clock
Related violations: <none>

TIMING-17#11 Critical Warning
Non-clocked sequential cell  
The clock pin SpaceWire_light_AXI_slave_stream_v0_1_S_AXI_Stream_inst/mst_exec_state_reg/C is not reached by a timing clock
Related violations: <none>

TIMING-17#12 Critical Warning
Non-clocked sequential cell  
The clock pin SpaceWire_light_AXI_slave_stream_v0_1_S_AXI_Stream_inst/writes_done_reg/C is not reached by a timing clock
Related violations: <none>


